[2022-01-27 16:47:22,705] {taskinstance.py:1032} INFO - Dependencies all met for <TaskInstance: LocalIngestionDag.ingest manual__2022-01-27T16:47:20.316898+00:00 [queued]>
[2022-01-27 16:47:22,741] {taskinstance.py:1032} INFO - Dependencies all met for <TaskInstance: LocalIngestionDag.ingest manual__2022-01-27T16:47:20.316898+00:00 [queued]>
[2022-01-27 16:47:22,741] {taskinstance.py:1238} INFO - 
--------------------------------------------------------------------------------
[2022-01-27 16:47:22,741] {taskinstance.py:1239} INFO - Starting attempt 1 of 1
[2022-01-27 16:47:22,741] {taskinstance.py:1240} INFO - 
--------------------------------------------------------------------------------
[2022-01-27 16:47:22,774] {taskinstance.py:1259} INFO - Executing <Task(BashOperator): ingest> on 2022-01-27 16:47:20.316898+00:00
[2022-01-27 16:47:22,782] {standard_task_runner.py:52} INFO - Started process 845 to run task
[2022-01-27 16:47:22,793] {standard_task_runner.py:76} INFO - Running: ['***', 'tasks', 'run', 'LocalIngestionDag', 'ingest', 'manual__2022-01-27T16:47:20.316898+00:00', '--job-id', '26', '--raw', '--subdir', 'DAGS_FOLDER/data_ingestion_local.py', '--cfg-path', '/tmp/tmpa4g0p_in', '--error-file', '/tmp/tmp7i7kewwk']
[2022-01-27 16:47:22,794] {standard_task_runner.py:77} INFO - Job 26: Subtask ingest
[2022-01-27 16:47:22,911] {logging_mixin.py:109} INFO - Running <TaskInstance: LocalIngestionDag.ingest manual__2022-01-27T16:47:20.316898+00:00 [running]> on host f18aba08ba75
[2022-01-27 16:47:23,035] {taskinstance.py:1426} INFO - Exporting the following env vars:
AIRFLOW_CTX_DAG_OWNER=***
AIRFLOW_CTX_DAG_ID=LocalIngestionDag
AIRFLOW_CTX_TASK_ID=ingest
AIRFLOW_CTX_EXECUTION_DATE=2022-01-27T16:47:20.316898+00:00
AIRFLOW_CTX_DAG_RUN_ID=manual__2022-01-27T16:47:20.316898+00:00
[2022-01-27 16:47:23,037] {subprocess.py:62} INFO - Tmp dir root location: 
 /tmp
[2022-01-27 16:47:23,042] {subprocess.py:74} INFO - Running command: ['bash', '-c', 'pwd']
[2022-01-27 16:47:23,063] {subprocess.py:85} INFO - Output:
[2022-01-27 16:47:23,067] {subprocess.py:89} INFO - /tmp/***tmplm7v_zhm
[2022-01-27 16:47:23,068] {subprocess.py:93} INFO - Command exited with return code 0
[2022-01-27 16:47:23,179] {taskinstance.py:1277} INFO - Marking task as SUCCESS. dag_id=LocalIngestionDag, task_id=ingest, execution_date=20220127T164720, start_date=20220127T164722, end_date=20220127T164723
[2022-01-27 16:47:23,255] {local_task_job.py:154} INFO - Task exited with return code 0
[2022-01-27 16:47:23,375] {local_task_job.py:264} INFO - 0 downstream tasks scheduled from follow-on schedule check
