[2022-01-27 16:47:30,846] {taskinstance.py:1032} INFO - Dependencies all met for <TaskInstance: LocalIngestionDag.wget scheduled__2021-12-02T06:00:00+00:00 [queued]>
[2022-01-27 16:47:30,873] {taskinstance.py:1032} INFO - Dependencies all met for <TaskInstance: LocalIngestionDag.wget scheduled__2021-12-02T06:00:00+00:00 [queued]>
[2022-01-27 16:47:30,874] {taskinstance.py:1238} INFO - 
--------------------------------------------------------------------------------
[2022-01-27 16:47:30,874] {taskinstance.py:1239} INFO - Starting attempt 1 of 1
[2022-01-27 16:47:30,874] {taskinstance.py:1240} INFO - 
--------------------------------------------------------------------------------
[2022-01-27 16:47:30,902] {taskinstance.py:1259} INFO - Executing <Task(BashOperator): wget> on 2021-12-02 06:00:00+00:00
[2022-01-27 16:47:30,911] {standard_task_runner.py:52} INFO - Started process 904 to run task
[2022-01-27 16:47:30,917] {standard_task_runner.py:76} INFO - Running: ['***', 'tasks', 'run', 'LocalIngestionDag', 'wget', 'scheduled__2021-12-02T06:00:00+00:00', '--job-id', '44', '--raw', '--subdir', 'DAGS_FOLDER/data_ingestion_local.py', '--cfg-path', '/tmp/tmp4_0zm0m1', '--error-file', '/tmp/tmp7ln2x5g8']
[2022-01-27 16:47:30,917] {standard_task_runner.py:77} INFO - Job 44: Subtask wget
[2022-01-27 16:47:31,042] {logging_mixin.py:109} INFO - Running <TaskInstance: LocalIngestionDag.wget scheduled__2021-12-02T06:00:00+00:00 [running]> on host f18aba08ba75
[2022-01-27 16:47:31,160] {taskinstance.py:1426} INFO - Exporting the following env vars:
AIRFLOW_CTX_DAG_OWNER=***
AIRFLOW_CTX_DAG_ID=LocalIngestionDag
AIRFLOW_CTX_TASK_ID=wget
AIRFLOW_CTX_EXECUTION_DATE=2021-12-02T06:00:00+00:00
AIRFLOW_CTX_DAG_RUN_ID=scheduled__2021-12-02T06:00:00+00:00
[2022-01-27 16:47:31,161] {subprocess.py:62} INFO - Tmp dir root location: 
 /tmp
[2022-01-27 16:47:31,164] {subprocess.py:74} INFO - Running command: ['bash', '-c', 'echo "Hello World"']
[2022-01-27 16:47:31,187] {subprocess.py:85} INFO - Output:
[2022-01-27 16:47:31,190] {subprocess.py:89} INFO - Hello World
[2022-01-27 16:47:31,191] {subprocess.py:93} INFO - Command exited with return code 0
[2022-01-27 16:47:31,237] {taskinstance.py:1277} INFO - Marking task as SUCCESS. dag_id=LocalIngestionDag, task_id=wget, execution_date=20211202T060000, start_date=20220127T164730, end_date=20220127T164731
[2022-01-27 16:47:31,292] {local_task_job.py:154} INFO - Task exited with return code 0
[2022-01-27 16:47:31,355] {local_task_job.py:264} INFO - 1 downstream tasks scheduled from follow-on schedule check
[2022-01-27 18:59:03,912] {taskinstance.py:1032} INFO - Dependencies all met for <TaskInstance: LocalIngestionDag.wget scheduled__2021-12-02T06:00:00+00:00 [queued]>
[2022-01-27 18:59:03,958] {taskinstance.py:1032} INFO - Dependencies all met for <TaskInstance: LocalIngestionDag.wget scheduled__2021-12-02T06:00:00+00:00 [queued]>
[2022-01-27 18:59:03,958] {taskinstance.py:1238} INFO - 
--------------------------------------------------------------------------------
[2022-01-27 18:59:03,958] {taskinstance.py:1239} INFO - Starting attempt 1 of 1
[2022-01-27 18:59:03,959] {taskinstance.py:1240} INFO - 
--------------------------------------------------------------------------------
[2022-01-27 18:59:04,030] {taskinstance.py:1259} INFO - Executing <Task(BashOperator): wget> on 2021-12-02 06:00:00+00:00
[2022-01-27 18:59:04,046] {standard_task_runner.py:52} INFO - Started process 223 to run task
[2022-01-27 18:59:04,071] {standard_task_runner.py:76} INFO - Running: ['***', 'tasks', 'run', 'LocalIngestionDag', 'wget', 'scheduled__2021-12-02T06:00:00+00:00', '--job-id', '77', '--raw', '--subdir', 'DAGS_FOLDER/data_ingestion_local.py', '--cfg-path', '/tmp/tmpt1l47dfu', '--error-file', '/tmp/tmp9mck4pm7']
[2022-01-27 18:59:04,075] {standard_task_runner.py:77} INFO - Job 77: Subtask wget
[2022-01-27 18:59:04,360] {logging_mixin.py:109} INFO - Running <TaskInstance: LocalIngestionDag.wget scheduled__2021-12-02T06:00:00+00:00 [running]> on host 10aa7ffeb97f
[2022-01-27 18:59:04,542] {warnings.py:110} WARNING - /home/***/.local/lib/python3.7/site-packages/***/utils/context.py:152: AirflowContextDeprecationWarning: Accessing 'execution_date' from the template is deprecated and will be removed in a future version. Please use 'data_interval_start' or 'logical_date' instead.
  warnings.warn(_create_deprecation_warning(key, self._deprecation_replacements[key]))

[2022-01-27 18:59:04,588] {taskinstance.py:1426} INFO - Exporting the following env vars:
AIRFLOW_CTX_DAG_OWNER=***
AIRFLOW_CTX_DAG_ID=LocalIngestionDag
AIRFLOW_CTX_TASK_ID=wget
AIRFLOW_CTX_EXECUTION_DATE=2021-12-02T06:00:00+00:00
AIRFLOW_CTX_DAG_RUN_ID=scheduled__2021-12-02T06:00:00+00:00
[2022-01-27 18:59:04,590] {subprocess.py:62} INFO - Tmp dir root location: 
 /tmp
[2022-01-27 18:59:04,594] {subprocess.py:74} INFO - Running command: ['bash', '-c', 'curl -sSL https://s3.amazonaws.com/nyc-tlc/trip+data/yellow_tripdata_2021-12.csv > /opt/***/output_2021-12.csv']
[2022-01-27 18:59:04,622] {subprocess.py:85} INFO - Output:
[2022-01-27 18:59:05,435] {subprocess.py:93} INFO - Command exited with return code 0
[2022-01-27 18:59:05,802] {taskinstance.py:1277} INFO - Marking task as SUCCESS. dag_id=LocalIngestionDag, task_id=wget, execution_date=20211202T060000, start_date=20220127T185903, end_date=20220127T185905
[2022-01-27 18:59:05,864] {local_task_job.py:154} INFO - Task exited with return code 0
[2022-01-27 18:59:05,927] {local_task_job.py:264} INFO - 1 downstream tasks scheduled from follow-on schedule check
[2022-01-27 19:14:11,132] {taskinstance.py:1032} INFO - Dependencies all met for <TaskInstance: LocalIngestionDag.wget scheduled__2021-12-02T06:00:00+00:00 [queued]>
[2022-01-27 19:14:11,309] {taskinstance.py:1032} INFO - Dependencies all met for <TaskInstance: LocalIngestionDag.wget scheduled__2021-12-02T06:00:00+00:00 [queued]>
[2022-01-27 19:14:11,309] {taskinstance.py:1238} INFO - 
--------------------------------------------------------------------------------
[2022-01-27 19:14:11,310] {taskinstance.py:1239} INFO - Starting attempt 1 of 1
[2022-01-27 19:14:11,310] {taskinstance.py:1240} INFO - 
--------------------------------------------------------------------------------
[2022-01-27 19:14:11,375] {taskinstance.py:1259} INFO - Executing <Task(BashOperator): wget> on 2021-12-02 06:00:00+00:00
[2022-01-27 19:14:11,389] {standard_task_runner.py:52} INFO - Started process 221 to run task
[2022-01-27 19:14:11,399] {standard_task_runner.py:76} INFO - Running: ['***', 'tasks', 'run', 'LocalIngestionDag', 'wget', 'scheduled__2021-12-02T06:00:00+00:00', '--job-id', '105', '--raw', '--subdir', 'DAGS_FOLDER/data_ingestion_local.py', '--cfg-path', '/tmp/tmprn_a5nbg', '--error-file', '/tmp/tmp9s19ktpv']
[2022-01-27 19:14:11,400] {standard_task_runner.py:77} INFO - Job 105: Subtask wget
[2022-01-27 19:14:11,660] {logging_mixin.py:109} INFO - Running <TaskInstance: LocalIngestionDag.wget scheduled__2021-12-02T06:00:00+00:00 [running]> on host 9ee291f061ff
[2022-01-27 19:14:11,824] {warnings.py:110} WARNING - /home/***/.local/lib/python3.7/site-packages/***/utils/context.py:152: AirflowContextDeprecationWarning: Accessing 'execution_date' from the template is deprecated and will be removed in a future version. Please use 'data_interval_start' or 'logical_date' instead.
  warnings.warn(_create_deprecation_warning(key, self._deprecation_replacements[key]))

[2022-01-27 19:14:11,924] {taskinstance.py:1426} INFO - Exporting the following env vars:
AIRFLOW_CTX_DAG_OWNER=***
AIRFLOW_CTX_DAG_ID=LocalIngestionDag
AIRFLOW_CTX_TASK_ID=wget
AIRFLOW_CTX_EXECUTION_DATE=2021-12-02T06:00:00+00:00
AIRFLOW_CTX_DAG_RUN_ID=scheduled__2021-12-02T06:00:00+00:00
[2022-01-27 19:14:11,936] {subprocess.py:62} INFO - Tmp dir root location: 
 /tmp
[2022-01-27 19:14:11,937] {subprocess.py:74} INFO - Running command: ['bash', '-c', 'curl -sSL https://s3.amazonaws.com/nyc-tlc/trip+data/yellow_tripdata_2021-12.csv > /opt/***/output_2021-12.csv']
[2022-01-27 19:14:12,019] {subprocess.py:85} INFO - Output:
[2022-01-27 19:14:12,558] {subprocess.py:93} INFO - Command exited with return code 0
[2022-01-27 19:14:12,704] {taskinstance.py:1277} INFO - Marking task as SUCCESS. dag_id=LocalIngestionDag, task_id=wget, execution_date=20211202T060000, start_date=20220127T191411, end_date=20220127T191412
[2022-01-27 19:14:12,872] {local_task_job.py:154} INFO - Task exited with return code 0
[2022-01-27 19:14:13,036] {local_task_job.py:264} INFO - 1 downstream tasks scheduled from follow-on schedule check
