[2022-01-27 16:47:21,415] {taskinstance.py:1032} INFO - Dependencies all met for <TaskInstance: LocalIngestionDag.wget scheduled__2021-01-02T06:00:00+00:00 [queued]>
[2022-01-27 16:47:21,435] {taskinstance.py:1032} INFO - Dependencies all met for <TaskInstance: LocalIngestionDag.wget scheduled__2021-01-02T06:00:00+00:00 [queued]>
[2022-01-27 16:47:21,436] {taskinstance.py:1238} INFO - 
--------------------------------------------------------------------------------
[2022-01-27 16:47:21,436] {taskinstance.py:1239} INFO - Starting attempt 1 of 1
[2022-01-27 16:47:21,436] {taskinstance.py:1240} INFO - 
--------------------------------------------------------------------------------
[2022-01-27 16:47:21,458] {taskinstance.py:1259} INFO - Executing <Task(BashOperator): wget> on 2021-01-02 06:00:00+00:00
[2022-01-27 16:47:21,466] {standard_task_runner.py:52} INFO - Started process 834 to run task
[2022-01-27 16:47:21,471] {standard_task_runner.py:76} INFO - Running: ['***', 'tasks', 'run', 'LocalIngestionDag', 'wget', 'scheduled__2021-01-02T06:00:00+00:00', '--job-id', '23', '--raw', '--subdir', 'DAGS_FOLDER/data_ingestion_local.py', '--cfg-path', '/tmp/tmpmbh8zhar', '--error-file', '/tmp/tmpn4ovvd2l']
[2022-01-27 16:47:21,472] {standard_task_runner.py:77} INFO - Job 23: Subtask wget
[2022-01-27 16:47:21,564] {logging_mixin.py:109} INFO - Running <TaskInstance: LocalIngestionDag.wget scheduled__2021-01-02T06:00:00+00:00 [running]> on host f18aba08ba75
[2022-01-27 16:47:21,665] {taskinstance.py:1426} INFO - Exporting the following env vars:
AIRFLOW_CTX_DAG_OWNER=***
AIRFLOW_CTX_DAG_ID=LocalIngestionDag
AIRFLOW_CTX_TASK_ID=wget
AIRFLOW_CTX_EXECUTION_DATE=2021-01-02T06:00:00+00:00
AIRFLOW_CTX_DAG_RUN_ID=scheduled__2021-01-02T06:00:00+00:00
[2022-01-27 16:47:21,669] {subprocess.py:62} INFO - Tmp dir root location: 
 /tmp
[2022-01-27 16:47:21,671] {subprocess.py:74} INFO - Running command: ['bash', '-c', 'echo "Hello World"']
[2022-01-27 16:47:21,694] {subprocess.py:85} INFO - Output:
[2022-01-27 16:47:21,697] {subprocess.py:89} INFO - Hello World
[2022-01-27 16:47:21,698] {subprocess.py:93} INFO - Command exited with return code 0
[2022-01-27 16:47:21,750] {taskinstance.py:1277} INFO - Marking task as SUCCESS. dag_id=LocalIngestionDag, task_id=wget, execution_date=20210102T060000, start_date=20220127T164721, end_date=20220127T164721
[2022-01-27 16:47:21,804] {local_task_job.py:154} INFO - Task exited with return code 0
[2022-01-27 16:47:21,868] {local_task_job.py:264} INFO - 1 downstream tasks scheduled from follow-on schedule check
[2022-01-27 18:58:57,444] {taskinstance.py:1032} INFO - Dependencies all met for <TaskInstance: LocalIngestionDag.wget scheduled__2021-01-02T06:00:00+00:00 [queued]>
[2022-01-27 18:58:57,478] {taskinstance.py:1032} INFO - Dependencies all met for <TaskInstance: LocalIngestionDag.wget scheduled__2021-01-02T06:00:00+00:00 [queued]>
[2022-01-27 18:58:57,478] {taskinstance.py:1238} INFO - 
--------------------------------------------------------------------------------
[2022-01-27 18:58:57,479] {taskinstance.py:1239} INFO - Starting attempt 1 of 1
[2022-01-27 18:58:57,479] {taskinstance.py:1240} INFO - 
--------------------------------------------------------------------------------
[2022-01-27 18:58:57,525] {taskinstance.py:1259} INFO - Executing <Task(BashOperator): wget> on 2021-01-02 06:00:00+00:00
[2022-01-27 18:58:57,544] {standard_task_runner.py:52} INFO - Started process 147 to run task
[2022-01-27 18:58:57,567] {standard_task_runner.py:76} INFO - Running: ['***', 'tasks', 'run', 'LocalIngestionDag', 'wget', 'scheduled__2021-01-02T06:00:00+00:00', '--job-id', '64', '--raw', '--subdir', 'DAGS_FOLDER/data_ingestion_local.py', '--cfg-path', '/tmp/tmpephaaypx', '--error-file', '/tmp/tmpc6n0bkog']
[2022-01-27 18:58:57,569] {standard_task_runner.py:77} INFO - Job 64: Subtask wget
[2022-01-27 18:58:57,786] {logging_mixin.py:109} INFO - Running <TaskInstance: LocalIngestionDag.wget scheduled__2021-01-02T06:00:00+00:00 [running]> on host 10aa7ffeb97f
[2022-01-27 18:58:57,996] {warnings.py:110} WARNING - /home/***/.local/lib/python3.7/site-packages/***/utils/context.py:152: AirflowContextDeprecationWarning: Accessing 'execution_date' from the template is deprecated and will be removed in a future version. Please use 'data_interval_start' or 'logical_date' instead.
  warnings.warn(_create_deprecation_warning(key, self._deprecation_replacements[key]))

[2022-01-27 18:58:58,118] {taskinstance.py:1426} INFO - Exporting the following env vars:
AIRFLOW_CTX_DAG_OWNER=***
AIRFLOW_CTX_DAG_ID=LocalIngestionDag
AIRFLOW_CTX_TASK_ID=wget
AIRFLOW_CTX_EXECUTION_DATE=2021-01-02T06:00:00+00:00
AIRFLOW_CTX_DAG_RUN_ID=scheduled__2021-01-02T06:00:00+00:00
[2022-01-27 18:58:58,129] {subprocess.py:62} INFO - Tmp dir root location: 
 /tmp
[2022-01-27 18:58:58,131] {subprocess.py:74} INFO - Running command: ['bash', '-c', 'curl -sSL https://s3.amazonaws.com/nyc-tlc/trip+data/yellow_tripdata_2021-01.csv > /opt/***/output_2021-01.csv']
[2022-01-27 18:58:58,216] {subprocess.py:85} INFO - Output:
[2022-01-27 19:00:47,157] {subprocess.py:93} INFO - Command exited with return code 0
[2022-01-27 19:00:47,203] {taskinstance.py:1277} INFO - Marking task as SUCCESS. dag_id=LocalIngestionDag, task_id=wget, execution_date=20210102T060000, start_date=20220127T185857, end_date=20220127T190047
[2022-01-27 19:00:47,267] {local_task_job.py:154} INFO - Task exited with return code 0
[2022-01-27 19:00:47,395] {local_task_job.py:264} INFO - 0 downstream tasks scheduled from follow-on schedule check
[2022-01-27 19:14:03,944] {taskinstance.py:1032} INFO - Dependencies all met for <TaskInstance: LocalIngestionDag.wget scheduled__2021-01-02T06:00:00+00:00 [queued]>
[2022-01-27 19:14:03,973] {taskinstance.py:1032} INFO - Dependencies all met for <TaskInstance: LocalIngestionDag.wget scheduled__2021-01-02T06:00:00+00:00 [queued]>
[2022-01-27 19:14:03,974] {taskinstance.py:1238} INFO - 
--------------------------------------------------------------------------------
[2022-01-27 19:14:03,974] {taskinstance.py:1239} INFO - Starting attempt 1 of 1
[2022-01-27 19:14:03,974] {taskinstance.py:1240} INFO - 
--------------------------------------------------------------------------------
[2022-01-27 19:14:04,064] {taskinstance.py:1259} INFO - Executing <Task(BashOperator): wget> on 2021-01-02 06:00:00+00:00
[2022-01-27 19:14:04,075] {standard_task_runner.py:52} INFO - Started process 147 to run task
[2022-01-27 19:14:04,094] {standard_task_runner.py:76} INFO - Running: ['***', 'tasks', 'run', 'LocalIngestionDag', 'wget', 'scheduled__2021-01-02T06:00:00+00:00', '--job-id', '92', '--raw', '--subdir', 'DAGS_FOLDER/data_ingestion_local.py', '--cfg-path', '/tmp/tmpah789i16', '--error-file', '/tmp/tmpe4hm5azh']
[2022-01-27 19:14:04,107] {standard_task_runner.py:77} INFO - Job 92: Subtask wget
[2022-01-27 19:14:04,356] {logging_mixin.py:109} INFO - Running <TaskInstance: LocalIngestionDag.wget scheduled__2021-01-02T06:00:00+00:00 [running]> on host 9ee291f061ff
[2022-01-27 19:14:04,489] {warnings.py:110} WARNING - /home/***/.local/lib/python3.7/site-packages/***/utils/context.py:152: AirflowContextDeprecationWarning: Accessing 'execution_date' from the template is deprecated and will be removed in a future version. Please use 'data_interval_start' or 'logical_date' instead.
  warnings.warn(_create_deprecation_warning(key, self._deprecation_replacements[key]))

[2022-01-27 19:14:04,598] {taskinstance.py:1426} INFO - Exporting the following env vars:
AIRFLOW_CTX_DAG_OWNER=***
AIRFLOW_CTX_DAG_ID=LocalIngestionDag
AIRFLOW_CTX_TASK_ID=wget
AIRFLOW_CTX_EXECUTION_DATE=2021-01-02T06:00:00+00:00
AIRFLOW_CTX_DAG_RUN_ID=scheduled__2021-01-02T06:00:00+00:00
[2022-01-27 19:14:04,600] {subprocess.py:62} INFO - Tmp dir root location: 
 /tmp
[2022-01-27 19:14:04,602] {subprocess.py:74} INFO - Running command: ['bash', '-c', 'curl -sSL https://s3.amazonaws.com/nyc-tlc/trip+data/yellow_tripdata_2021-01.csv > /opt/***/output_2021-01.csv']
[2022-01-27 19:14:04,681] {subprocess.py:85} INFO - Output:
[2022-01-27 19:19:41,556] {subprocess.py:93} INFO - Command exited with return code 0
[2022-01-27 19:19:41,599] {taskinstance.py:1277} INFO - Marking task as SUCCESS. dag_id=LocalIngestionDag, task_id=wget, execution_date=20210102T060000, start_date=20220127T191403, end_date=20220127T191941
[2022-01-27 19:19:41,635] {local_task_job.py:154} INFO - Task exited with return code 0
[2022-01-27 19:19:41,685] {local_task_job.py:264} INFO - 1 downstream tasks scheduled from follow-on schedule check
