[2022-01-27 17:03:35,670] {taskinstance.py:1032} INFO - Dependencies all met for <TaskInstance: LocalIngestionDag.wget scheduled__2021-01-02T06:00:00+00:00 [queued]>
[2022-01-27 17:03:35,686] {taskinstance.py:1032} INFO - Dependencies all met for <TaskInstance: LocalIngestionDag.wget scheduled__2021-01-02T06:00:00+00:00 [queued]>
[2022-01-27 17:03:35,686] {taskinstance.py:1238} INFO - 
--------------------------------------------------------------------------------
[2022-01-27 17:03:35,686] {taskinstance.py:1239} INFO - Starting attempt 3 of 3
[2022-01-27 17:03:35,686] {taskinstance.py:1240} INFO - 
--------------------------------------------------------------------------------
[2022-01-27 17:03:35,713] {taskinstance.py:1259} INFO - Executing <Task(BashOperator): wget> on 2021-01-02 06:00:00+00:00
[2022-01-27 17:03:35,722] {standard_task_runner.py:52} INFO - Started process 1583 to run task
[2022-01-27 17:03:35,727] {standard_task_runner.py:76} INFO - Running: ['***', 'tasks', 'run', 'LocalIngestionDag', 'wget', 'scheduled__2021-01-02T06:00:00+00:00', '--job-id', '49', '--raw', '--subdir', 'DAGS_FOLDER/data_ingestion_local.py', '--cfg-path', '/tmp/tmpno9wb4k0', '--error-file', '/tmp/tmp52ctx11y']
[2022-01-27 17:03:35,727] {standard_task_runner.py:77} INFO - Job 49: Subtask wget
[2022-01-27 17:03:35,808] {logging_mixin.py:109} INFO - Running <TaskInstance: LocalIngestionDag.wget scheduled__2021-01-02T06:00:00+00:00 [running]> on host f18aba08ba75
[2022-01-27 17:03:35,890] {taskinstance.py:1426} INFO - Exporting the following env vars:
AIRFLOW_CTX_DAG_OWNER=***
AIRFLOW_CTX_DAG_ID=LocalIngestionDag
AIRFLOW_CTX_TASK_ID=wget
AIRFLOW_CTX_EXECUTION_DATE=2021-01-02T06:00:00+00:00
AIRFLOW_CTX_DAG_RUN_ID=scheduled__2021-01-02T06:00:00+00:00
[2022-01-27 17:03:35,891] {subprocess.py:62} INFO - Tmp dir root location: 
 /tmp
[2022-01-27 17:03:35,892] {subprocess.py:74} INFO - Running command: ['bash', '-c', 'curl -sSL https://s3.amazonaws.com/nyc-tlc/trip+data/yellow_tripdata_2021-01.csv > /opt/***/output.csv']
[2022-01-27 17:03:35,909] {subprocess.py:85} INFO - Output:
[2022-01-27 17:03:46,443] {subprocess.py:93} INFO - Command exited with return code 0
[2022-01-27 17:03:46,492] {taskinstance.py:1277} INFO - Marking task as SUCCESS. dag_id=LocalIngestionDag, task_id=wget, execution_date=20210102T060000, start_date=20220127T170335, end_date=20220127T170346
[2022-01-27 17:03:46,549] {local_task_job.py:154} INFO - Task exited with return code 0
[2022-01-27 17:03:46,607] {local_task_job.py:264} INFO - 1 downstream tasks scheduled from follow-on schedule check
[2022-01-27 19:27:06,375] {taskinstance.py:1032} INFO - Dependencies all met for <TaskInstance: LocalIngestionDag.wget scheduled__2021-01-02T06:00:00+00:00 [queued]>
[2022-01-27 19:27:06,403] {taskinstance.py:1032} INFO - Dependencies all met for <TaskInstance: LocalIngestionDag.wget scheduled__2021-01-02T06:00:00+00:00 [queued]>
[2022-01-27 19:27:06,403] {taskinstance.py:1238} INFO - 
--------------------------------------------------------------------------------
[2022-01-27 19:27:06,403] {taskinstance.py:1239} INFO - Starting attempt 3 of 3
[2022-01-27 19:27:06,404] {taskinstance.py:1240} INFO - 
--------------------------------------------------------------------------------
[2022-01-27 19:27:06,424] {taskinstance.py:1259} INFO - Executing <Task(BashOperator): wget> on 2021-01-02 06:00:00+00:00
[2022-01-27 19:27:06,432] {standard_task_runner.py:52} INFO - Started process 788 to run task
[2022-01-27 19:27:06,437] {standard_task_runner.py:76} INFO - Running: ['***', 'tasks', 'run', 'LocalIngestionDag', 'wget', 'scheduled__2021-01-02T06:00:00+00:00', '--job-id', '115', '--raw', '--subdir', 'DAGS_FOLDER/data_ingestion_local.py', '--cfg-path', '/tmp/tmpgjov5iqe', '--error-file', '/tmp/tmpr5kukq0d']
[2022-01-27 19:27:06,438] {standard_task_runner.py:77} INFO - Job 115: Subtask wget
[2022-01-27 19:27:06,516] {logging_mixin.py:109} INFO - Running <TaskInstance: LocalIngestionDag.wget scheduled__2021-01-02T06:00:00+00:00 [running]> on host 9ee291f061ff
[2022-01-27 19:27:06,573] {warnings.py:110} WARNING - /home/***/.local/lib/python3.7/site-packages/***/utils/context.py:152: AirflowContextDeprecationWarning: Accessing 'execution_date' from the template is deprecated and will be removed in a future version. Please use 'data_interval_start' or 'logical_date' instead.
  warnings.warn(_create_deprecation_warning(key, self._deprecation_replacements[key]))

[2022-01-27 19:27:06,601] {taskinstance.py:1426} INFO - Exporting the following env vars:
AIRFLOW_CTX_DAG_OWNER=***
AIRFLOW_CTX_DAG_ID=LocalIngestionDag
AIRFLOW_CTX_TASK_ID=wget
AIRFLOW_CTX_EXECUTION_DATE=2021-01-02T06:00:00+00:00
AIRFLOW_CTX_DAG_RUN_ID=scheduled__2021-01-02T06:00:00+00:00
[2022-01-27 19:27:06,602] {subprocess.py:62} INFO - Tmp dir root location: 
 /tmp
[2022-01-27 19:27:06,603] {subprocess.py:74} INFO - Running command: ['bash', '-c', 'curl -sSL https://s3.amazonaws.com/nyc-tlc/trip+data/yellow_tripdata_2021-01.csv > /opt/***/output_2021-01.csv']
[2022-01-27 19:27:06,622] {subprocess.py:85} INFO - Output:
[2022-01-27 19:27:15,557] {subprocess.py:93} INFO - Command exited with return code 0
[2022-01-27 19:27:15,597] {taskinstance.py:1277} INFO - Marking task as SUCCESS. dag_id=LocalIngestionDag, task_id=wget, execution_date=20210102T060000, start_date=20220127T192706, end_date=20220127T192715
[2022-01-27 19:27:15,625] {local_task_job.py:154} INFO - Task exited with return code 0
[2022-01-27 19:27:15,680] {local_task_job.py:264} INFO - 0 downstream tasks scheduled from follow-on schedule check
