[2022-01-27 17:17:29,339] {taskinstance.py:1032} INFO - Dependencies all met for <TaskInstance: LocalIngestionDag.wget scheduled__2021-01-02T06:00:00+00:00 [queued]>
[2022-01-27 17:17:29,351] {taskinstance.py:1032} INFO - Dependencies all met for <TaskInstance: LocalIngestionDag.wget scheduled__2021-01-02T06:00:00+00:00 [queued]>
[2022-01-27 17:17:29,351] {taskinstance.py:1238} INFO - 
--------------------------------------------------------------------------------
[2022-01-27 17:17:29,351] {taskinstance.py:1239} INFO - Starting attempt 6 of 6
[2022-01-27 17:17:29,351] {taskinstance.py:1240} INFO - 
--------------------------------------------------------------------------------
[2022-01-27 17:17:29,365] {taskinstance.py:1259} INFO - Executing <Task(BashOperator): wget> on 2021-01-02 06:00:00+00:00
[2022-01-27 17:17:29,371] {standard_task_runner.py:52} INFO - Started process 2164 to run task
[2022-01-27 17:17:29,375] {standard_task_runner.py:76} INFO - Running: ['***', 'tasks', 'run', 'LocalIngestionDag', 'wget', 'scheduled__2021-01-02T06:00:00+00:00', '--job-id', '53', '--raw', '--subdir', 'DAGS_FOLDER/data_ingestion_local.py', '--cfg-path', '/tmp/tmp020uz41q', '--error-file', '/tmp/tmprybw1fxy']
[2022-01-27 17:17:29,376] {standard_task_runner.py:77} INFO - Job 53: Subtask wget
[2022-01-27 17:17:29,441] {logging_mixin.py:109} INFO - Running <TaskInstance: LocalIngestionDag.wget scheduled__2021-01-02T06:00:00+00:00 [running]> on host f18aba08ba75
[2022-01-27 17:17:29,499] {warnings.py:110} WARNING - /home/***/.local/lib/python3.7/site-packages/***/utils/context.py:152: AirflowContextDeprecationWarning: Accessing 'execution_date' from the template is deprecated and will be removed in a future version. Please use 'data_interval_start' or 'logical_date' instead.
  warnings.warn(_create_deprecation_warning(key, self._deprecation_replacements[key]))

[2022-01-27 17:17:29,526] {taskinstance.py:1426} INFO - Exporting the following env vars:
AIRFLOW_CTX_DAG_OWNER=***
AIRFLOW_CTX_DAG_ID=LocalIngestionDag
AIRFLOW_CTX_TASK_ID=wget
AIRFLOW_CTX_EXECUTION_DATE=2021-01-02T06:00:00+00:00
AIRFLOW_CTX_DAG_RUN_ID=scheduled__2021-01-02T06:00:00+00:00
[2022-01-27 17:17:29,528] {subprocess.py:62} INFO - Tmp dir root location: 
 /tmp
[2022-01-27 17:17:29,529] {subprocess.py:74} INFO - Running command: ['bash', '-c', 'echo "2021-01"']
[2022-01-27 17:17:29,546] {subprocess.py:85} INFO - Output:
[2022-01-27 17:17:29,549] {subprocess.py:89} INFO - 2021-01
[2022-01-27 17:17:29,550] {subprocess.py:93} INFO - Command exited with return code 0
[2022-01-27 17:17:29,587] {taskinstance.py:1277} INFO - Marking task as SUCCESS. dag_id=LocalIngestionDag, task_id=wget, execution_date=20210102T060000, start_date=20220127T171729, end_date=20220127T171729
[2022-01-27 17:17:29,625] {local_task_job.py:154} INFO - Task exited with return code 0
[2022-01-27 17:17:29,679] {local_task_job.py:264} INFO - 1 downstream tasks scheduled from follow-on schedule check
