[2022-01-27 16:47:22,201] {taskinstance.py:1032} INFO - Dependencies all met for <TaskInstance: LocalIngestionDag.wget scheduled__2021-02-02T06:00:00+00:00 [queued]>
[2022-01-27 16:47:22,240] {taskinstance.py:1032} INFO - Dependencies all met for <TaskInstance: LocalIngestionDag.wget scheduled__2021-02-02T06:00:00+00:00 [queued]>
[2022-01-27 16:47:22,240] {taskinstance.py:1238} INFO - 
--------------------------------------------------------------------------------
[2022-01-27 16:47:22,240] {taskinstance.py:1239} INFO - Starting attempt 1 of 1
[2022-01-27 16:47:22,241] {taskinstance.py:1240} INFO - 
--------------------------------------------------------------------------------
[2022-01-27 16:47:22,287] {taskinstance.py:1259} INFO - Executing <Task(BashOperator): wget> on 2021-02-02 06:00:00+00:00
[2022-01-27 16:47:22,296] {standard_task_runner.py:52} INFO - Started process 841 to run task
[2022-01-27 16:47:22,303] {standard_task_runner.py:76} INFO - Running: ['***', 'tasks', 'run', 'LocalIngestionDag', 'wget', 'scheduled__2021-02-02T06:00:00+00:00', '--job-id', '24', '--raw', '--subdir', 'DAGS_FOLDER/data_ingestion_local.py', '--cfg-path', '/tmp/tmp01kh_hov', '--error-file', '/tmp/tmp82vcr9cs']
[2022-01-27 16:47:22,304] {standard_task_runner.py:77} INFO - Job 24: Subtask wget
[2022-01-27 16:47:22,399] {logging_mixin.py:109} INFO - Running <TaskInstance: LocalIngestionDag.wget scheduled__2021-02-02T06:00:00+00:00 [running]> on host f18aba08ba75
[2022-01-27 16:47:22,528] {taskinstance.py:1426} INFO - Exporting the following env vars:
AIRFLOW_CTX_DAG_OWNER=***
AIRFLOW_CTX_DAG_ID=LocalIngestionDag
AIRFLOW_CTX_TASK_ID=wget
AIRFLOW_CTX_EXECUTION_DATE=2021-02-02T06:00:00+00:00
AIRFLOW_CTX_DAG_RUN_ID=scheduled__2021-02-02T06:00:00+00:00
[2022-01-27 16:47:22,531] {subprocess.py:62} INFO - Tmp dir root location: 
 /tmp
[2022-01-27 16:47:22,533] {subprocess.py:74} INFO - Running command: ['bash', '-c', 'echo "Hello World"']
[2022-01-27 16:47:22,552] {subprocess.py:85} INFO - Output:
[2022-01-27 16:47:22,555] {subprocess.py:89} INFO - Hello World
[2022-01-27 16:47:22,557] {subprocess.py:93} INFO - Command exited with return code 0
[2022-01-27 16:47:22,691] {taskinstance.py:1277} INFO - Marking task as SUCCESS. dag_id=LocalIngestionDag, task_id=wget, execution_date=20210202T060000, start_date=20220127T164722, end_date=20220127T164722
[2022-01-27 16:47:22,762] {local_task_job.py:154} INFO - Task exited with return code 0
[2022-01-27 16:47:22,851] {local_task_job.py:264} INFO - 1 downstream tasks scheduled from follow-on schedule check
[2022-01-27 18:58:57,449] {taskinstance.py:1032} INFO - Dependencies all met for <TaskInstance: LocalIngestionDag.wget scheduled__2021-02-02T06:00:00+00:00 [queued]>
[2022-01-27 18:58:57,483] {taskinstance.py:1032} INFO - Dependencies all met for <TaskInstance: LocalIngestionDag.wget scheduled__2021-02-02T06:00:00+00:00 [queued]>
[2022-01-27 18:58:57,483] {taskinstance.py:1238} INFO - 
--------------------------------------------------------------------------------
[2022-01-27 18:58:57,483] {taskinstance.py:1239} INFO - Starting attempt 1 of 1
[2022-01-27 18:58:57,484] {taskinstance.py:1240} INFO - 
--------------------------------------------------------------------------------
[2022-01-27 18:58:57,526] {taskinstance.py:1259} INFO - Executing <Task(BashOperator): wget> on 2021-02-02 06:00:00+00:00
[2022-01-27 18:58:57,533] {standard_task_runner.py:52} INFO - Started process 146 to run task
[2022-01-27 18:58:57,558] {standard_task_runner.py:76} INFO - Running: ['***', 'tasks', 'run', 'LocalIngestionDag', 'wget', 'scheduled__2021-02-02T06:00:00+00:00', '--job-id', '67', '--raw', '--subdir', 'DAGS_FOLDER/data_ingestion_local.py', '--cfg-path', '/tmp/tmpgs0ly7e_', '--error-file', '/tmp/tmpnwj78v7u']
[2022-01-27 18:58:57,564] {standard_task_runner.py:77} INFO - Job 67: Subtask wget
[2022-01-27 18:58:57,827] {logging_mixin.py:109} INFO - Running <TaskInstance: LocalIngestionDag.wget scheduled__2021-02-02T06:00:00+00:00 [running]> on host 10aa7ffeb97f
[2022-01-27 18:58:58,176] {warnings.py:110} WARNING - /home/***/.local/lib/python3.7/site-packages/***/utils/context.py:152: AirflowContextDeprecationWarning: Accessing 'execution_date' from the template is deprecated and will be removed in a future version. Please use 'data_interval_start' or 'logical_date' instead.
  warnings.warn(_create_deprecation_warning(key, self._deprecation_replacements[key]))

[2022-01-27 18:58:58,255] {taskinstance.py:1426} INFO - Exporting the following env vars:
AIRFLOW_CTX_DAG_OWNER=***
AIRFLOW_CTX_DAG_ID=LocalIngestionDag
AIRFLOW_CTX_TASK_ID=wget
AIRFLOW_CTX_EXECUTION_DATE=2021-02-02T06:00:00+00:00
AIRFLOW_CTX_DAG_RUN_ID=scheduled__2021-02-02T06:00:00+00:00
[2022-01-27 18:58:58,257] {subprocess.py:62} INFO - Tmp dir root location: 
 /tmp
[2022-01-27 18:58:58,258] {subprocess.py:74} INFO - Running command: ['bash', '-c', 'curl -sSL https://s3.amazonaws.com/nyc-tlc/trip+data/yellow_tripdata_2021-02.csv > /opt/***/output_2021-02.csv']
[2022-01-27 18:58:58,283] {subprocess.py:85} INFO - Output:
[2022-01-27 19:00:29,872] {subprocess.py:93} INFO - Command exited with return code 0
[2022-01-27 19:00:29,913] {taskinstance.py:1277} INFO - Marking task as SUCCESS. dag_id=LocalIngestionDag, task_id=wget, execution_date=20210202T060000, start_date=20220127T185857, end_date=20220127T190029
[2022-01-27 19:00:29,958] {local_task_job.py:154} INFO - Task exited with return code 0
[2022-01-27 19:00:30,013] {local_task_job.py:264} INFO - 1 downstream tasks scheduled from follow-on schedule check
[2022-01-27 19:14:04,014] {taskinstance.py:1032} INFO - Dependencies all met for <TaskInstance: LocalIngestionDag.wget scheduled__2021-02-02T06:00:00+00:00 [queued]>
[2022-01-27 19:14:04,088] {taskinstance.py:1032} INFO - Dependencies all met for <TaskInstance: LocalIngestionDag.wget scheduled__2021-02-02T06:00:00+00:00 [queued]>
[2022-01-27 19:14:04,089] {taskinstance.py:1238} INFO - 
--------------------------------------------------------------------------------
[2022-01-27 19:14:04,089] {taskinstance.py:1239} INFO - Starting attempt 1 of 1
[2022-01-27 19:14:04,089] {taskinstance.py:1240} INFO - 
--------------------------------------------------------------------------------
[2022-01-27 19:14:04,175] {taskinstance.py:1259} INFO - Executing <Task(BashOperator): wget> on 2021-02-02 06:00:00+00:00
[2022-01-27 19:14:04,189] {standard_task_runner.py:52} INFO - Started process 149 to run task
[2022-01-27 19:14:04,230] {standard_task_runner.py:76} INFO - Running: ['***', 'tasks', 'run', 'LocalIngestionDag', 'wget', 'scheduled__2021-02-02T06:00:00+00:00', '--job-id', '94', '--raw', '--subdir', 'DAGS_FOLDER/data_ingestion_local.py', '--cfg-path', '/tmp/tmp8g_a6k88', '--error-file', '/tmp/tmp8w56curf']
[2022-01-27 19:14:04,231] {standard_task_runner.py:77} INFO - Job 94: Subtask wget
[2022-01-27 19:14:04,528] {logging_mixin.py:109} INFO - Running <TaskInstance: LocalIngestionDag.wget scheduled__2021-02-02T06:00:00+00:00 [running]> on host 9ee291f061ff
[2022-01-27 19:14:04,725] {warnings.py:110} WARNING - /home/***/.local/lib/python3.7/site-packages/***/utils/context.py:152: AirflowContextDeprecationWarning: Accessing 'execution_date' from the template is deprecated and will be removed in a future version. Please use 'data_interval_start' or 'logical_date' instead.
  warnings.warn(_create_deprecation_warning(key, self._deprecation_replacements[key]))

[2022-01-27 19:14:04,796] {taskinstance.py:1426} INFO - Exporting the following env vars:
AIRFLOW_CTX_DAG_OWNER=***
AIRFLOW_CTX_DAG_ID=LocalIngestionDag
AIRFLOW_CTX_TASK_ID=wget
AIRFLOW_CTX_EXECUTION_DATE=2021-02-02T06:00:00+00:00
AIRFLOW_CTX_DAG_RUN_ID=scheduled__2021-02-02T06:00:00+00:00
[2022-01-27 19:14:04,805] {subprocess.py:62} INFO - Tmp dir root location: 
 /tmp
[2022-01-27 19:14:04,811] {subprocess.py:74} INFO - Running command: ['bash', '-c', 'curl -sSL https://s3.amazonaws.com/nyc-tlc/trip+data/yellow_tripdata_2021-02.csv > /opt/***/output_2021-02.csv']
[2022-01-27 19:14:04,866] {subprocess.py:85} INFO - Output:
[2022-01-27 19:19:23,415] {subprocess.py:93} INFO - Command exited with return code 0
[2022-01-27 19:19:23,458] {taskinstance.py:1277} INFO - Marking task as SUCCESS. dag_id=LocalIngestionDag, task_id=wget, execution_date=20210202T060000, start_date=20220127T191404, end_date=20220127T191923
[2022-01-27 19:19:23,507] {local_task_job.py:154} INFO - Task exited with return code 0
[2022-01-27 19:19:23,562] {local_task_job.py:264} INFO - 1 downstream tasks scheduled from follow-on schedule check
