[2022-01-27 17:21:37,302] {taskinstance.py:1032} INFO - Dependencies all met for <TaskInstance: LocalIngestionDag.wget scheduled__2021-02-02T06:00:00+00:00 [queued]>
[2022-01-27 17:21:37,316] {taskinstance.py:1032} INFO - Dependencies all met for <TaskInstance: LocalIngestionDag.wget scheduled__2021-02-02T06:00:00+00:00 [queued]>
[2022-01-27 17:21:37,316] {taskinstance.py:1238} INFO - 
--------------------------------------------------------------------------------
[2022-01-27 17:21:37,317] {taskinstance.py:1239} INFO - Starting attempt 2 of 2
[2022-01-27 17:21:37,317] {taskinstance.py:1240} INFO - 
--------------------------------------------------------------------------------
[2022-01-27 17:21:37,339] {taskinstance.py:1259} INFO - Executing <Task(BashOperator): wget> on 2021-02-02 06:00:00+00:00
[2022-01-27 17:21:37,346] {standard_task_runner.py:52} INFO - Started process 2343 to run task
[2022-01-27 17:21:37,349] {standard_task_runner.py:76} INFO - Running: ['***', 'tasks', 'run', 'LocalIngestionDag', 'wget', 'scheduled__2021-02-02T06:00:00+00:00', '--job-id', '55', '--raw', '--subdir', 'DAGS_FOLDER/data_ingestion_local.py', '--cfg-path', '/tmp/tmpfz4a3_dn', '--error-file', '/tmp/tmpq14ee32c']
[2022-01-27 17:21:37,350] {standard_task_runner.py:77} INFO - Job 55: Subtask wget
[2022-01-27 17:21:37,428] {logging_mixin.py:109} INFO - Running <TaskInstance: LocalIngestionDag.wget scheduled__2021-02-02T06:00:00+00:00 [running]> on host f18aba08ba75
[2022-01-27 17:21:37,477] {warnings.py:110} WARNING - /home/***/.local/lib/python3.7/site-packages/***/utils/context.py:152: AirflowContextDeprecationWarning: Accessing 'execution_date' from the template is deprecated and will be removed in a future version. Please use 'data_interval_start' or 'logical_date' instead.
  warnings.warn(_create_deprecation_warning(key, self._deprecation_replacements[key]))

[2022-01-27 17:21:37,508] {taskinstance.py:1426} INFO - Exporting the following env vars:
AIRFLOW_CTX_DAG_OWNER=***
AIRFLOW_CTX_DAG_ID=LocalIngestionDag
AIRFLOW_CTX_TASK_ID=wget
AIRFLOW_CTX_EXECUTION_DATE=2021-02-02T06:00:00+00:00
AIRFLOW_CTX_DAG_RUN_ID=scheduled__2021-02-02T06:00:00+00:00
[2022-01-27 17:21:37,509] {subprocess.py:62} INFO - Tmp dir root location: 
 /tmp
[2022-01-27 17:21:37,510] {subprocess.py:74} INFO - Running command: ['bash', '-c', 'curl -sSL https://s3.amazonaws.com/nyc-tlc/trip+data/yellow_tripdata_2021-02.csv > /opt/***/output_2021-02.csv']
[2022-01-27 17:21:37,529] {subprocess.py:85} INFO - Output:
[2022-01-27 17:21:47,336] {subprocess.py:93} INFO - Command exited with return code 0
[2022-01-27 17:21:47,376] {taskinstance.py:1277} INFO - Marking task as SUCCESS. dag_id=LocalIngestionDag, task_id=wget, execution_date=20210202T060000, start_date=20220127T172137, end_date=20220127T172147
[2022-01-27 17:21:47,415] {local_task_job.py:154} INFO - Task exited with return code 0
[2022-01-27 17:21:47,460] {local_task_job.py:264} INFO - 1 downstream tasks scheduled from follow-on schedule check
[2022-01-27 19:29:34,788] {taskinstance.py:1032} INFO - Dependencies all met for <TaskInstance: LocalIngestionDag.wget scheduled__2021-02-02T06:00:00+00:00 [queued]>
[2022-01-27 19:29:34,806] {taskinstance.py:1032} INFO - Dependencies all met for <TaskInstance: LocalIngestionDag.wget scheduled__2021-02-02T06:00:00+00:00 [queued]>
[2022-01-27 19:29:34,807] {taskinstance.py:1238} INFO - 
--------------------------------------------------------------------------------
[2022-01-27 19:29:34,807] {taskinstance.py:1239} INFO - Starting attempt 2 of 2
[2022-01-27 19:29:34,807] {taskinstance.py:1240} INFO - 
--------------------------------------------------------------------------------
[2022-01-27 19:29:34,824] {taskinstance.py:1259} INFO - Executing <Task(BashOperator): wget> on 2021-02-02 06:00:00+00:00
[2022-01-27 19:29:34,831] {standard_task_runner.py:52} INFO - Started process 893 to run task
[2022-01-27 19:29:34,836] {standard_task_runner.py:76} INFO - Running: ['***', 'tasks', 'run', 'LocalIngestionDag', 'wget', 'scheduled__2021-02-02T06:00:00+00:00', '--job-id', '117', '--raw', '--subdir', 'DAGS_FOLDER/data_ingestion_local.py', '--cfg-path', '/tmp/tmp47zmm4z_', '--error-file', '/tmp/tmppst1yf3u']
[2022-01-27 19:29:34,837] {standard_task_runner.py:77} INFO - Job 117: Subtask wget
[2022-01-27 19:29:34,922] {logging_mixin.py:109} INFO - Running <TaskInstance: LocalIngestionDag.wget scheduled__2021-02-02T06:00:00+00:00 [running]> on host 9ee291f061ff
[2022-01-27 19:29:34,984] {warnings.py:110} WARNING - /home/***/.local/lib/python3.7/site-packages/***/utils/context.py:152: AirflowContextDeprecationWarning: Accessing 'execution_date' from the template is deprecated and will be removed in a future version. Please use 'data_interval_start' or 'logical_date' instead.
  warnings.warn(_create_deprecation_warning(key, self._deprecation_replacements[key]))

[2022-01-27 19:29:35,010] {taskinstance.py:1426} INFO - Exporting the following env vars:
AIRFLOW_CTX_DAG_OWNER=***
AIRFLOW_CTX_DAG_ID=LocalIngestionDag
AIRFLOW_CTX_TASK_ID=wget
AIRFLOW_CTX_EXECUTION_DATE=2021-02-02T06:00:00+00:00
AIRFLOW_CTX_DAG_RUN_ID=scheduled__2021-02-02T06:00:00+00:00
[2022-01-27 19:29:35,011] {subprocess.py:62} INFO - Tmp dir root location: 
 /tmp
[2022-01-27 19:29:35,012] {subprocess.py:74} INFO - Running command: ['bash', '-c', 'curl -sSL https://s3.amazonaws.com/nyc-tlc/trip+data/yellow_tripdata_2021-02.csv > /opt/***/output_2021-02.csv']
[2022-01-27 19:29:35,033] {subprocess.py:85} INFO - Output:
[2022-01-27 19:29:51,096] {subprocess.py:93} INFO - Command exited with return code 0
[2022-01-27 19:29:51,135] {taskinstance.py:1277} INFO - Marking task as SUCCESS. dag_id=LocalIngestionDag, task_id=wget, execution_date=20210202T060000, start_date=20220127T192934, end_date=20220127T192951
[2022-01-27 19:29:51,191] {local_task_job.py:154} INFO - Task exited with return code 0
[2022-01-27 19:29:51,245] {local_task_job.py:264} INFO - 1 downstream tasks scheduled from follow-on schedule check
