[2022-01-26 20:45:13,856] {taskinstance.py:1032} INFO - Dependencies all met for <TaskInstance: data_ingestion_gcs_dag.format_to_parquet_task scheduled__2022-01-25T00:00:00+00:00 [queued]>
[2022-01-26 20:45:13,868] {taskinstance.py:1032} INFO - Dependencies all met for <TaskInstance: data_ingestion_gcs_dag.format_to_parquet_task scheduled__2022-01-25T00:00:00+00:00 [queued]>
[2022-01-26 20:45:13,868] {taskinstance.py:1238} INFO - 
--------------------------------------------------------------------------------
[2022-01-26 20:45:13,868] {taskinstance.py:1239} INFO - Starting attempt 1 of 2
[2022-01-26 20:45:13,868] {taskinstance.py:1240} INFO - 
--------------------------------------------------------------------------------
[2022-01-26 20:45:13,886] {taskinstance.py:1259} INFO - Executing <Task(PythonOperator): format_to_parquet_task> on 2022-01-25 00:00:00+00:00
[2022-01-26 20:45:13,894] {standard_task_runner.py:52} INFO - Started process 116 to run task
[2022-01-26 20:45:13,899] {standard_task_runner.py:76} INFO - Running: ['***', 'tasks', 'run', 'data_ingestion_gcs_dag', 'format_to_parquet_task', 'scheduled__2022-01-25T00:00:00+00:00', '--job-id', '6', '--raw', '--subdir', 'DAGS_FOLDER/data_ingestion_gcs_dag.py', '--cfg-path', '/tmp/tmpfdpp0zz9', '--error-file', '/tmp/tmpsh9bo3vv']
[2022-01-26 20:45:13,900] {standard_task_runner.py:77} INFO - Job 6: Subtask format_to_parquet_task
[2022-01-26 20:45:13,972] {logging_mixin.py:109} INFO - Running <TaskInstance: data_ingestion_gcs_dag.format_to_parquet_task scheduled__2022-01-25T00:00:00+00:00 [running]> on host f5466823bd98
[2022-01-26 20:45:14,033] {taskinstance.py:1426} INFO - Exporting the following env vars:
AIRFLOW_CTX_DAG_OWNER=***
AIRFLOW_CTX_DAG_ID=data_ingestion_gcs_dag
AIRFLOW_CTX_TASK_ID=format_to_parquet_task
AIRFLOW_CTX_EXECUTION_DATE=2022-01-25T00:00:00+00:00
AIRFLOW_CTX_DAG_RUN_ID=scheduled__2022-01-25T00:00:00+00:00
[2022-01-26 20:45:15,202] {python.py:175} INFO - Done. Returned value was: None
[2022-01-26 20:45:15,218] {taskinstance.py:1277} INFO - Marking task as SUCCESS. dag_id=data_ingestion_gcs_dag, task_id=format_to_parquet_task, execution_date=20220125T000000, start_date=20220126T204513, end_date=20220126T204515
[2022-01-26 20:45:15,320] {local_task_job.py:154} INFO - Task exited with return code 0
[2022-01-26 20:45:15,377] {local_task_job.py:264} INFO - 1 downstream tasks scheduled from follow-on schedule check
