[2022-01-27 16:47:29,458] {taskinstance.py:1032} INFO - Dependencies all met for <TaskInstance: LocalIngestionDag.wget scheduled__2021-09-02T06:00:00+00:00 [queued]>
[2022-01-27 16:47:29,475] {taskinstance.py:1032} INFO - Dependencies all met for <TaskInstance: LocalIngestionDag.wget scheduled__2021-09-02T06:00:00+00:00 [queued]>
[2022-01-27 16:47:29,475] {taskinstance.py:1238} INFO - 
--------------------------------------------------------------------------------
[2022-01-27 16:47:29,475] {taskinstance.py:1239} INFO - Starting attempt 1 of 1
[2022-01-27 16:47:29,475] {taskinstance.py:1240} INFO - 
--------------------------------------------------------------------------------
[2022-01-27 16:47:29,500] {taskinstance.py:1259} INFO - Executing <Task(BashOperator): wget> on 2021-09-02 06:00:00+00:00
[2022-01-27 16:47:29,509] {standard_task_runner.py:52} INFO - Started process 886 to run task
[2022-01-27 16:47:29,516] {standard_task_runner.py:76} INFO - Running: ['***', 'tasks', 'run', 'LocalIngestionDag', 'wget', 'scheduled__2021-09-02T06:00:00+00:00', '--job-id', '39', '--raw', '--subdir', 'DAGS_FOLDER/data_ingestion_local.py', '--cfg-path', '/tmp/tmphvysl9e4', '--error-file', '/tmp/tmpcgy3wrcm']
[2022-01-27 16:47:29,517] {standard_task_runner.py:77} INFO - Job 39: Subtask wget
[2022-01-27 16:47:29,620] {logging_mixin.py:109} INFO - Running <TaskInstance: LocalIngestionDag.wget scheduled__2021-09-02T06:00:00+00:00 [running]> on host f18aba08ba75
[2022-01-27 16:47:29,721] {taskinstance.py:1426} INFO - Exporting the following env vars:
AIRFLOW_CTX_DAG_OWNER=***
AIRFLOW_CTX_DAG_ID=LocalIngestionDag
AIRFLOW_CTX_TASK_ID=wget
AIRFLOW_CTX_EXECUTION_DATE=2021-09-02T06:00:00+00:00
AIRFLOW_CTX_DAG_RUN_ID=scheduled__2021-09-02T06:00:00+00:00
[2022-01-27 16:47:29,722] {subprocess.py:62} INFO - Tmp dir root location: 
 /tmp
[2022-01-27 16:47:29,724] {subprocess.py:74} INFO - Running command: ['bash', '-c', 'echo "Hello World"']
[2022-01-27 16:47:29,744] {subprocess.py:85} INFO - Output:
[2022-01-27 16:47:29,747] {subprocess.py:89} INFO - Hello World
[2022-01-27 16:47:29,748] {subprocess.py:93} INFO - Command exited with return code 0
[2022-01-27 16:47:29,796] {taskinstance.py:1277} INFO - Marking task as SUCCESS. dag_id=LocalIngestionDag, task_id=wget, execution_date=20210902T060000, start_date=20220127T164729, end_date=20220127T164729
[2022-01-27 16:47:29,847] {local_task_job.py:154} INFO - Task exited with return code 0
[2022-01-27 16:47:29,919] {local_task_job.py:264} INFO - 1 downstream tasks scheduled from follow-on schedule check
[2022-01-27 18:59:00,246] {taskinstance.py:1032} INFO - Dependencies all met for <TaskInstance: LocalIngestionDag.wget scheduled__2021-09-02T06:00:00+00:00 [queued]>
[2022-01-27 18:59:00,281] {taskinstance.py:1032} INFO - Dependencies all met for <TaskInstance: LocalIngestionDag.wget scheduled__2021-09-02T06:00:00+00:00 [queued]>
[2022-01-27 18:59:00,281] {taskinstance.py:1238} INFO - 
--------------------------------------------------------------------------------
[2022-01-27 18:59:00,282] {taskinstance.py:1239} INFO - Starting attempt 1 of 1
[2022-01-27 18:59:00,282] {taskinstance.py:1240} INFO - 
--------------------------------------------------------------------------------
[2022-01-27 18:59:00,310] {taskinstance.py:1259} INFO - Executing <Task(BashOperator): wget> on 2021-09-02 06:00:00+00:00
[2022-01-27 18:59:00,320] {standard_task_runner.py:52} INFO - Started process 190 to run task
[2022-01-27 18:59:00,332] {standard_task_runner.py:76} INFO - Running: ['***', 'tasks', 'run', 'LocalIngestionDag', 'wget', 'scheduled__2021-09-02T06:00:00+00:00', '--job-id', '72', '--raw', '--subdir', 'DAGS_FOLDER/data_ingestion_local.py', '--cfg-path', '/tmp/tmpnix862tv', '--error-file', '/tmp/tmpig9fhg1r']
[2022-01-27 18:59:00,333] {standard_task_runner.py:77} INFO - Job 72: Subtask wget
[2022-01-27 18:59:00,487] {logging_mixin.py:109} INFO - Running <TaskInstance: LocalIngestionDag.wget scheduled__2021-09-02T06:00:00+00:00 [running]> on host 10aa7ffeb97f
[2022-01-27 18:59:00,609] {warnings.py:110} WARNING - /home/***/.local/lib/python3.7/site-packages/***/utils/context.py:152: AirflowContextDeprecationWarning: Accessing 'execution_date' from the template is deprecated and will be removed in a future version. Please use 'data_interval_start' or 'logical_date' instead.
  warnings.warn(_create_deprecation_warning(key, self._deprecation_replacements[key]))

[2022-01-27 18:59:00,688] {taskinstance.py:1426} INFO - Exporting the following env vars:
AIRFLOW_CTX_DAG_OWNER=***
AIRFLOW_CTX_DAG_ID=LocalIngestionDag
AIRFLOW_CTX_TASK_ID=wget
AIRFLOW_CTX_EXECUTION_DATE=2021-09-02T06:00:00+00:00
AIRFLOW_CTX_DAG_RUN_ID=scheduled__2021-09-02T06:00:00+00:00
[2022-01-27 18:59:00,689] {subprocess.py:62} INFO - Tmp dir root location: 
 /tmp
[2022-01-27 18:59:00,691] {subprocess.py:74} INFO - Running command: ['bash', '-c', 'curl -sSL https://s3.amazonaws.com/nyc-tlc/trip+data/yellow_tripdata_2021-09.csv > /opt/***/output_2021-09.csv']
[2022-01-27 18:59:00,719] {subprocess.py:85} INFO - Output:
[2022-01-27 18:59:01,671] {subprocess.py:93} INFO - Command exited with return code 0
[2022-01-27 18:59:02,068] {taskinstance.py:1277} INFO - Marking task as SUCCESS. dag_id=LocalIngestionDag, task_id=wget, execution_date=20210902T060000, start_date=20220127T185900, end_date=20220127T185902
[2022-01-27 18:59:02,147] {local_task_job.py:154} INFO - Task exited with return code 0
[2022-01-27 18:59:02,314] {local_task_job.py:264} INFO - 1 downstream tasks scheduled from follow-on schedule check
[2022-01-27 19:14:07,734] {taskinstance.py:1032} INFO - Dependencies all met for <TaskInstance: LocalIngestionDag.wget scheduled__2021-09-02T06:00:00+00:00 [queued]>
[2022-01-27 19:14:07,788] {taskinstance.py:1032} INFO - Dependencies all met for <TaskInstance: LocalIngestionDag.wget scheduled__2021-09-02T06:00:00+00:00 [queued]>
[2022-01-27 19:14:07,788] {taskinstance.py:1238} INFO - 
--------------------------------------------------------------------------------
[2022-01-27 19:14:07,789] {taskinstance.py:1239} INFO - Starting attempt 1 of 1
[2022-01-27 19:14:07,789] {taskinstance.py:1240} INFO - 
--------------------------------------------------------------------------------
[2022-01-27 19:14:07,849] {taskinstance.py:1259} INFO - Executing <Task(BashOperator): wget> on 2021-09-02 06:00:00+00:00
[2022-01-27 19:14:07,865] {standard_task_runner.py:52} INFO - Started process 194 to run task
[2022-01-27 19:14:07,870] {standard_task_runner.py:76} INFO - Running: ['***', 'tasks', 'run', 'LocalIngestionDag', 'wget', 'scheduled__2021-09-02T06:00:00+00:00', '--job-id', '100', '--raw', '--subdir', 'DAGS_FOLDER/data_ingestion_local.py', '--cfg-path', '/tmp/tmpacspz4ug', '--error-file', '/tmp/tmp9ffhpzkw']
[2022-01-27 19:14:07,876] {standard_task_runner.py:77} INFO - Job 100: Subtask wget
[2022-01-27 19:14:08,139] {logging_mixin.py:109} INFO - Running <TaskInstance: LocalIngestionDag.wget scheduled__2021-09-02T06:00:00+00:00 [running]> on host 9ee291f061ff
[2022-01-27 19:14:08,244] {warnings.py:110} WARNING - /home/***/.local/lib/python3.7/site-packages/***/utils/context.py:152: AirflowContextDeprecationWarning: Accessing 'execution_date' from the template is deprecated and will be removed in a future version. Please use 'data_interval_start' or 'logical_date' instead.
  warnings.warn(_create_deprecation_warning(key, self._deprecation_replacements[key]))

[2022-01-27 19:14:08,309] {taskinstance.py:1426} INFO - Exporting the following env vars:
AIRFLOW_CTX_DAG_OWNER=***
AIRFLOW_CTX_DAG_ID=LocalIngestionDag
AIRFLOW_CTX_TASK_ID=wget
AIRFLOW_CTX_EXECUTION_DATE=2021-09-02T06:00:00+00:00
AIRFLOW_CTX_DAG_RUN_ID=scheduled__2021-09-02T06:00:00+00:00
[2022-01-27 19:14:08,311] {subprocess.py:62} INFO - Tmp dir root location: 
 /tmp
[2022-01-27 19:14:08,312] {subprocess.py:74} INFO - Running command: ['bash', '-c', 'curl -sSL https://s3.amazonaws.com/nyc-tlc/trip+data/yellow_tripdata_2021-09.csv > /opt/***/output_2021-09.csv']
[2022-01-27 19:14:08,344] {subprocess.py:85} INFO - Output:
[2022-01-27 19:14:09,012] {subprocess.py:93} INFO - Command exited with return code 0
[2022-01-27 19:14:09,213] {taskinstance.py:1277} INFO - Marking task as SUCCESS. dag_id=LocalIngestionDag, task_id=wget, execution_date=20210902T060000, start_date=20220127T191407, end_date=20220127T191409
[2022-01-27 19:14:09,418] {local_task_job.py:154} INFO - Task exited with return code 0
[2022-01-27 19:14:09,546] {local_task_job.py:264} INFO - 1 downstream tasks scheduled from follow-on schedule check
