[2022-01-26 20:57:08,871] {taskinstance.py:1032} INFO - Dependencies all met for <TaskInstance: data_ingestion_gcs_dag.bigquery_external_table_task manual__2022-01-26T20:55:14.911439+00:00 [queued]>
[2022-01-26 20:57:08,885] {taskinstance.py:1032} INFO - Dependencies all met for <TaskInstance: data_ingestion_gcs_dag.bigquery_external_table_task manual__2022-01-26T20:55:14.911439+00:00 [queued]>
[2022-01-26 20:57:08,885] {taskinstance.py:1238} INFO - 
--------------------------------------------------------------------------------
[2022-01-26 20:57:08,885] {taskinstance.py:1239} INFO - Starting attempt 1 of 2
[2022-01-26 20:57:08,885] {taskinstance.py:1240} INFO - 
--------------------------------------------------------------------------------
[2022-01-26 20:57:08,901] {taskinstance.py:1259} INFO - Executing <Task(BigQueryCreateExternalTableOperator): bigquery_external_table_task> on 2022-01-26 20:55:14.911439+00:00
[2022-01-26 20:57:08,910] {standard_task_runner.py:52} INFO - Started process 692 to run task
[2022-01-26 20:57:08,915] {standard_task_runner.py:76} INFO - Running: ['***', 'tasks', 'run', 'data_ingestion_gcs_dag', 'bigquery_external_table_task', 'manual__2022-01-26T20:55:14.911439+00:00', '--job-id', '17', '--raw', '--subdir', 'DAGS_FOLDER/data_ingestion_gcs_dag.py', '--cfg-path', '/tmp/tmpzn_ygynk', '--error-file', '/tmp/tmpg64fe4zb']
[2022-01-26 20:57:08,916] {standard_task_runner.py:77} INFO - Job 17: Subtask bigquery_external_table_task
[2022-01-26 20:57:08,994] {logging_mixin.py:109} INFO - Running <TaskInstance: data_ingestion_gcs_dag.bigquery_external_table_task manual__2022-01-26T20:55:14.911439+00:00 [running]> on host f5466823bd98
[2022-01-26 20:57:09,070] {taskinstance.py:1426} INFO - Exporting the following env vars:
AIRFLOW_CTX_DAG_OWNER=***
AIRFLOW_CTX_DAG_ID=data_ingestion_gcs_dag
AIRFLOW_CTX_TASK_ID=bigquery_external_table_task
AIRFLOW_CTX_EXECUTION_DATE=2022-01-26T20:55:14.911439+00:00
AIRFLOW_CTX_DAG_RUN_ID=manual__2022-01-26T20:55:14.911439+00:00
[2022-01-26 20:57:09,073] {crypto.py:82} WARNING - empty cryptography key - values will not be stored encrypted.
[2022-01-26 20:57:10,483] {taskinstance.py:1277} INFO - Marking task as SUCCESS. dag_id=data_ingestion_gcs_dag, task_id=bigquery_external_table_task, execution_date=20220126T205514, start_date=20220126T205708, end_date=20220126T205710
[2022-01-26 20:57:10,530] {local_task_job.py:154} INFO - Task exited with return code 0
[2022-01-26 20:57:10,579] {local_task_job.py:264} INFO - 0 downstream tasks scheduled from follow-on schedule check
