[2022-01-27 16:47:21,414] {taskinstance.py:1032} INFO - Dependencies all met for <TaskInstance: LocalIngestionDag.wget manual__2022-01-27T16:47:20.316898+00:00 [queued]>
[2022-01-27 16:47:21,435] {taskinstance.py:1032} INFO - Dependencies all met for <TaskInstance: LocalIngestionDag.wget manual__2022-01-27T16:47:20.316898+00:00 [queued]>
[2022-01-27 16:47:21,435] {taskinstance.py:1238} INFO - 
--------------------------------------------------------------------------------
[2022-01-27 16:47:21,435] {taskinstance.py:1239} INFO - Starting attempt 1 of 1
[2022-01-27 16:47:21,435] {taskinstance.py:1240} INFO - 
--------------------------------------------------------------------------------
[2022-01-27 16:47:21,452] {taskinstance.py:1259} INFO - Executing <Task(BashOperator): wget> on 2022-01-27 16:47:20.316898+00:00
[2022-01-27 16:47:21,460] {standard_task_runner.py:52} INFO - Started process 833 to run task
[2022-01-27 16:47:21,465] {standard_task_runner.py:76} INFO - Running: ['***', 'tasks', 'run', 'LocalIngestionDag', 'wget', 'manual__2022-01-27T16:47:20.316898+00:00', '--job-id', '22', '--raw', '--subdir', 'DAGS_FOLDER/data_ingestion_local.py', '--cfg-path', '/tmp/tmpoxj5pnx1', '--error-file', '/tmp/tmp9x4fn8lp']
[2022-01-27 16:47:21,465] {standard_task_runner.py:77} INFO - Job 22: Subtask wget
[2022-01-27 16:47:21,545] {logging_mixin.py:109} INFO - Running <TaskInstance: LocalIngestionDag.wget manual__2022-01-27T16:47:20.316898+00:00 [running]> on host f18aba08ba75
[2022-01-27 16:47:21,646] {taskinstance.py:1426} INFO - Exporting the following env vars:
AIRFLOW_CTX_DAG_OWNER=***
AIRFLOW_CTX_DAG_ID=LocalIngestionDag
AIRFLOW_CTX_TASK_ID=wget
AIRFLOW_CTX_EXECUTION_DATE=2022-01-27T16:47:20.316898+00:00
AIRFLOW_CTX_DAG_RUN_ID=manual__2022-01-27T16:47:20.316898+00:00
[2022-01-27 16:47:21,648] {subprocess.py:62} INFO - Tmp dir root location: 
 /tmp
[2022-01-27 16:47:21,650] {subprocess.py:74} INFO - Running command: ['bash', '-c', 'echo "Hello World"']
[2022-01-27 16:47:21,675] {subprocess.py:85} INFO - Output:
[2022-01-27 16:47:21,682] {subprocess.py:89} INFO - Hello World
[2022-01-27 16:47:21,683] {subprocess.py:93} INFO - Command exited with return code 0
[2022-01-27 16:47:21,734] {taskinstance.py:1277} INFO - Marking task as SUCCESS. dag_id=LocalIngestionDag, task_id=wget, execution_date=20220127T164720, start_date=20220127T164721, end_date=20220127T164721
[2022-01-27 16:47:21,807] {local_task_job.py:154} INFO - Task exited with return code 0
[2022-01-27 16:47:21,869] {local_task_job.py:264} INFO - 1 downstream tasks scheduled from follow-on schedule check
