[2022-01-27 16:47:30,266] {taskinstance.py:1032} INFO - Dependencies all met for <TaskInstance: LocalIngestionDag.wget scheduled__2021-11-02T06:00:00+00:00 [queued]>
[2022-01-27 16:47:30,291] {taskinstance.py:1032} INFO - Dependencies all met for <TaskInstance: LocalIngestionDag.wget scheduled__2021-11-02T06:00:00+00:00 [queued]>
[2022-01-27 16:47:30,291] {taskinstance.py:1238} INFO - 
--------------------------------------------------------------------------------
[2022-01-27 16:47:30,292] {taskinstance.py:1239} INFO - Starting attempt 1 of 1
[2022-01-27 16:47:30,292] {taskinstance.py:1240} INFO - 
--------------------------------------------------------------------------------
[2022-01-27 16:47:30,318] {taskinstance.py:1259} INFO - Executing <Task(BashOperator): wget> on 2021-11-02 06:00:00+00:00
[2022-01-27 16:47:30,327] {standard_task_runner.py:52} INFO - Started process 899 to run task
[2022-01-27 16:47:30,352] {standard_task_runner.py:76} INFO - Running: ['***', 'tasks', 'run', 'LocalIngestionDag', 'wget', 'scheduled__2021-11-02T06:00:00+00:00', '--job-id', '42', '--raw', '--subdir', 'DAGS_FOLDER/data_ingestion_local.py', '--cfg-path', '/tmp/tmppt8m6sn7', '--error-file', '/tmp/tmpahzdiknz']
[2022-01-27 16:47:30,352] {standard_task_runner.py:77} INFO - Job 42: Subtask wget
[2022-01-27 16:47:30,491] {logging_mixin.py:109} INFO - Running <TaskInstance: LocalIngestionDag.wget scheduled__2021-11-02T06:00:00+00:00 [running]> on host f18aba08ba75
[2022-01-27 16:47:30,649] {taskinstance.py:1426} INFO - Exporting the following env vars:
AIRFLOW_CTX_DAG_OWNER=***
AIRFLOW_CTX_DAG_ID=LocalIngestionDag
AIRFLOW_CTX_TASK_ID=wget
AIRFLOW_CTX_EXECUTION_DATE=2021-11-02T06:00:00+00:00
AIRFLOW_CTX_DAG_RUN_ID=scheduled__2021-11-02T06:00:00+00:00
[2022-01-27 16:47:30,651] {subprocess.py:62} INFO - Tmp dir root location: 
 /tmp
[2022-01-27 16:47:30,653] {subprocess.py:74} INFO - Running command: ['bash', '-c', 'echo "Hello World"']
[2022-01-27 16:47:30,673] {subprocess.py:85} INFO - Output:
[2022-01-27 16:47:30,676] {subprocess.py:89} INFO - Hello World
[2022-01-27 16:47:30,677] {subprocess.py:93} INFO - Command exited with return code 0
[2022-01-27 16:47:30,833] {taskinstance.py:1277} INFO - Marking task as SUCCESS. dag_id=LocalIngestionDag, task_id=wget, execution_date=20211102T060000, start_date=20220127T164730, end_date=20220127T164730
[2022-01-27 16:47:30,912] {local_task_job.py:154} INFO - Task exited with return code 0
[2022-01-27 16:47:30,979] {local_task_job.py:264} INFO - 1 downstream tasks scheduled from follow-on schedule check
[2022-01-27 18:59:02,597] {taskinstance.py:1032} INFO - Dependencies all met for <TaskInstance: LocalIngestionDag.wget scheduled__2021-11-02T06:00:00+00:00 [queued]>
[2022-01-27 18:59:02,668] {taskinstance.py:1032} INFO - Dependencies all met for <TaskInstance: LocalIngestionDag.wget scheduled__2021-11-02T06:00:00+00:00 [queued]>
[2022-01-27 18:59:02,668] {taskinstance.py:1238} INFO - 
--------------------------------------------------------------------------------
[2022-01-27 18:59:02,669] {taskinstance.py:1239} INFO - Starting attempt 1 of 1
[2022-01-27 18:59:02,669] {taskinstance.py:1240} INFO - 
--------------------------------------------------------------------------------
[2022-01-27 18:59:02,735] {taskinstance.py:1259} INFO - Executing <Task(BashOperator): wget> on 2021-11-02 06:00:00+00:00
[2022-01-27 18:59:02,789] {standard_task_runner.py:52} INFO - Started process 212 to run task
[2022-01-27 18:59:02,807] {standard_task_runner.py:76} INFO - Running: ['***', 'tasks', 'run', 'LocalIngestionDag', 'wget', 'scheduled__2021-11-02T06:00:00+00:00', '--job-id', '75', '--raw', '--subdir', 'DAGS_FOLDER/data_ingestion_local.py', '--cfg-path', '/tmp/tmpboy6wqxo', '--error-file', '/tmp/tmpfjozligy']
[2022-01-27 18:59:02,808] {standard_task_runner.py:77} INFO - Job 75: Subtask wget
[2022-01-27 18:59:02,928] {logging_mixin.py:109} INFO - Running <TaskInstance: LocalIngestionDag.wget scheduled__2021-11-02T06:00:00+00:00 [running]> on host 10aa7ffeb97f
[2022-01-27 18:59:03,037] {warnings.py:110} WARNING - /home/***/.local/lib/python3.7/site-packages/***/utils/context.py:152: AirflowContextDeprecationWarning: Accessing 'execution_date' from the template is deprecated and will be removed in a future version. Please use 'data_interval_start' or 'logical_date' instead.
  warnings.warn(_create_deprecation_warning(key, self._deprecation_replacements[key]))

[2022-01-27 18:59:03,103] {taskinstance.py:1426} INFO - Exporting the following env vars:
AIRFLOW_CTX_DAG_OWNER=***
AIRFLOW_CTX_DAG_ID=LocalIngestionDag
AIRFLOW_CTX_TASK_ID=wget
AIRFLOW_CTX_EXECUTION_DATE=2021-11-02T06:00:00+00:00
AIRFLOW_CTX_DAG_RUN_ID=scheduled__2021-11-02T06:00:00+00:00
[2022-01-27 18:59:03,105] {subprocess.py:62} INFO - Tmp dir root location: 
 /tmp
[2022-01-27 18:59:03,107] {subprocess.py:74} INFO - Running command: ['bash', '-c', 'curl -sSL https://s3.amazonaws.com/nyc-tlc/trip+data/yellow_tripdata_2021-11.csv > /opt/***/output_2021-11.csv']
[2022-01-27 18:59:03,163] {subprocess.py:85} INFO - Output:
[2022-01-27 18:59:04,194] {subprocess.py:93} INFO - Command exited with return code 0
[2022-01-27 18:59:04,810] {taskinstance.py:1277} INFO - Marking task as SUCCESS. dag_id=LocalIngestionDag, task_id=wget, execution_date=20211102T060000, start_date=20220127T185902, end_date=20220127T185904
[2022-01-27 18:59:04,905] {local_task_job.py:154} INFO - Task exited with return code 0
[2022-01-27 18:59:04,990] {local_task_job.py:264} INFO - 1 downstream tasks scheduled from follow-on schedule check
[2022-01-27 19:14:09,387] {taskinstance.py:1032} INFO - Dependencies all met for <TaskInstance: LocalIngestionDag.wget scheduled__2021-11-02T06:00:00+00:00 [queued]>
[2022-01-27 19:14:09,415] {taskinstance.py:1032} INFO - Dependencies all met for <TaskInstance: LocalIngestionDag.wget scheduled__2021-11-02T06:00:00+00:00 [queued]>
[2022-01-27 19:14:09,415] {taskinstance.py:1238} INFO - 
--------------------------------------------------------------------------------
[2022-01-27 19:14:09,416] {taskinstance.py:1239} INFO - Starting attempt 1 of 1
[2022-01-27 19:14:09,416] {taskinstance.py:1240} INFO - 
--------------------------------------------------------------------------------
[2022-01-27 19:14:09,447] {taskinstance.py:1259} INFO - Executing <Task(BashOperator): wget> on 2021-11-02 06:00:00+00:00
[2022-01-27 19:14:09,455] {standard_task_runner.py:52} INFO - Started process 203 to run task
[2022-01-27 19:14:09,465] {standard_task_runner.py:76} INFO - Running: ['***', 'tasks', 'run', 'LocalIngestionDag', 'wget', 'scheduled__2021-11-02T06:00:00+00:00', '--job-id', '103', '--raw', '--subdir', 'DAGS_FOLDER/data_ingestion_local.py', '--cfg-path', '/tmp/tmpkbohd6pk', '--error-file', '/tmp/tmp0ka5yxqr']
[2022-01-27 19:14:09,466] {standard_task_runner.py:77} INFO - Job 103: Subtask wget
[2022-01-27 19:14:09,704] {logging_mixin.py:109} INFO - Running <TaskInstance: LocalIngestionDag.wget scheduled__2021-11-02T06:00:00+00:00 [running]> on host 9ee291f061ff
[2022-01-27 19:14:09,796] {warnings.py:110} WARNING - /home/***/.local/lib/python3.7/site-packages/***/utils/context.py:152: AirflowContextDeprecationWarning: Accessing 'execution_date' from the template is deprecated and will be removed in a future version. Please use 'data_interval_start' or 'logical_date' instead.
  warnings.warn(_create_deprecation_warning(key, self._deprecation_replacements[key]))

[2022-01-27 19:14:09,832] {taskinstance.py:1426} INFO - Exporting the following env vars:
AIRFLOW_CTX_DAG_OWNER=***
AIRFLOW_CTX_DAG_ID=LocalIngestionDag
AIRFLOW_CTX_TASK_ID=wget
AIRFLOW_CTX_EXECUTION_DATE=2021-11-02T06:00:00+00:00
AIRFLOW_CTX_DAG_RUN_ID=scheduled__2021-11-02T06:00:00+00:00
[2022-01-27 19:14:09,834] {subprocess.py:62} INFO - Tmp dir root location: 
 /tmp
[2022-01-27 19:14:09,835] {subprocess.py:74} INFO - Running command: ['bash', '-c', 'curl -sSL https://s3.amazonaws.com/nyc-tlc/trip+data/yellow_tripdata_2021-11.csv > /opt/***/output_2021-11.csv']
[2022-01-27 19:14:09,855] {subprocess.py:85} INFO - Output:
[2022-01-27 19:14:10,363] {subprocess.py:93} INFO - Command exited with return code 0
[2022-01-27 19:14:11,093] {taskinstance.py:1277} INFO - Marking task as SUCCESS. dag_id=LocalIngestionDag, task_id=wget, execution_date=20211102T060000, start_date=20220127T191409, end_date=20220127T191411
[2022-01-27 19:14:11,234] {local_task_job.py:154} INFO - Task exited with return code 0
[2022-01-27 19:14:11,437] {local_task_job.py:264} INFO - 1 downstream tasks scheduled from follow-on schedule check
