[2022-01-27 19:14:03,922] {taskinstance.py:1032} INFO - Dependencies all met for <TaskInstance: LocalIngestionDag.wget manual__2022-01-27T19:13:59.969072+00:00 [queued]>
[2022-01-27 19:14:03,947] {taskinstance.py:1032} INFO - Dependencies all met for <TaskInstance: LocalIngestionDag.wget manual__2022-01-27T19:13:59.969072+00:00 [queued]>
[2022-01-27 19:14:03,948] {taskinstance.py:1238} INFO - 
--------------------------------------------------------------------------------
[2022-01-27 19:14:03,948] {taskinstance.py:1239} INFO - Starting attempt 1 of 1
[2022-01-27 19:14:03,948] {taskinstance.py:1240} INFO - 
--------------------------------------------------------------------------------
[2022-01-27 19:14:04,011] {taskinstance.py:1259} INFO - Executing <Task(BashOperator): wget> on 2022-01-27 19:13:59.969072+00:00
[2022-01-27 19:14:04,023] {standard_task_runner.py:52} INFO - Started process 145 to run task
[2022-01-27 19:14:04,048] {standard_task_runner.py:76} INFO - Running: ['***', 'tasks', 'run', 'LocalIngestionDag', 'wget', 'manual__2022-01-27T19:13:59.969072+00:00', '--job-id', '93', '--raw', '--subdir', 'DAGS_FOLDER/data_ingestion_local.py', '--cfg-path', '/tmp/tmp2zjpqt0j', '--error-file', '/tmp/tmp353f7e4_']
[2022-01-27 19:14:04,050] {standard_task_runner.py:77} INFO - Job 93: Subtask wget
[2022-01-27 19:14:04,266] {logging_mixin.py:109} INFO - Running <TaskInstance: LocalIngestionDag.wget manual__2022-01-27T19:13:59.969072+00:00 [running]> on host 9ee291f061ff
[2022-01-27 19:14:04,444] {warnings.py:110} WARNING - /home/***/.local/lib/python3.7/site-packages/***/utils/context.py:152: AirflowContextDeprecationWarning: Accessing 'execution_date' from the template is deprecated and will be removed in a future version. Please use 'data_interval_start' or 'logical_date' instead.
  warnings.warn(_create_deprecation_warning(key, self._deprecation_replacements[key]))

[2022-01-27 19:14:04,562] {taskinstance.py:1426} INFO - Exporting the following env vars:
AIRFLOW_CTX_DAG_OWNER=***
AIRFLOW_CTX_DAG_ID=LocalIngestionDag
AIRFLOW_CTX_TASK_ID=wget
AIRFLOW_CTX_EXECUTION_DATE=2022-01-27T19:13:59.969072+00:00
AIRFLOW_CTX_DAG_RUN_ID=manual__2022-01-27T19:13:59.969072+00:00
[2022-01-27 19:14:04,563] {subprocess.py:62} INFO - Tmp dir root location: 
 /tmp
[2022-01-27 19:14:04,564] {subprocess.py:74} INFO - Running command: ['bash', '-c', 'curl -sSL https://s3.amazonaws.com/nyc-tlc/trip+data/yellow_tripdata_2022-01.csv > /opt/***/output_2022-01.csv']
[2022-01-27 19:14:04,611] {subprocess.py:85} INFO - Output:
[2022-01-27 19:14:05,472] {subprocess.py:93} INFO - Command exited with return code 0
[2022-01-27 19:14:05,535] {taskinstance.py:1277} INFO - Marking task as SUCCESS. dag_id=LocalIngestionDag, task_id=wget, execution_date=20220127T191359, start_date=20220127T191403, end_date=20220127T191405
[2022-01-27 19:14:05,583] {local_task_job.py:154} INFO - Task exited with return code 0
[2022-01-27 19:14:06,026] {local_task_job.py:264} INFO - 0 downstream tasks scheduled from follow-on schedule check
