[2022-01-27 16:47:27,916] {taskinstance.py:1032} INFO - Dependencies all met for <TaskInstance: LocalIngestionDag.wget scheduled__2021-08-02T06:00:00+00:00 [queued]>
[2022-01-27 16:47:27,933] {taskinstance.py:1032} INFO - Dependencies all met for <TaskInstance: LocalIngestionDag.wget scheduled__2021-08-02T06:00:00+00:00 [queued]>
[2022-01-27 16:47:27,933] {taskinstance.py:1238} INFO - 
--------------------------------------------------------------------------------
[2022-01-27 16:47:27,933] {taskinstance.py:1239} INFO - Starting attempt 1 of 1
[2022-01-27 16:47:27,933] {taskinstance.py:1240} INFO - 
--------------------------------------------------------------------------------
[2022-01-27 16:47:27,953] {taskinstance.py:1259} INFO - Executing <Task(BashOperator): wget> on 2021-08-02 06:00:00+00:00
[2022-01-27 16:47:27,959] {standard_task_runner.py:52} INFO - Started process 880 to run task
[2022-01-27 16:47:27,964] {standard_task_runner.py:76} INFO - Running: ['***', 'tasks', 'run', 'LocalIngestionDag', 'wget', 'scheduled__2021-08-02T06:00:00+00:00', '--job-id', '38', '--raw', '--subdir', 'DAGS_FOLDER/data_ingestion_local.py', '--cfg-path', '/tmp/tmp06jbwuaj', '--error-file', '/tmp/tmp6uo3z6g0']
[2022-01-27 16:47:27,964] {standard_task_runner.py:77} INFO - Job 38: Subtask wget
[2022-01-27 16:47:28,056] {logging_mixin.py:109} INFO - Running <TaskInstance: LocalIngestionDag.wget scheduled__2021-08-02T06:00:00+00:00 [running]> on host f18aba08ba75
[2022-01-27 16:47:28,146] {taskinstance.py:1426} INFO - Exporting the following env vars:
AIRFLOW_CTX_DAG_OWNER=***
AIRFLOW_CTX_DAG_ID=LocalIngestionDag
AIRFLOW_CTX_TASK_ID=wget
AIRFLOW_CTX_EXECUTION_DATE=2021-08-02T06:00:00+00:00
AIRFLOW_CTX_DAG_RUN_ID=scheduled__2021-08-02T06:00:00+00:00
[2022-01-27 16:47:28,147] {subprocess.py:62} INFO - Tmp dir root location: 
 /tmp
[2022-01-27 16:47:28,149] {subprocess.py:74} INFO - Running command: ['bash', '-c', 'echo "Hello World"']
[2022-01-27 16:47:28,167] {subprocess.py:85} INFO - Output:
[2022-01-27 16:47:28,169] {subprocess.py:89} INFO - Hello World
[2022-01-27 16:47:28,169] {subprocess.py:93} INFO - Command exited with return code 0
[2022-01-27 16:47:28,212] {taskinstance.py:1277} INFO - Marking task as SUCCESS. dag_id=LocalIngestionDag, task_id=wget, execution_date=20210802T060000, start_date=20220127T164727, end_date=20220127T164728
[2022-01-27 16:47:28,255] {local_task_job.py:154} INFO - Task exited with return code 0
[2022-01-27 16:47:28,314] {local_task_job.py:264} INFO - 1 downstream tasks scheduled from follow-on schedule check
[2022-01-27 18:58:59,392] {taskinstance.py:1032} INFO - Dependencies all met for <TaskInstance: LocalIngestionDag.wget scheduled__2021-08-02T06:00:00+00:00 [queued]>
[2022-01-27 18:58:59,424] {taskinstance.py:1032} INFO - Dependencies all met for <TaskInstance: LocalIngestionDag.wget scheduled__2021-08-02T06:00:00+00:00 [queued]>
[2022-01-27 18:58:59,424] {taskinstance.py:1238} INFO - 
--------------------------------------------------------------------------------
[2022-01-27 18:58:59,424] {taskinstance.py:1239} INFO - Starting attempt 1 of 1
[2022-01-27 18:58:59,424] {taskinstance.py:1240} INFO - 
--------------------------------------------------------------------------------
[2022-01-27 18:58:59,453] {taskinstance.py:1259} INFO - Executing <Task(BashOperator): wget> on 2021-08-02 06:00:00+00:00
[2022-01-27 18:58:59,462] {standard_task_runner.py:52} INFO - Started process 179 to run task
[2022-01-27 18:58:59,468] {standard_task_runner.py:76} INFO - Running: ['***', 'tasks', 'run', 'LocalIngestionDag', 'wget', 'scheduled__2021-08-02T06:00:00+00:00', '--job-id', '71', '--raw', '--subdir', 'DAGS_FOLDER/data_ingestion_local.py', '--cfg-path', '/tmp/tmpgvpooo7_', '--error-file', '/tmp/tmpbgzwtkd7']
[2022-01-27 18:58:59,470] {standard_task_runner.py:77} INFO - Job 71: Subtask wget
[2022-01-27 18:58:59,593] {logging_mixin.py:109} INFO - Running <TaskInstance: LocalIngestionDag.wget scheduled__2021-08-02T06:00:00+00:00 [running]> on host 10aa7ffeb97f
[2022-01-27 18:58:59,677] {warnings.py:110} WARNING - /home/***/.local/lib/python3.7/site-packages/***/utils/context.py:152: AirflowContextDeprecationWarning: Accessing 'execution_date' from the template is deprecated and will be removed in a future version. Please use 'data_interval_start' or 'logical_date' instead.
  warnings.warn(_create_deprecation_warning(key, self._deprecation_replacements[key]))

[2022-01-27 18:58:59,713] {taskinstance.py:1426} INFO - Exporting the following env vars:
AIRFLOW_CTX_DAG_OWNER=***
AIRFLOW_CTX_DAG_ID=LocalIngestionDag
AIRFLOW_CTX_TASK_ID=wget
AIRFLOW_CTX_EXECUTION_DATE=2021-08-02T06:00:00+00:00
AIRFLOW_CTX_DAG_RUN_ID=scheduled__2021-08-02T06:00:00+00:00
[2022-01-27 18:58:59,715] {subprocess.py:62} INFO - Tmp dir root location: 
 /tmp
[2022-01-27 18:58:59,716] {subprocess.py:74} INFO - Running command: ['bash', '-c', 'curl -sSL https://s3.amazonaws.com/nyc-tlc/trip+data/yellow_tripdata_2021-08.csv > /opt/***/output_2021-08.csv']
[2022-01-27 18:58:59,743] {subprocess.py:85} INFO - Output:
[2022-01-27 18:59:00,774] {subprocess.py:93} INFO - Command exited with return code 0
[2022-01-27 18:59:01,013] {taskinstance.py:1277} INFO - Marking task as SUCCESS. dag_id=LocalIngestionDag, task_id=wget, execution_date=20210802T060000, start_date=20220127T185859, end_date=20220127T185901
[2022-01-27 18:59:01,117] {local_task_job.py:154} INFO - Task exited with return code 0
[2022-01-27 18:59:01,242] {local_task_job.py:264} INFO - 1 downstream tasks scheduled from follow-on schedule check
[2022-01-27 19:14:06,339] {taskinstance.py:1032} INFO - Dependencies all met for <TaskInstance: LocalIngestionDag.wget scheduled__2021-08-02T06:00:00+00:00 [queued]>
[2022-01-27 19:14:06,368] {taskinstance.py:1032} INFO - Dependencies all met for <TaskInstance: LocalIngestionDag.wget scheduled__2021-08-02T06:00:00+00:00 [queued]>
[2022-01-27 19:14:06,368] {taskinstance.py:1238} INFO - 
--------------------------------------------------------------------------------
[2022-01-27 19:14:06,368] {taskinstance.py:1239} INFO - Starting attempt 1 of 1
[2022-01-27 19:14:06,368] {taskinstance.py:1240} INFO - 
--------------------------------------------------------------------------------
[2022-01-27 19:14:06,397] {taskinstance.py:1259} INFO - Executing <Task(BashOperator): wget> on 2021-08-02 06:00:00+00:00
[2022-01-27 19:14:06,407] {standard_task_runner.py:52} INFO - Started process 185 to run task
[2022-01-27 19:14:06,413] {standard_task_runner.py:76} INFO - Running: ['***', 'tasks', 'run', 'LocalIngestionDag', 'wget', 'scheduled__2021-08-02T06:00:00+00:00', '--job-id', '99', '--raw', '--subdir', 'DAGS_FOLDER/data_ingestion_local.py', '--cfg-path', '/tmp/tmp0wx82z36', '--error-file', '/tmp/tmpae4y7old']
[2022-01-27 19:14:06,414] {standard_task_runner.py:77} INFO - Job 99: Subtask wget
[2022-01-27 19:14:06,567] {logging_mixin.py:109} INFO - Running <TaskInstance: LocalIngestionDag.wget scheduled__2021-08-02T06:00:00+00:00 [running]> on host 9ee291f061ff
[2022-01-27 19:14:06,689] {warnings.py:110} WARNING - /home/***/.local/lib/python3.7/site-packages/***/utils/context.py:152: AirflowContextDeprecationWarning: Accessing 'execution_date' from the template is deprecated and will be removed in a future version. Please use 'data_interval_start' or 'logical_date' instead.
  warnings.warn(_create_deprecation_warning(key, self._deprecation_replacements[key]))

[2022-01-27 19:14:06,758] {taskinstance.py:1426} INFO - Exporting the following env vars:
AIRFLOW_CTX_DAG_OWNER=***
AIRFLOW_CTX_DAG_ID=LocalIngestionDag
AIRFLOW_CTX_TASK_ID=wget
AIRFLOW_CTX_EXECUTION_DATE=2021-08-02T06:00:00+00:00
AIRFLOW_CTX_DAG_RUN_ID=scheduled__2021-08-02T06:00:00+00:00
[2022-01-27 19:14:06,759] {subprocess.py:62} INFO - Tmp dir root location: 
 /tmp
[2022-01-27 19:14:06,761] {subprocess.py:74} INFO - Running command: ['bash', '-c', 'curl -sSL https://s3.amazonaws.com/nyc-tlc/trip+data/yellow_tripdata_2021-08.csv > /opt/***/output_2021-08.csv']
[2022-01-27 19:14:06,815] {subprocess.py:85} INFO - Output:
[2022-01-27 19:14:07,510] {subprocess.py:93} INFO - Command exited with return code 0
[2022-01-27 19:14:07,704] {taskinstance.py:1277} INFO - Marking task as SUCCESS. dag_id=LocalIngestionDag, task_id=wget, execution_date=20210802T060000, start_date=20220127T191406, end_date=20220127T191407
[2022-01-27 19:14:07,806] {local_task_job.py:154} INFO - Task exited with return code 0
[2022-01-27 19:14:07,932] {local_task_job.py:264} INFO - 1 downstream tasks scheduled from follow-on schedule check
