[2022-01-27 18:58:57,456] {taskinstance.py:1032} INFO - Dependencies all met for <TaskInstance: LocalIngestionDag.wget manual__2022-01-27T18:58:54.270114+00:00 [queued]>
[2022-01-27 18:58:57,487] {taskinstance.py:1032} INFO - Dependencies all met for <TaskInstance: LocalIngestionDag.wget manual__2022-01-27T18:58:54.270114+00:00 [queued]>
[2022-01-27 18:58:57,487] {taskinstance.py:1238} INFO - 
--------------------------------------------------------------------------------
[2022-01-27 18:58:57,487] {taskinstance.py:1239} INFO - Starting attempt 1 of 1
[2022-01-27 18:58:57,487] {taskinstance.py:1240} INFO - 
--------------------------------------------------------------------------------
[2022-01-27 18:58:57,587] {taskinstance.py:1259} INFO - Executing <Task(BashOperator): wget> on 2022-01-27 18:58:54.270114+00:00
[2022-01-27 18:58:57,609] {standard_task_runner.py:52} INFO - Started process 150 to run task
[2022-01-27 18:58:57,613] {standard_task_runner.py:76} INFO - Running: ['***', 'tasks', 'run', 'LocalIngestionDag', 'wget', 'manual__2022-01-27T18:58:54.270114+00:00', '--job-id', '63', '--raw', '--subdir', 'DAGS_FOLDER/data_ingestion_local.py', '--cfg-path', '/tmp/tmps72wzbs7', '--error-file', '/tmp/tmp88_oy63h']
[2022-01-27 18:58:57,618] {standard_task_runner.py:77} INFO - Job 63: Subtask wget
[2022-01-27 18:58:57,894] {logging_mixin.py:109} INFO - Running <TaskInstance: LocalIngestionDag.wget manual__2022-01-27T18:58:54.270114+00:00 [running]> on host 10aa7ffeb97f
[2022-01-27 18:58:58,071] {warnings.py:110} WARNING - /home/***/.local/lib/python3.7/site-packages/***/utils/context.py:152: AirflowContextDeprecationWarning: Accessing 'execution_date' from the template is deprecated and will be removed in a future version. Please use 'data_interval_start' or 'logical_date' instead.
  warnings.warn(_create_deprecation_warning(key, self._deprecation_replacements[key]))

[2022-01-27 18:58:58,156] {taskinstance.py:1426} INFO - Exporting the following env vars:
AIRFLOW_CTX_DAG_OWNER=***
AIRFLOW_CTX_DAG_ID=LocalIngestionDag
AIRFLOW_CTX_TASK_ID=wget
AIRFLOW_CTX_EXECUTION_DATE=2022-01-27T18:58:54.270114+00:00
AIRFLOW_CTX_DAG_RUN_ID=manual__2022-01-27T18:58:54.270114+00:00
[2022-01-27 18:58:58,157] {subprocess.py:62} INFO - Tmp dir root location: 
 /tmp
[2022-01-27 18:58:58,159] {subprocess.py:74} INFO - Running command: ['bash', '-c', 'curl -sSL https://s3.amazonaws.com/nyc-tlc/trip+data/yellow_tripdata_2022-01.csv > /opt/***/output_2022-01.csv']
[2022-01-27 18:58:58,187] {subprocess.py:85} INFO - Output:
[2022-01-27 18:58:59,133] {subprocess.py:93} INFO - Command exited with return code 0
[2022-01-27 18:58:59,190] {taskinstance.py:1277} INFO - Marking task as SUCCESS. dag_id=LocalIngestionDag, task_id=wget, execution_date=20220127T185854, start_date=20220127T185857, end_date=20220127T185859
[2022-01-27 18:58:59,265] {local_task_job.py:154} INFO - Task exited with return code 0
[2022-01-27 18:58:59,345] {local_task_job.py:264} INFO - 1 downstream tasks scheduled from follow-on schedule check
