[2022-01-27 16:47:25,027] {taskinstance.py:1032} INFO - Dependencies all met for <TaskInstance: LocalIngestionDag.ingest scheduled__2021-06-02T06:00:00+00:00 [queued]>
[2022-01-27 16:47:25,046] {taskinstance.py:1032} INFO - Dependencies all met for <TaskInstance: LocalIngestionDag.ingest scheduled__2021-06-02T06:00:00+00:00 [queued]>
[2022-01-27 16:47:25,046] {taskinstance.py:1238} INFO - 
--------------------------------------------------------------------------------
[2022-01-27 16:47:25,046] {taskinstance.py:1239} INFO - Starting attempt 1 of 1
[2022-01-27 16:47:25,046] {taskinstance.py:1240} INFO - 
--------------------------------------------------------------------------------
[2022-01-27 16:47:25,071] {taskinstance.py:1259} INFO - Executing <Task(BashOperator): ingest> on 2021-06-02 06:00:00+00:00
[2022-01-27 16:47:25,077] {standard_task_runner.py:52} INFO - Started process 874 to run task
[2022-01-27 16:47:25,082] {standard_task_runner.py:76} INFO - Running: ['***', 'tasks', 'run', 'LocalIngestionDag', 'ingest', 'scheduled__2021-06-02T06:00:00+00:00', '--job-id', '36', '--raw', '--subdir', 'DAGS_FOLDER/data_ingestion_local.py', '--cfg-path', '/tmp/tmpxoq12bjq', '--error-file', '/tmp/tmp47__ibt9']
[2022-01-27 16:47:25,083] {standard_task_runner.py:77} INFO - Job 36: Subtask ingest
[2022-01-27 16:47:25,192] {logging_mixin.py:109} INFO - Running <TaskInstance: LocalIngestionDag.ingest scheduled__2021-06-02T06:00:00+00:00 [running]> on host f18aba08ba75
[2022-01-27 16:47:25,288] {taskinstance.py:1426} INFO - Exporting the following env vars:
AIRFLOW_CTX_DAG_OWNER=***
AIRFLOW_CTX_DAG_ID=LocalIngestionDag
AIRFLOW_CTX_TASK_ID=ingest
AIRFLOW_CTX_EXECUTION_DATE=2021-06-02T06:00:00+00:00
AIRFLOW_CTX_DAG_RUN_ID=scheduled__2021-06-02T06:00:00+00:00
[2022-01-27 16:47:25,290] {subprocess.py:62} INFO - Tmp dir root location: 
 /tmp
[2022-01-27 16:47:25,292] {subprocess.py:74} INFO - Running command: ['bash', '-c', 'pwd']
[2022-01-27 16:47:25,309] {subprocess.py:85} INFO - Output:
[2022-01-27 16:47:25,312] {subprocess.py:89} INFO - /tmp/***tmp_hoegkf3
[2022-01-27 16:47:25,313] {subprocess.py:93} INFO - Command exited with return code 0
[2022-01-27 16:47:25,360] {taskinstance.py:1277} INFO - Marking task as SUCCESS. dag_id=LocalIngestionDag, task_id=ingest, execution_date=20210602T060000, start_date=20220127T164725, end_date=20220127T164725
[2022-01-27 16:47:25,414] {local_task_job.py:154} INFO - Task exited with return code 0
[2022-01-27 16:47:25,466] {local_task_job.py:264} INFO - 0 downstream tasks scheduled from follow-on schedule check
[2022-01-27 19:00:13,356] {taskinstance.py:1032} INFO - Dependencies all met for <TaskInstance: LocalIngestionDag.ingest scheduled__2021-06-02T06:00:00+00:00 [queued]>
[2022-01-27 19:00:13,379] {taskinstance.py:1032} INFO - Dependencies all met for <TaskInstance: LocalIngestionDag.ingest scheduled__2021-06-02T06:00:00+00:00 [queued]>
[2022-01-27 19:00:13,379] {taskinstance.py:1238} INFO - 
--------------------------------------------------------------------------------
[2022-01-27 19:00:13,379] {taskinstance.py:1239} INFO - Starting attempt 1 of 1
[2022-01-27 19:00:13,379] {taskinstance.py:1240} INFO - 
--------------------------------------------------------------------------------
[2022-01-27 19:00:13,401] {taskinstance.py:1259} INFO - Executing <Task(PythonOperator): ingest> on 2021-06-02 06:00:00+00:00
[2022-01-27 19:00:13,409] {standard_task_runner.py:52} INFO - Started process 281 to run task
[2022-01-27 19:00:13,414] {standard_task_runner.py:76} INFO - Running: ['***', 'tasks', 'run', 'LocalIngestionDag', 'ingest', 'scheduled__2021-06-02T06:00:00+00:00', '--job-id', '83', '--raw', '--subdir', 'DAGS_FOLDER/data_ingestion_local.py', '--cfg-path', '/tmp/tmp7mlasv5d', '--error-file', '/tmp/tmp126qywbo']
[2022-01-27 19:00:13,416] {standard_task_runner.py:77} INFO - Job 83: Subtask ingest
[2022-01-27 19:00:13,512] {logging_mixin.py:109} INFO - Running <TaskInstance: LocalIngestionDag.ingest scheduled__2021-06-02T06:00:00+00:00 [running]> on host 10aa7ffeb97f
[2022-01-27 19:00:13,591] {warnings.py:110} WARNING - /home/***/.local/lib/python3.7/site-packages/***/utils/context.py:152: AirflowContextDeprecationWarning: Accessing 'execution_date' from the template is deprecated and will be removed in a future version. Please use 'data_interval_start' or 'logical_date' instead.
  warnings.warn(_create_deprecation_warning(key, self._deprecation_replacements[key]))

[2022-01-27 19:00:13,626] {taskinstance.py:1426} INFO - Exporting the following env vars:
AIRFLOW_CTX_DAG_OWNER=***
AIRFLOW_CTX_DAG_ID=LocalIngestionDag
AIRFLOW_CTX_TASK_ID=ingest
AIRFLOW_CTX_EXECUTION_DATE=2021-06-02T06:00:00+00:00
AIRFLOW_CTX_DAG_RUN_ID=scheduled__2021-06-02T06:00:00+00:00
[2022-01-27 19:00:13,627] {logging_mixin.py:109} INFO - ??? /opt/***/output_2021-06.csv
[2022-01-27 19:00:13,627] {taskinstance.py:1700} ERROR - Task failed with exception
Traceback (most recent call last):
  File "/home/airflow/.local/lib/python3.7/site-packages/airflow/models/taskinstance.py", line 1329, in _run_raw_task
    self._execute_task_with_callbacks(context)
  File "/home/airflow/.local/lib/python3.7/site-packages/airflow/models/taskinstance.py", line 1455, in _execute_task_with_callbacks
    result = self._execute_task(context, self.task)
  File "/home/airflow/.local/lib/python3.7/site-packages/airflow/models/taskinstance.py", line 1511, in _execute_task
    result = execute_callable(context=context)
  File "/home/airflow/.local/lib/python3.7/site-packages/airflow/operators/python.py", line 174, in execute
    return_value = self.execute_callable()
  File "/home/airflow/.local/lib/python3.7/site-packages/airflow/operators/python.py", line 185, in execute_callable
    return self.python_callable(*self.op_args, **self.op_kwargs)
  File "/opt/airflow/dags/ingest_script.py", line 12, in ingest_callable
    engine = create_engine(f'postgresql://{user}:{password}@{host}:{port}/{db}')
  File "/home/airflow/.local/lib/python3.7/site-packages/sqlalchemy/engine/__init__.py", line 525, in create_engine
    return strategy.create(*args, **kwargs)
  File "/home/airflow/.local/lib/python3.7/site-packages/sqlalchemy/engine/strategies.py", line 54, in create
    u = url.make_url(name_or_url)
  File "/home/airflow/.local/lib/python3.7/site-packages/sqlalchemy/engine/url.py", line 229, in make_url
    return _parse_rfc1738_args(name_or_url)
  File "/home/airflow/.local/lib/python3.7/site-packages/sqlalchemy/engine/url.py", line 288, in _parse_rfc1738_args
    return URL(name, **components)
  File "/home/airflow/.local/lib/python3.7/site-packages/sqlalchemy/engine/url.py", line 71, in __init__
    self.port = int(port)
ValueError: invalid literal for int() with base 10: 'None'
[2022-01-27 19:00:13,658] {taskinstance.py:1277} INFO - Marking task as FAILED. dag_id=LocalIngestionDag, task_id=ingest, execution_date=20210602T060000, start_date=20220127T190013, end_date=20220127T190013
[2022-01-27 19:00:13,683] {standard_task_runner.py:92} ERROR - Failed to execute job 83 for task ingest
Traceback (most recent call last):
  File "/home/airflow/.local/lib/python3.7/site-packages/airflow/task/task_runner/standard_task_runner.py", line 85, in _start_by_fork
    args.func(args, dag=self.dag)
  File "/home/airflow/.local/lib/python3.7/site-packages/airflow/cli/cli_parser.py", line 48, in command
    return func(*args, **kwargs)
  File "/home/airflow/.local/lib/python3.7/site-packages/airflow/utils/cli.py", line 92, in wrapper
    return f(*args, **kwargs)
  File "/home/airflow/.local/lib/python3.7/site-packages/airflow/cli/commands/task_command.py", line 298, in task_run
    _run_task_by_selected_method(args, dag, ti)
  File "/home/airflow/.local/lib/python3.7/site-packages/airflow/cli/commands/task_command.py", line 107, in _run_task_by_selected_method
    _run_raw_task(args, ti)
  File "/home/airflow/.local/lib/python3.7/site-packages/airflow/cli/commands/task_command.py", line 184, in _run_raw_task
    error_file=args.error_file,
  File "/home/airflow/.local/lib/python3.7/site-packages/airflow/utils/session.py", line 70, in wrapper
    return func(*args, session=session, **kwargs)
  File "/home/airflow/.local/lib/python3.7/site-packages/airflow/models/taskinstance.py", line 1329, in _run_raw_task
    self._execute_task_with_callbacks(context)
  File "/home/airflow/.local/lib/python3.7/site-packages/airflow/models/taskinstance.py", line 1455, in _execute_task_with_callbacks
    result = self._execute_task(context, self.task)
  File "/home/airflow/.local/lib/python3.7/site-packages/airflow/models/taskinstance.py", line 1511, in _execute_task
    result = execute_callable(context=context)
  File "/home/airflow/.local/lib/python3.7/site-packages/airflow/operators/python.py", line 174, in execute
    return_value = self.execute_callable()
  File "/home/airflow/.local/lib/python3.7/site-packages/airflow/operators/python.py", line 185, in execute_callable
    return self.python_callable(*self.op_args, **self.op_kwargs)
  File "/opt/airflow/dags/ingest_script.py", line 12, in ingest_callable
    engine = create_engine(f'postgresql://{user}:{password}@{host}:{port}/{db}')
  File "/home/airflow/.local/lib/python3.7/site-packages/sqlalchemy/engine/__init__.py", line 525, in create_engine
    return strategy.create(*args, **kwargs)
  File "/home/airflow/.local/lib/python3.7/site-packages/sqlalchemy/engine/strategies.py", line 54, in create
    u = url.make_url(name_or_url)
  File "/home/airflow/.local/lib/python3.7/site-packages/sqlalchemy/engine/url.py", line 229, in make_url
    return _parse_rfc1738_args(name_or_url)
  File "/home/airflow/.local/lib/python3.7/site-packages/sqlalchemy/engine/url.py", line 288, in _parse_rfc1738_args
    return URL(name, **components)
  File "/home/airflow/.local/lib/python3.7/site-packages/sqlalchemy/engine/url.py", line 71, in __init__
    self.port = int(port)
ValueError: invalid literal for int() with base 10: 'None'
[2022-01-27 19:00:13,705] {local_task_job.py:154} INFO - Task exited with return code 1
[2022-01-27 19:00:13,761] {local_task_job.py:264} INFO - 0 downstream tasks scheduled from follow-on schedule check
