[2022-01-27 16:47:24,646] {taskinstance.py:1032} INFO - Dependencies all met for <TaskInstance: LocalIngestionDag.wget scheduled__2021-07-02T06:00:00+00:00 [queued]>
[2022-01-27 16:47:24,686] {taskinstance.py:1032} INFO - Dependencies all met for <TaskInstance: LocalIngestionDag.wget scheduled__2021-07-02T06:00:00+00:00 [queued]>
[2022-01-27 16:47:24,686] {taskinstance.py:1238} INFO - 
--------------------------------------------------------------------------------
[2022-01-27 16:47:24,686] {taskinstance.py:1239} INFO - Starting attempt 1 of 1
[2022-01-27 16:47:24,686] {taskinstance.py:1240} INFO - 
--------------------------------------------------------------------------------
[2022-01-27 16:47:24,736] {taskinstance.py:1259} INFO - Executing <Task(BashOperator): wget> on 2021-07-02 06:00:00+00:00
[2022-01-27 16:47:24,745] {standard_task_runner.py:52} INFO - Started process 870 to run task
[2022-01-27 16:47:24,751] {standard_task_runner.py:76} INFO - Running: ['***', 'tasks', 'run', 'LocalIngestionDag', 'wget', 'scheduled__2021-07-02T06:00:00+00:00', '--job-id', '33', '--raw', '--subdir', 'DAGS_FOLDER/data_ingestion_local.py', '--cfg-path', '/tmp/tmpn48z3399', '--error-file', '/tmp/tmpvt3rsv70']
[2022-01-27 16:47:24,752] {standard_task_runner.py:77} INFO - Job 33: Subtask wget
[2022-01-27 16:47:24,899] {logging_mixin.py:109} INFO - Running <TaskInstance: LocalIngestionDag.wget scheduled__2021-07-02T06:00:00+00:00 [running]> on host f18aba08ba75
[2022-01-27 16:47:25,000] {taskinstance.py:1426} INFO - Exporting the following env vars:
AIRFLOW_CTX_DAG_OWNER=***
AIRFLOW_CTX_DAG_ID=LocalIngestionDag
AIRFLOW_CTX_TASK_ID=wget
AIRFLOW_CTX_EXECUTION_DATE=2021-07-02T06:00:00+00:00
AIRFLOW_CTX_DAG_RUN_ID=scheduled__2021-07-02T06:00:00+00:00
[2022-01-27 16:47:25,002] {subprocess.py:62} INFO - Tmp dir root location: 
 /tmp
[2022-01-27 16:47:25,004] {subprocess.py:74} INFO - Running command: ['bash', '-c', 'echo "Hello World"']
[2022-01-27 16:47:25,023] {subprocess.py:85} INFO - Output:
[2022-01-27 16:47:25,026] {subprocess.py:89} INFO - Hello World
[2022-01-27 16:47:25,026] {subprocess.py:93} INFO - Command exited with return code 0
[2022-01-27 16:47:25,066] {taskinstance.py:1277} INFO - Marking task as SUCCESS. dag_id=LocalIngestionDag, task_id=wget, execution_date=20210702T060000, start_date=20220127T164724, end_date=20220127T164725
[2022-01-27 16:47:25,123] {local_task_job.py:154} INFO - Task exited with return code 0
[2022-01-27 16:47:25,183] {local_task_job.py:264} INFO - 1 downstream tasks scheduled from follow-on schedule check
[2022-01-27 18:58:59,097] {taskinstance.py:1032} INFO - Dependencies all met for <TaskInstance: LocalIngestionDag.wget scheduled__2021-07-02T06:00:00+00:00 [queued]>
[2022-01-27 18:58:59,121] {taskinstance.py:1032} INFO - Dependencies all met for <TaskInstance: LocalIngestionDag.wget scheduled__2021-07-02T06:00:00+00:00 [queued]>
[2022-01-27 18:58:59,121] {taskinstance.py:1238} INFO - 
--------------------------------------------------------------------------------
[2022-01-27 18:58:59,122] {taskinstance.py:1239} INFO - Starting attempt 1 of 1
[2022-01-27 18:58:59,122] {taskinstance.py:1240} INFO - 
--------------------------------------------------------------------------------
[2022-01-27 18:58:59,149] {taskinstance.py:1259} INFO - Executing <Task(BashOperator): wget> on 2021-07-02 06:00:00+00:00
[2022-01-27 18:58:59,168] {standard_task_runner.py:52} INFO - Started process 177 to run task
[2022-01-27 18:58:59,179] {standard_task_runner.py:76} INFO - Running: ['***', 'tasks', 'run', 'LocalIngestionDag', 'wget', 'scheduled__2021-07-02T06:00:00+00:00', '--job-id', '70', '--raw', '--subdir', 'DAGS_FOLDER/data_ingestion_local.py', '--cfg-path', '/tmp/tmpwd7bc5vn', '--error-file', '/tmp/tmphhetz_x8']
[2022-01-27 18:58:59,180] {standard_task_runner.py:77} INFO - Job 70: Subtask wget
[2022-01-27 18:58:59,342] {logging_mixin.py:109} INFO - Running <TaskInstance: LocalIngestionDag.wget scheduled__2021-07-02T06:00:00+00:00 [running]> on host 10aa7ffeb97f
[2022-01-27 18:58:59,464] {warnings.py:110} WARNING - /home/***/.local/lib/python3.7/site-packages/***/utils/context.py:152: AirflowContextDeprecationWarning: Accessing 'execution_date' from the template is deprecated and will be removed in a future version. Please use 'data_interval_start' or 'logical_date' instead.
  warnings.warn(_create_deprecation_warning(key, self._deprecation_replacements[key]))

[2022-01-27 18:58:59,508] {taskinstance.py:1426} INFO - Exporting the following env vars:
AIRFLOW_CTX_DAG_OWNER=***
AIRFLOW_CTX_DAG_ID=LocalIngestionDag
AIRFLOW_CTX_TASK_ID=wget
AIRFLOW_CTX_EXECUTION_DATE=2021-07-02T06:00:00+00:00
AIRFLOW_CTX_DAG_RUN_ID=scheduled__2021-07-02T06:00:00+00:00
[2022-01-27 18:58:59,509] {subprocess.py:62} INFO - Tmp dir root location: 
 /tmp
[2022-01-27 18:58:59,510] {subprocess.py:74} INFO - Running command: ['bash', '-c', 'curl -sSL https://s3.amazonaws.com/nyc-tlc/trip+data/yellow_tripdata_2021-07.csv > /opt/***/output_2021-07.csv']
[2022-01-27 18:58:59,540] {subprocess.py:85} INFO - Output:
[2022-01-27 19:01:07,200] {subprocess.py:93} INFO - Command exited with return code 0
[2022-01-27 19:01:07,241] {taskinstance.py:1277} INFO - Marking task as SUCCESS. dag_id=LocalIngestionDag, task_id=wget, execution_date=20210702T060000, start_date=20220127T185859, end_date=20220127T190107
[2022-01-27 19:01:07,280] {local_task_job.py:154} INFO - Task exited with return code 0
[2022-01-27 19:01:07,335] {local_task_job.py:264} INFO - 1 downstream tasks scheduled from follow-on schedule check
[2022-01-27 19:14:06,023] {taskinstance.py:1032} INFO - Dependencies all met for <TaskInstance: LocalIngestionDag.wget scheduled__2021-07-02T06:00:00+00:00 [queued]>
[2022-01-27 19:14:06,051] {taskinstance.py:1032} INFO - Dependencies all met for <TaskInstance: LocalIngestionDag.wget scheduled__2021-07-02T06:00:00+00:00 [queued]>
[2022-01-27 19:14:06,051] {taskinstance.py:1238} INFO - 
--------------------------------------------------------------------------------
[2022-01-27 19:14:06,052] {taskinstance.py:1239} INFO - Starting attempt 1 of 1
[2022-01-27 19:14:06,052] {taskinstance.py:1240} INFO - 
--------------------------------------------------------------------------------
[2022-01-27 19:14:06,089] {taskinstance.py:1259} INFO - Executing <Task(BashOperator): wget> on 2021-07-02 06:00:00+00:00
[2022-01-27 19:14:06,099] {standard_task_runner.py:52} INFO - Started process 179 to run task
[2022-01-27 19:14:06,104] {standard_task_runner.py:76} INFO - Running: ['***', 'tasks', 'run', 'LocalIngestionDag', 'wget', 'scheduled__2021-07-02T06:00:00+00:00', '--job-id', '98', '--raw', '--subdir', 'DAGS_FOLDER/data_ingestion_local.py', '--cfg-path', '/tmp/tmpacvv3n1_', '--error-file', '/tmp/tmpok6oiaww']
[2022-01-27 19:14:06,106] {standard_task_runner.py:77} INFO - Job 98: Subtask wget
[2022-01-27 19:14:06,214] {logging_mixin.py:109} INFO - Running <TaskInstance: LocalIngestionDag.wget scheduled__2021-07-02T06:00:00+00:00 [running]> on host 9ee291f061ff
[2022-01-27 19:14:06,300] {warnings.py:110} WARNING - /home/***/.local/lib/python3.7/site-packages/***/utils/context.py:152: AirflowContextDeprecationWarning: Accessing 'execution_date' from the template is deprecated and will be removed in a future version. Please use 'data_interval_start' or 'logical_date' instead.
  warnings.warn(_create_deprecation_warning(key, self._deprecation_replacements[key]))

[2022-01-27 19:14:06,343] {taskinstance.py:1426} INFO - Exporting the following env vars:
AIRFLOW_CTX_DAG_OWNER=***
AIRFLOW_CTX_DAG_ID=LocalIngestionDag
AIRFLOW_CTX_TASK_ID=wget
AIRFLOW_CTX_EXECUTION_DATE=2021-07-02T06:00:00+00:00
AIRFLOW_CTX_DAG_RUN_ID=scheduled__2021-07-02T06:00:00+00:00
[2022-01-27 19:14:06,345] {subprocess.py:62} INFO - Tmp dir root location: 
 /tmp
[2022-01-27 19:14:06,349] {subprocess.py:74} INFO - Running command: ['bash', '-c', 'curl -sSL https://s3.amazonaws.com/nyc-tlc/trip+data/yellow_tripdata_2021-07.csv > /opt/***/output_2021-07.csv']
[2022-01-27 19:14:06,373] {subprocess.py:85} INFO - Output:
[2022-01-27 19:22:24,371] {subprocess.py:93} INFO - Command exited with return code 0
[2022-01-27 19:22:24,417] {taskinstance.py:1277} INFO - Marking task as SUCCESS. dag_id=LocalIngestionDag, task_id=wget, execution_date=20210702T060000, start_date=20220127T191406, end_date=20220127T192224
[2022-01-27 19:22:24,490] {local_task_job.py:154} INFO - Task exited with return code 0
[2022-01-27 19:22:24,542] {local_task_job.py:264} INFO - 1 downstream tasks scheduled from follow-on schedule check
