[2022-01-27 16:47:22,525] {taskinstance.py:1032} INFO - Dependencies all met for <TaskInstance: LocalIngestionDag.wget scheduled__2021-04-02T06:00:00+00:00 [queued]>
[2022-01-27 16:47:22,549] {taskinstance.py:1032} INFO - Dependencies all met for <TaskInstance: LocalIngestionDag.wget scheduled__2021-04-02T06:00:00+00:00 [queued]>
[2022-01-27 16:47:22,549] {taskinstance.py:1238} INFO - 
--------------------------------------------------------------------------------
[2022-01-27 16:47:22,549] {taskinstance.py:1239} INFO - Starting attempt 1 of 1
[2022-01-27 16:47:22,549] {taskinstance.py:1240} INFO - 
--------------------------------------------------------------------------------
[2022-01-27 16:47:22,573] {taskinstance.py:1259} INFO - Executing <Task(BashOperator): wget> on 2021-04-02 06:00:00+00:00
[2022-01-27 16:47:22,581] {standard_task_runner.py:52} INFO - Started process 844 to run task
[2022-01-27 16:47:22,586] {standard_task_runner.py:76} INFO - Running: ['***', 'tasks', 'run', 'LocalIngestionDag', 'wget', 'scheduled__2021-04-02T06:00:00+00:00', '--job-id', '25', '--raw', '--subdir', 'DAGS_FOLDER/data_ingestion_local.py', '--cfg-path', '/tmp/tmp700hf26l', '--error-file', '/tmp/tmpsjjug92t']
[2022-01-27 16:47:22,587] {standard_task_runner.py:77} INFO - Job 25: Subtask wget
[2022-01-27 16:47:22,669] {logging_mixin.py:109} INFO - Running <TaskInstance: LocalIngestionDag.wget scheduled__2021-04-02T06:00:00+00:00 [running]> on host f18aba08ba75
[2022-01-27 16:47:22,783] {taskinstance.py:1426} INFO - Exporting the following env vars:
AIRFLOW_CTX_DAG_OWNER=***
AIRFLOW_CTX_DAG_ID=LocalIngestionDag
AIRFLOW_CTX_TASK_ID=wget
AIRFLOW_CTX_EXECUTION_DATE=2021-04-02T06:00:00+00:00
AIRFLOW_CTX_DAG_RUN_ID=scheduled__2021-04-02T06:00:00+00:00
[2022-01-27 16:47:22,785] {subprocess.py:62} INFO - Tmp dir root location: 
 /tmp
[2022-01-27 16:47:22,787] {subprocess.py:74} INFO - Running command: ['bash', '-c', 'echo "Hello World"']
[2022-01-27 16:47:22,809] {subprocess.py:85} INFO - Output:
[2022-01-27 16:47:22,813] {subprocess.py:89} INFO - Hello World
[2022-01-27 16:47:22,813] {subprocess.py:93} INFO - Command exited with return code 0
[2022-01-27 16:47:22,869] {taskinstance.py:1277} INFO - Marking task as SUCCESS. dag_id=LocalIngestionDag, task_id=wget, execution_date=20210402T060000, start_date=20220127T164722, end_date=20220127T164722
[2022-01-27 16:47:22,925] {local_task_job.py:154} INFO - Task exited with return code 0
[2022-01-27 16:47:23,202] {local_task_job.py:264} INFO - 0 downstream tasks scheduled from follow-on schedule check
[2022-01-27 18:58:57,448] {taskinstance.py:1032} INFO - Dependencies all met for <TaskInstance: LocalIngestionDag.wget scheduled__2021-04-02T06:00:00+00:00 [queued]>
[2022-01-27 18:58:57,476] {taskinstance.py:1032} INFO - Dependencies all met for <TaskInstance: LocalIngestionDag.wget scheduled__2021-04-02T06:00:00+00:00 [queued]>
[2022-01-27 18:58:57,476] {taskinstance.py:1238} INFO - 
--------------------------------------------------------------------------------
[2022-01-27 18:58:57,477] {taskinstance.py:1239} INFO - Starting attempt 1 of 1
[2022-01-27 18:58:57,477] {taskinstance.py:1240} INFO - 
--------------------------------------------------------------------------------
[2022-01-27 18:58:57,533] {taskinstance.py:1259} INFO - Executing <Task(BashOperator): wget> on 2021-04-02 06:00:00+00:00
[2022-01-27 18:58:57,544] {standard_task_runner.py:52} INFO - Started process 148 to run task
[2022-01-27 18:58:57,553] {standard_task_runner.py:76} INFO - Running: ['***', 'tasks', 'run', 'LocalIngestionDag', 'wget', 'scheduled__2021-04-02T06:00:00+00:00', '--job-id', '66', '--raw', '--subdir', 'DAGS_FOLDER/data_ingestion_local.py', '--cfg-path', '/tmp/tmp8_0kfo7i', '--error-file', '/tmp/tmp1si53dns']
[2022-01-27 18:58:57,554] {standard_task_runner.py:77} INFO - Job 66: Subtask wget
[2022-01-27 18:58:57,762] {logging_mixin.py:109} INFO - Running <TaskInstance: LocalIngestionDag.wget scheduled__2021-04-02T06:00:00+00:00 [running]> on host 10aa7ffeb97f
[2022-01-27 18:58:57,884] {warnings.py:110} WARNING - /home/***/.local/lib/python3.7/site-packages/***/utils/context.py:152: AirflowContextDeprecationWarning: Accessing 'execution_date' from the template is deprecated and will be removed in a future version. Please use 'data_interval_start' or 'logical_date' instead.
  warnings.warn(_create_deprecation_warning(key, self._deprecation_replacements[key]))

[2022-01-27 18:58:57,981] {taskinstance.py:1426} INFO - Exporting the following env vars:
AIRFLOW_CTX_DAG_OWNER=***
AIRFLOW_CTX_DAG_ID=LocalIngestionDag
AIRFLOW_CTX_TASK_ID=wget
AIRFLOW_CTX_EXECUTION_DATE=2021-04-02T06:00:00+00:00
AIRFLOW_CTX_DAG_RUN_ID=scheduled__2021-04-02T06:00:00+00:00
[2022-01-27 18:58:57,988] {subprocess.py:62} INFO - Tmp dir root location: 
 /tmp
[2022-01-27 18:58:57,989] {subprocess.py:74} INFO - Running command: ['bash', '-c', 'curl -sSL https://s3.amazonaws.com/nyc-tlc/trip+data/yellow_tripdata_2021-04.csv > /opt/***/output_2021-04.csv']
[2022-01-27 18:58:58,065] {subprocess.py:85} INFO - Output:
[2022-01-27 19:00:09,936] {subprocess.py:93} INFO - Command exited with return code 0
[2022-01-27 19:00:09,974] {taskinstance.py:1277} INFO - Marking task as SUCCESS. dag_id=LocalIngestionDag, task_id=wget, execution_date=20210402T060000, start_date=20220127T185857, end_date=20220127T190009
[2022-01-27 19:00:10,008] {local_task_job.py:154} INFO - Task exited with return code 0
[2022-01-27 19:00:10,068] {local_task_job.py:264} INFO - 1 downstream tasks scheduled from follow-on schedule check
[2022-01-27 19:14:04,046] {taskinstance.py:1032} INFO - Dependencies all met for <TaskInstance: LocalIngestionDag.wget scheduled__2021-04-02T06:00:00+00:00 [queued]>
[2022-01-27 19:14:04,093] {taskinstance.py:1032} INFO - Dependencies all met for <TaskInstance: LocalIngestionDag.wget scheduled__2021-04-02T06:00:00+00:00 [queued]>
[2022-01-27 19:14:04,093] {taskinstance.py:1238} INFO - 
--------------------------------------------------------------------------------
[2022-01-27 19:14:04,095] {taskinstance.py:1239} INFO - Starting attempt 1 of 1
[2022-01-27 19:14:04,095] {taskinstance.py:1240} INFO - 
--------------------------------------------------------------------------------
[2022-01-27 19:14:04,156] {taskinstance.py:1259} INFO - Executing <Task(BashOperator): wget> on 2021-04-02 06:00:00+00:00
[2022-01-27 19:14:04,195] {standard_task_runner.py:52} INFO - Started process 150 to run task
[2022-01-27 19:14:04,207] {standard_task_runner.py:76} INFO - Running: ['***', 'tasks', 'run', 'LocalIngestionDag', 'wget', 'scheduled__2021-04-02T06:00:00+00:00', '--job-id', '95', '--raw', '--subdir', 'DAGS_FOLDER/data_ingestion_local.py', '--cfg-path', '/tmp/tmpydj92htx', '--error-file', '/tmp/tmpdg1m2mtv']
[2022-01-27 19:14:04,209] {standard_task_runner.py:77} INFO - Job 95: Subtask wget
[2022-01-27 19:14:04,394] {logging_mixin.py:109} INFO - Running <TaskInstance: LocalIngestionDag.wget scheduled__2021-04-02T06:00:00+00:00 [running]> on host 9ee291f061ff
[2022-01-27 19:14:04,496] {warnings.py:110} WARNING - /home/***/.local/lib/python3.7/site-packages/***/utils/context.py:152: AirflowContextDeprecationWarning: Accessing 'execution_date' from the template is deprecated and will be removed in a future version. Please use 'data_interval_start' or 'logical_date' instead.
  warnings.warn(_create_deprecation_warning(key, self._deprecation_replacements[key]))

[2022-01-27 19:14:04,593] {taskinstance.py:1426} INFO - Exporting the following env vars:
AIRFLOW_CTX_DAG_OWNER=***
AIRFLOW_CTX_DAG_ID=LocalIngestionDag
AIRFLOW_CTX_TASK_ID=wget
AIRFLOW_CTX_EXECUTION_DATE=2021-04-02T06:00:00+00:00
AIRFLOW_CTX_DAG_RUN_ID=scheduled__2021-04-02T06:00:00+00:00
[2022-01-27 19:14:04,594] {subprocess.py:62} INFO - Tmp dir root location: 
 /tmp
[2022-01-27 19:14:04,595] {subprocess.py:74} INFO - Running command: ['bash', '-c', 'curl -sSL https://s3.amazonaws.com/nyc-tlc/trip+data/yellow_tripdata_2021-04.csv > /opt/***/output_2021-04.csv']
[2022-01-27 19:14:04,646] {subprocess.py:85} INFO - Output:
[2022-01-27 19:23:50,021] {subprocess.py:93} INFO - Command exited with return code 0
[2022-01-27 19:23:50,068] {taskinstance.py:1277} INFO - Marking task as SUCCESS. dag_id=LocalIngestionDag, task_id=wget, execution_date=20210402T060000, start_date=20220127T191404, end_date=20220127T192350
[2022-01-27 19:23:50,133] {local_task_job.py:154} INFO - Task exited with return code 0
[2022-01-27 19:23:50,188] {local_task_job.py:264} INFO - 1 downstream tasks scheduled from follow-on schedule check
