[2022-01-27 16:47:23,192] {taskinstance.py:1032} INFO - Dependencies all met for <TaskInstance: LocalIngestionDag.wget scheduled__2021-05-02T06:00:00+00:00 [queued]>
[2022-01-27 16:47:23,217] {taskinstance.py:1032} INFO - Dependencies all met for <TaskInstance: LocalIngestionDag.wget scheduled__2021-05-02T06:00:00+00:00 [queued]>
[2022-01-27 16:47:23,217] {taskinstance.py:1238} INFO - 
--------------------------------------------------------------------------------
[2022-01-27 16:47:23,218] {taskinstance.py:1239} INFO - Starting attempt 1 of 1
[2022-01-27 16:47:23,218] {taskinstance.py:1240} INFO - 
--------------------------------------------------------------------------------
[2022-01-27 16:47:23,246] {taskinstance.py:1259} INFO - Executing <Task(BashOperator): wget> on 2021-05-02 06:00:00+00:00
[2022-01-27 16:47:23,255] {standard_task_runner.py:52} INFO - Started process 852 to run task
[2022-01-27 16:47:23,267] {standard_task_runner.py:76} INFO - Running: ['***', 'tasks', 'run', 'LocalIngestionDag', 'wget', 'scheduled__2021-05-02T06:00:00+00:00', '--job-id', '29', '--raw', '--subdir', 'DAGS_FOLDER/data_ingestion_local.py', '--cfg-path', '/tmp/tmpaiiynm7i', '--error-file', '/tmp/tmp88rwp4o1']
[2022-01-27 16:47:23,268] {standard_task_runner.py:77} INFO - Job 29: Subtask wget
[2022-01-27 16:47:23,427] {logging_mixin.py:109} INFO - Running <TaskInstance: LocalIngestionDag.wget scheduled__2021-05-02T06:00:00+00:00 [running]> on host f18aba08ba75
[2022-01-27 16:47:23,547] {taskinstance.py:1426} INFO - Exporting the following env vars:
AIRFLOW_CTX_DAG_OWNER=***
AIRFLOW_CTX_DAG_ID=LocalIngestionDag
AIRFLOW_CTX_TASK_ID=wget
AIRFLOW_CTX_EXECUTION_DATE=2021-05-02T06:00:00+00:00
AIRFLOW_CTX_DAG_RUN_ID=scheduled__2021-05-02T06:00:00+00:00
[2022-01-27 16:47:23,549] {subprocess.py:62} INFO - Tmp dir root location: 
 /tmp
[2022-01-27 16:47:23,551] {subprocess.py:74} INFO - Running command: ['bash', '-c', 'echo "Hello World"']
[2022-01-27 16:47:23,579] {subprocess.py:85} INFO - Output:
[2022-01-27 16:47:23,580] {subprocess.py:89} INFO - Hello World
[2022-01-27 16:47:23,580] {subprocess.py:93} INFO - Command exited with return code 0
[2022-01-27 16:47:23,631] {taskinstance.py:1277} INFO - Marking task as SUCCESS. dag_id=LocalIngestionDag, task_id=wget, execution_date=20210502T060000, start_date=20220127T164723, end_date=20220127T164723
[2022-01-27 16:47:23,693] {local_task_job.py:154} INFO - Task exited with return code 0
[2022-01-27 16:47:23,909] {local_task_job.py:264} INFO - 0 downstream tasks scheduled from follow-on schedule check
[2022-01-27 18:58:57,446] {taskinstance.py:1032} INFO - Dependencies all met for <TaskInstance: LocalIngestionDag.wget scheduled__2021-05-02T06:00:00+00:00 [queued]>
[2022-01-27 18:58:57,472] {taskinstance.py:1032} INFO - Dependencies all met for <TaskInstance: LocalIngestionDag.wget scheduled__2021-05-02T06:00:00+00:00 [queued]>
[2022-01-27 18:58:57,473] {taskinstance.py:1238} INFO - 
--------------------------------------------------------------------------------
[2022-01-27 18:58:57,473] {taskinstance.py:1239} INFO - Starting attempt 1 of 1
[2022-01-27 18:58:57,473] {taskinstance.py:1240} INFO - 
--------------------------------------------------------------------------------
[2022-01-27 18:58:57,510] {taskinstance.py:1259} INFO - Executing <Task(BashOperator): wget> on 2021-05-02 06:00:00+00:00
[2022-01-27 18:58:57,521] {standard_task_runner.py:52} INFO - Started process 145 to run task
[2022-01-27 18:58:57,536] {standard_task_runner.py:76} INFO - Running: ['***', 'tasks', 'run', 'LocalIngestionDag', 'wget', 'scheduled__2021-05-02T06:00:00+00:00', '--job-id', '68', '--raw', '--subdir', 'DAGS_FOLDER/data_ingestion_local.py', '--cfg-path', '/tmp/tmp1ltl4_ri', '--error-file', '/tmp/tmpvc_jc7v4']
[2022-01-27 18:58:57,537] {standard_task_runner.py:77} INFO - Job 68: Subtask wget
[2022-01-27 18:58:57,752] {logging_mixin.py:109} INFO - Running <TaskInstance: LocalIngestionDag.wget scheduled__2021-05-02T06:00:00+00:00 [running]> on host 10aa7ffeb97f
[2022-01-27 18:58:57,922] {warnings.py:110} WARNING - /home/***/.local/lib/python3.7/site-packages/***/utils/context.py:152: AirflowContextDeprecationWarning: Accessing 'execution_date' from the template is deprecated and will be removed in a future version. Please use 'data_interval_start' or 'logical_date' instead.
  warnings.warn(_create_deprecation_warning(key, self._deprecation_replacements[key]))

[2022-01-27 18:58:58,053] {taskinstance.py:1426} INFO - Exporting the following env vars:
AIRFLOW_CTX_DAG_OWNER=***
AIRFLOW_CTX_DAG_ID=LocalIngestionDag
AIRFLOW_CTX_TASK_ID=wget
AIRFLOW_CTX_EXECUTION_DATE=2021-05-02T06:00:00+00:00
AIRFLOW_CTX_DAG_RUN_ID=scheduled__2021-05-02T06:00:00+00:00
[2022-01-27 18:58:58,055] {subprocess.py:62} INFO - Tmp dir root location: 
 /tmp
[2022-01-27 18:58:58,056] {subprocess.py:74} INFO - Running command: ['bash', '-c', 'curl -sSL https://s3.amazonaws.com/nyc-tlc/trip+data/yellow_tripdata_2021-05.csv > /opt/***/output_2021-05.csv']
[2022-01-27 18:58:58,126] {subprocess.py:85} INFO - Output:
[2022-01-27 19:00:19,181] {subprocess.py:93} INFO - Command exited with return code 0
[2022-01-27 19:00:19,233] {taskinstance.py:1277} INFO - Marking task as SUCCESS. dag_id=LocalIngestionDag, task_id=wget, execution_date=20210502T060000, start_date=20220127T185857, end_date=20220127T190019
[2022-01-27 19:00:19,290] {local_task_job.py:154} INFO - Task exited with return code 0
[2022-01-27 19:00:19,364] {local_task_job.py:264} INFO - 1 downstream tasks scheduled from follow-on schedule check
[2022-01-27 19:14:04,853] {taskinstance.py:1032} INFO - Dependencies all met for <TaskInstance: LocalIngestionDag.wget scheduled__2021-05-02T06:00:00+00:00 [queued]>
[2022-01-27 19:14:04,877] {taskinstance.py:1032} INFO - Dependencies all met for <TaskInstance: LocalIngestionDag.wget scheduled__2021-05-02T06:00:00+00:00 [queued]>
[2022-01-27 19:14:04,878] {taskinstance.py:1238} INFO - 
--------------------------------------------------------------------------------
[2022-01-27 19:14:04,878] {taskinstance.py:1239} INFO - Starting attempt 1 of 1
[2022-01-27 19:14:04,878] {taskinstance.py:1240} INFO - 
--------------------------------------------------------------------------------
[2022-01-27 19:14:04,906] {taskinstance.py:1259} INFO - Executing <Task(BashOperator): wget> on 2021-05-02 06:00:00+00:00
[2022-01-27 19:14:04,916] {standard_task_runner.py:52} INFO - Started process 168 to run task
[2022-01-27 19:14:04,921] {standard_task_runner.py:76} INFO - Running: ['***', 'tasks', 'run', 'LocalIngestionDag', 'wget', 'scheduled__2021-05-02T06:00:00+00:00', '--job-id', '96', '--raw', '--subdir', 'DAGS_FOLDER/data_ingestion_local.py', '--cfg-path', '/tmp/tmpvy5yinhx', '--error-file', '/tmp/tmpw509bz07']
[2022-01-27 19:14:04,922] {standard_task_runner.py:77} INFO - Job 96: Subtask wget
[2022-01-27 19:14:05,043] {logging_mixin.py:109} INFO - Running <TaskInstance: LocalIngestionDag.wget scheduled__2021-05-02T06:00:00+00:00 [running]> on host 9ee291f061ff
[2022-01-27 19:14:05,121] {warnings.py:110} WARNING - /home/***/.local/lib/python3.7/site-packages/***/utils/context.py:152: AirflowContextDeprecationWarning: Accessing 'execution_date' from the template is deprecated and will be removed in a future version. Please use 'data_interval_start' or 'logical_date' instead.
  warnings.warn(_create_deprecation_warning(key, self._deprecation_replacements[key]))

[2022-01-27 19:14:05,161] {taskinstance.py:1426} INFO - Exporting the following env vars:
AIRFLOW_CTX_DAG_OWNER=***
AIRFLOW_CTX_DAG_ID=LocalIngestionDag
AIRFLOW_CTX_TASK_ID=wget
AIRFLOW_CTX_EXECUTION_DATE=2021-05-02T06:00:00+00:00
AIRFLOW_CTX_DAG_RUN_ID=scheduled__2021-05-02T06:00:00+00:00
[2022-01-27 19:14:05,163] {subprocess.py:62} INFO - Tmp dir root location: 
 /tmp
[2022-01-27 19:14:05,164] {subprocess.py:74} INFO - Running command: ['bash', '-c', 'curl -sSL https://s3.amazonaws.com/nyc-tlc/trip+data/yellow_tripdata_2021-05.csv > /opt/***/output_2021-05.csv']
[2022-01-27 19:14:05,187] {subprocess.py:85} INFO - Output:
[2022-01-27 19:24:41,104] {subprocess.py:93} INFO - Command exited with return code 0
[2022-01-27 19:24:41,141] {taskinstance.py:1277} INFO - Marking task as SUCCESS. dag_id=LocalIngestionDag, task_id=wget, execution_date=20210502T060000, start_date=20220127T191404, end_date=20220127T192441
[2022-01-27 19:24:41,212] {local_task_job.py:154} INFO - Task exited with return code 0
[2022-01-27 19:24:41,305] {local_task_job.py:264} INFO - 1 downstream tasks scheduled from follow-on schedule check
