[2022-01-26 20:43:56,663] {processor.py:163} INFO - Started process (PID=40) to work on /opt/airflow/dags/data_ingestion_gcs_dag.py
[2022-01-26 20:43:56,664] {processor.py:642} INFO - Processing file /opt/airflow/dags/data_ingestion_gcs_dag.py for tasks to queue
[2022-01-26 20:43:56,665] {logging_mixin.py:109} INFO - [2022-01-26 20:43:56,665] {dagbag.py:500} INFO - Filling up the DagBag from /opt/airflow/dags/data_ingestion_gcs_dag.py
[2022-01-26 20:43:59,951] {processor.py:654} INFO - DAG(s) dict_keys(['data_ingestion_gcs_dag']) retrieved from /opt/airflow/dags/data_ingestion_gcs_dag.py
[2022-01-26 20:44:03,799] {logging_mixin.py:109} INFO - [2022-01-26 20:44:03,799] {manager.py:496} INFO - Created Permission View: can read on DAG:data_ingestion_gcs_dag
[2022-01-26 20:44:03,813] {logging_mixin.py:109} INFO - [2022-01-26 20:44:03,813] {manager.py:496} INFO - Created Permission View: can edit on DAG:data_ingestion_gcs_dag
[2022-01-26 20:44:03,814] {logging_mixin.py:109} INFO - [2022-01-26 20:44:03,813] {dag.py:2396} INFO - Sync 1 DAGs
[2022-01-26 20:44:03,832] {logging_mixin.py:109} INFO - [2022-01-26 20:44:03,832] {dag.py:2415} INFO - Creating ORM DAG for data_ingestion_gcs_dag
[2022-01-26 20:44:03,848] {logging_mixin.py:109} INFO - [2022-01-26 20:44:03,848] {dag.py:2935} INFO - Setting next_dagrun for data_ingestion_gcs_dag to 2022-01-25 00:00:00+00:00
[2022-01-26 20:44:03,872] {processor.py:171} INFO - Processing /opt/airflow/dags/data_ingestion_gcs_dag.py took 7.214 seconds
[2022-01-26 20:44:34,001] {processor.py:163} INFO - Started process (PID=80) to work on /opt/airflow/dags/data_ingestion_gcs_dag.py
[2022-01-26 20:44:34,003] {processor.py:642} INFO - Processing file /opt/airflow/dags/data_ingestion_gcs_dag.py for tasks to queue
[2022-01-26 20:44:34,004] {logging_mixin.py:109} INFO - [2022-01-26 20:44:34,004] {dagbag.py:500} INFO - Filling up the DagBag from /opt/airflow/dags/data_ingestion_gcs_dag.py
[2022-01-26 20:44:34,909] {processor.py:654} INFO - DAG(s) dict_keys(['data_ingestion_gcs_dag']) retrieved from /opt/airflow/dags/data_ingestion_gcs_dag.py
[2022-01-26 20:44:34,922] {logging_mixin.py:109} INFO - [2022-01-26 20:44:34,922] {dag.py:2396} INFO - Sync 1 DAGs
[2022-01-26 20:44:34,942] {logging_mixin.py:109} INFO - [2022-01-26 20:44:34,942] {dag.py:2935} INFO - Setting next_dagrun for data_ingestion_gcs_dag to 2022-01-25 00:00:00+00:00
[2022-01-26 20:44:34,952] {processor.py:171} INFO - Processing /opt/airflow/dags/data_ingestion_gcs_dag.py took 0.955 seconds
[2022-01-26 20:45:05,135] {processor.py:163} INFO - Started process (PID=108) to work on /opt/airflow/dags/data_ingestion_gcs_dag.py
[2022-01-26 20:45:05,139] {processor.py:642} INFO - Processing file /opt/airflow/dags/data_ingestion_gcs_dag.py for tasks to queue
[2022-01-26 20:45:05,140] {logging_mixin.py:109} INFO - [2022-01-26 20:45:05,140] {dagbag.py:500} INFO - Filling up the DagBag from /opt/airflow/dags/data_ingestion_gcs_dag.py
[2022-01-26 20:45:05,964] {processor.py:654} INFO - DAG(s) dict_keys(['data_ingestion_gcs_dag']) retrieved from /opt/airflow/dags/data_ingestion_gcs_dag.py
[2022-01-26 20:45:05,983] {logging_mixin.py:109} INFO - [2022-01-26 20:45:05,983] {dag.py:2396} INFO - Sync 1 DAGs
[2022-01-26 20:45:06,017] {processor.py:171} INFO - Processing /opt/airflow/dags/data_ingestion_gcs_dag.py took 0.886 seconds
[2022-01-26 20:45:36,314] {processor.py:163} INFO - Started process (PID=146) to work on /opt/airflow/dags/data_ingestion_gcs_dag.py
[2022-01-26 20:45:36,316] {processor.py:642} INFO - Processing file /opt/airflow/dags/data_ingestion_gcs_dag.py for tasks to queue
[2022-01-26 20:45:36,317] {logging_mixin.py:109} INFO - [2022-01-26 20:45:36,316] {dagbag.py:500} INFO - Filling up the DagBag from /opt/airflow/dags/data_ingestion_gcs_dag.py
[2022-01-26 20:45:37,290] {processor.py:654} INFO - DAG(s) dict_keys(['data_ingestion_gcs_dag']) retrieved from /opt/airflow/dags/data_ingestion_gcs_dag.py
[2022-01-26 20:45:37,305] {logging_mixin.py:109} INFO - [2022-01-26 20:45:37,305] {dag.py:2396} INFO - Sync 1 DAGs
[2022-01-26 20:45:37,340] {processor.py:171} INFO - Processing /opt/airflow/dags/data_ingestion_gcs_dag.py took 1.030 seconds
[2022-01-26 20:46:07,456] {processor.py:163} INFO - Started process (PID=175) to work on /opt/airflow/dags/data_ingestion_gcs_dag.py
[2022-01-26 20:46:07,458] {processor.py:642} INFO - Processing file /opt/airflow/dags/data_ingestion_gcs_dag.py for tasks to queue
[2022-01-26 20:46:07,458] {logging_mixin.py:109} INFO - [2022-01-26 20:46:07,458] {dagbag.py:500} INFO - Filling up the DagBag from /opt/airflow/dags/data_ingestion_gcs_dag.py
[2022-01-26 20:46:08,167] {processor.py:654} INFO - DAG(s) dict_keys(['data_ingestion_gcs_dag']) retrieved from /opt/airflow/dags/data_ingestion_gcs_dag.py
[2022-01-26 20:46:08,180] {logging_mixin.py:109} INFO - [2022-01-26 20:46:08,180] {dag.py:2396} INFO - Sync 1 DAGs
[2022-01-26 20:46:08,214] {processor.py:171} INFO - Processing /opt/airflow/dags/data_ingestion_gcs_dag.py took 0.763 seconds
[2022-01-26 20:46:38,658] {processor.py:163} INFO - Started process (PID=204) to work on /opt/airflow/dags/data_ingestion_gcs_dag.py
[2022-01-26 20:46:38,660] {processor.py:642} INFO - Processing file /opt/airflow/dags/data_ingestion_gcs_dag.py for tasks to queue
[2022-01-26 20:46:38,661] {logging_mixin.py:109} INFO - [2022-01-26 20:46:38,661] {dagbag.py:500} INFO - Filling up the DagBag from /opt/airflow/dags/data_ingestion_gcs_dag.py
[2022-01-26 20:46:39,456] {processor.py:654} INFO - DAG(s) dict_keys(['data_ingestion_gcs_dag']) retrieved from /opt/airflow/dags/data_ingestion_gcs_dag.py
[2022-01-26 20:46:39,471] {logging_mixin.py:109} INFO - [2022-01-26 20:46:39,470] {dag.py:2396} INFO - Sync 1 DAGs
[2022-01-26 20:46:39,502] {processor.py:171} INFO - Processing /opt/airflow/dags/data_ingestion_gcs_dag.py took 0.847 seconds
[2022-01-26 20:47:09,840] {processor.py:163} INFO - Started process (PID=241) to work on /opt/airflow/dags/data_ingestion_gcs_dag.py
[2022-01-26 20:47:09,842] {processor.py:642} INFO - Processing file /opt/airflow/dags/data_ingestion_gcs_dag.py for tasks to queue
[2022-01-26 20:47:09,843] {logging_mixin.py:109} INFO - [2022-01-26 20:47:09,843] {dagbag.py:500} INFO - Filling up the DagBag from /opt/airflow/dags/data_ingestion_gcs_dag.py
[2022-01-26 20:47:10,494] {processor.py:654} INFO - DAG(s) dict_keys(['data_ingestion_gcs_dag']) retrieved from /opt/airflow/dags/data_ingestion_gcs_dag.py
[2022-01-26 20:47:10,506] {logging_mixin.py:109} INFO - [2022-01-26 20:47:10,505] {dag.py:2396} INFO - Sync 1 DAGs
[2022-01-26 20:47:10,536] {processor.py:171} INFO - Processing /opt/airflow/dags/data_ingestion_gcs_dag.py took 0.699 seconds
[2022-01-26 20:47:41,052] {processor.py:163} INFO - Started process (PID=269) to work on /opt/airflow/dags/data_ingestion_gcs_dag.py
[2022-01-26 20:47:41,053] {processor.py:642} INFO - Processing file /opt/airflow/dags/data_ingestion_gcs_dag.py for tasks to queue
[2022-01-26 20:47:41,054] {logging_mixin.py:109} INFO - [2022-01-26 20:47:41,054] {dagbag.py:500} INFO - Filling up the DagBag from /opt/airflow/dags/data_ingestion_gcs_dag.py
[2022-01-26 20:47:42,026] {processor.py:654} INFO - DAG(s) dict_keys(['data_ingestion_gcs_dag']) retrieved from /opt/airflow/dags/data_ingestion_gcs_dag.py
[2022-01-26 20:47:42,042] {logging_mixin.py:109} INFO - [2022-01-26 20:47:42,042] {dag.py:2396} INFO - Sync 1 DAGs
[2022-01-26 20:47:42,078] {processor.py:171} INFO - Processing /opt/airflow/dags/data_ingestion_gcs_dag.py took 1.030 seconds
[2022-01-26 20:48:12,183] {processor.py:163} INFO - Started process (PID=308) to work on /opt/airflow/dags/data_ingestion_gcs_dag.py
[2022-01-26 20:48:12,187] {processor.py:642} INFO - Processing file /opt/airflow/dags/data_ingestion_gcs_dag.py for tasks to queue
[2022-01-26 20:48:12,188] {logging_mixin.py:109} INFO - [2022-01-26 20:48:12,188] {dagbag.py:500} INFO - Filling up the DagBag from /opt/airflow/dags/data_ingestion_gcs_dag.py
[2022-01-26 20:48:12,919] {processor.py:654} INFO - DAG(s) dict_keys(['data_ingestion_gcs_dag']) retrieved from /opt/airflow/dags/data_ingestion_gcs_dag.py
[2022-01-26 20:48:12,943] {logging_mixin.py:109} INFO - [2022-01-26 20:48:12,942] {dag.py:2396} INFO - Sync 1 DAGs
[2022-01-26 20:48:12,980] {processor.py:171} INFO - Processing /opt/airflow/dags/data_ingestion_gcs_dag.py took 0.800 seconds
[2022-01-26 20:48:43,354] {processor.py:163} INFO - Started process (PID=338) to work on /opt/airflow/dags/data_ingestion_gcs_dag.py
[2022-01-26 20:48:43,356] {processor.py:642} INFO - Processing file /opt/airflow/dags/data_ingestion_gcs_dag.py for tasks to queue
[2022-01-26 20:48:43,357] {logging_mixin.py:109} INFO - [2022-01-26 20:48:43,357] {dagbag.py:500} INFO - Filling up the DagBag from /opt/airflow/dags/data_ingestion_gcs_dag.py
[2022-01-26 20:48:44,063] {processor.py:654} INFO - DAG(s) dict_keys(['data_ingestion_gcs_dag']) retrieved from /opt/airflow/dags/data_ingestion_gcs_dag.py
[2022-01-26 20:48:44,075] {logging_mixin.py:109} INFO - [2022-01-26 20:48:44,075] {dag.py:2396} INFO - Sync 1 DAGs
[2022-01-26 20:48:44,105] {processor.py:171} INFO - Processing /opt/airflow/dags/data_ingestion_gcs_dag.py took 0.756 seconds
[2022-01-26 20:49:14,532] {processor.py:163} INFO - Started process (PID=376) to work on /opt/airflow/dags/data_ingestion_gcs_dag.py
[2022-01-26 20:49:14,536] {processor.py:642} INFO - Processing file /opt/airflow/dags/data_ingestion_gcs_dag.py for tasks to queue
[2022-01-26 20:49:14,537] {logging_mixin.py:109} INFO - [2022-01-26 20:49:14,537] {dagbag.py:500} INFO - Filling up the DagBag from /opt/airflow/dags/data_ingestion_gcs_dag.py
[2022-01-26 20:49:15,312] {processor.py:654} INFO - DAG(s) dict_keys(['data_ingestion_gcs_dag']) retrieved from /opt/airflow/dags/data_ingestion_gcs_dag.py
[2022-01-26 20:49:15,323] {logging_mixin.py:109} INFO - [2022-01-26 20:49:15,323] {dag.py:2396} INFO - Sync 1 DAGs
[2022-01-26 20:49:15,348] {processor.py:171} INFO - Processing /opt/airflow/dags/data_ingestion_gcs_dag.py took 0.820 seconds
[2022-01-26 20:49:45,731] {processor.py:163} INFO - Started process (PID=405) to work on /opt/airflow/dags/data_ingestion_gcs_dag.py
[2022-01-26 20:49:45,735] {processor.py:642} INFO - Processing file /opt/airflow/dags/data_ingestion_gcs_dag.py for tasks to queue
[2022-01-26 20:49:45,735] {logging_mixin.py:109} INFO - [2022-01-26 20:49:45,735] {dagbag.py:500} INFO - Filling up the DagBag from /opt/airflow/dags/data_ingestion_gcs_dag.py
[2022-01-26 20:49:46,382] {processor.py:654} INFO - DAG(s) dict_keys(['data_ingestion_gcs_dag']) retrieved from /opt/airflow/dags/data_ingestion_gcs_dag.py
[2022-01-26 20:49:46,397] {logging_mixin.py:109} INFO - [2022-01-26 20:49:46,396] {dag.py:2396} INFO - Sync 1 DAGs
[2022-01-26 20:49:46,424] {processor.py:171} INFO - Processing /opt/airflow/dags/data_ingestion_gcs_dag.py took 0.697 seconds
[2022-01-26 20:50:16,898] {processor.py:163} INFO - Started process (PID=442) to work on /opt/airflow/dags/data_ingestion_gcs_dag.py
[2022-01-26 20:50:16,900] {processor.py:642} INFO - Processing file /opt/airflow/dags/data_ingestion_gcs_dag.py for tasks to queue
[2022-01-26 20:50:16,901] {logging_mixin.py:109} INFO - [2022-01-26 20:50:16,901] {dagbag.py:500} INFO - Filling up the DagBag from /opt/airflow/dags/data_ingestion_gcs_dag.py
[2022-01-26 20:50:17,879] {processor.py:654} INFO - DAG(s) dict_keys(['data_ingestion_gcs_dag']) retrieved from /opt/airflow/dags/data_ingestion_gcs_dag.py
[2022-01-26 20:50:17,891] {logging_mixin.py:109} INFO - [2022-01-26 20:50:17,890] {dag.py:2396} INFO - Sync 1 DAGs
[2022-01-26 20:50:17,928] {processor.py:171} INFO - Processing /opt/airflow/dags/data_ingestion_gcs_dag.py took 1.034 seconds
[2022-01-26 20:50:48,030] {processor.py:163} INFO - Started process (PID=472) to work on /opt/airflow/dags/data_ingestion_gcs_dag.py
[2022-01-26 20:50:48,034] {processor.py:642} INFO - Processing file /opt/airflow/dags/data_ingestion_gcs_dag.py for tasks to queue
[2022-01-26 20:50:48,035] {logging_mixin.py:109} INFO - [2022-01-26 20:50:48,035] {dagbag.py:500} INFO - Filling up the DagBag from /opt/airflow/dags/data_ingestion_gcs_dag.py
[2022-01-26 20:50:48,716] {processor.py:654} INFO - DAG(s) dict_keys(['data_ingestion_gcs_dag']) retrieved from /opt/airflow/dags/data_ingestion_gcs_dag.py
[2022-01-26 20:50:48,725] {logging_mixin.py:109} INFO - [2022-01-26 20:50:48,724] {dag.py:2396} INFO - Sync 1 DAGs
[2022-01-26 20:50:48,758] {processor.py:171} INFO - Processing /opt/airflow/dags/data_ingestion_gcs_dag.py took 0.732 seconds
[2022-01-26 20:51:19,240] {processor.py:163} INFO - Started process (PID=511) to work on /opt/airflow/dags/data_ingestion_gcs_dag.py
[2022-01-26 20:51:19,242] {processor.py:642} INFO - Processing file /opt/airflow/dags/data_ingestion_gcs_dag.py for tasks to queue
[2022-01-26 20:51:19,243] {logging_mixin.py:109} INFO - [2022-01-26 20:51:19,243] {dagbag.py:500} INFO - Filling up the DagBag from /opt/airflow/dags/data_ingestion_gcs_dag.py
[2022-01-26 20:51:20,207] {processor.py:654} INFO - DAG(s) dict_keys(['data_ingestion_gcs_dag']) retrieved from /opt/airflow/dags/data_ingestion_gcs_dag.py
[2022-01-26 20:51:20,224] {logging_mixin.py:109} INFO - [2022-01-26 20:51:20,223] {dag.py:2396} INFO - Sync 1 DAGs
[2022-01-26 20:51:20,266] {processor.py:171} INFO - Processing /opt/airflow/dags/data_ingestion_gcs_dag.py took 1.029 seconds
[2022-01-26 20:51:50,415] {processor.py:163} INFO - Started process (PID=539) to work on /opt/airflow/dags/data_ingestion_gcs_dag.py
[2022-01-26 20:51:50,416] {processor.py:642} INFO - Processing file /opt/airflow/dags/data_ingestion_gcs_dag.py for tasks to queue
[2022-01-26 20:51:50,417] {logging_mixin.py:109} INFO - [2022-01-26 20:51:50,417] {dagbag.py:500} INFO - Filling up the DagBag from /opt/airflow/dags/data_ingestion_gcs_dag.py
[2022-01-26 20:51:51,313] {processor.py:654} INFO - DAG(s) dict_keys(['data_ingestion_gcs_dag']) retrieved from /opt/airflow/dags/data_ingestion_gcs_dag.py
[2022-01-26 20:51:51,329] {logging_mixin.py:109} INFO - [2022-01-26 20:51:51,328] {dag.py:2396} INFO - Sync 1 DAGs
[2022-01-26 20:51:51,361] {processor.py:171} INFO - Processing /opt/airflow/dags/data_ingestion_gcs_dag.py took 0.950 seconds
[2022-01-26 20:52:21,557] {processor.py:163} INFO - Started process (PID=567) to work on /opt/airflow/dags/data_ingestion_gcs_dag.py
[2022-01-26 20:52:21,561] {processor.py:642} INFO - Processing file /opt/airflow/dags/data_ingestion_gcs_dag.py for tasks to queue
[2022-01-26 20:52:21,562] {logging_mixin.py:109} INFO - [2022-01-26 20:52:21,561] {dagbag.py:500} INFO - Filling up the DagBag from /opt/airflow/dags/data_ingestion_gcs_dag.py
[2022-01-26 20:52:22,544] {processor.py:654} INFO - DAG(s) dict_keys(['data_ingestion_gcs_dag']) retrieved from /opt/airflow/dags/data_ingestion_gcs_dag.py
[2022-01-26 20:52:22,559] {logging_mixin.py:109} INFO - [2022-01-26 20:52:22,558] {dag.py:2396} INFO - Sync 1 DAGs
[2022-01-26 20:52:22,592] {processor.py:171} INFO - Processing /opt/airflow/dags/data_ingestion_gcs_dag.py took 1.037 seconds
[2022-01-26 20:52:52,718] {processor.py:163} INFO - Started process (PID=604) to work on /opt/airflow/dags/data_ingestion_gcs_dag.py
[2022-01-26 20:52:52,726] {processor.py:642} INFO - Processing file /opt/airflow/dags/data_ingestion_gcs_dag.py for tasks to queue
[2022-01-26 20:52:52,727] {logging_mixin.py:109} INFO - [2022-01-26 20:52:52,727] {dagbag.py:500} INFO - Filling up the DagBag from /opt/airflow/dags/data_ingestion_gcs_dag.py
[2022-01-26 20:52:53,504] {processor.py:654} INFO - DAG(s) dict_keys(['data_ingestion_gcs_dag']) retrieved from /opt/airflow/dags/data_ingestion_gcs_dag.py
[2022-01-26 20:52:53,514] {logging_mixin.py:109} INFO - [2022-01-26 20:52:53,514] {dag.py:2396} INFO - Sync 1 DAGs
[2022-01-26 20:52:53,551] {processor.py:171} INFO - Processing /opt/airflow/dags/data_ingestion_gcs_dag.py took 0.837 seconds
[2022-01-26 20:53:23,869] {processor.py:163} INFO - Started process (PID=633) to work on /opt/airflow/dags/data_ingestion_gcs_dag.py
[2022-01-26 20:53:23,871] {processor.py:642} INFO - Processing file /opt/airflow/dags/data_ingestion_gcs_dag.py for tasks to queue
[2022-01-26 20:53:23,871] {logging_mixin.py:109} INFO - [2022-01-26 20:53:23,871] {dagbag.py:500} INFO - Filling up the DagBag from /opt/airflow/dags/data_ingestion_gcs_dag.py
[2022-01-26 20:53:24,599] {processor.py:654} INFO - DAG(s) dict_keys(['data_ingestion_gcs_dag']) retrieved from /opt/airflow/dags/data_ingestion_gcs_dag.py
[2022-01-26 20:53:24,612] {logging_mixin.py:109} INFO - [2022-01-26 20:53:24,612] {dag.py:2396} INFO - Sync 1 DAGs
[2022-01-26 20:53:24,642] {processor.py:171} INFO - Processing /opt/airflow/dags/data_ingestion_gcs_dag.py took 0.776 seconds
[2022-01-26 20:53:55,061] {processor.py:163} INFO - Started process (PID=673) to work on /opt/airflow/dags/data_ingestion_gcs_dag.py
[2022-01-26 20:53:55,065] {processor.py:642} INFO - Processing file /opt/airflow/dags/data_ingestion_gcs_dag.py for tasks to queue
[2022-01-26 20:53:55,066] {logging_mixin.py:109} INFO - [2022-01-26 20:53:55,066] {dagbag.py:500} INFO - Filling up the DagBag from /opt/airflow/dags/data_ingestion_gcs_dag.py
[2022-01-26 20:53:55,709] {processor.py:654} INFO - DAG(s) dict_keys(['data_ingestion_gcs_dag']) retrieved from /opt/airflow/dags/data_ingestion_gcs_dag.py
[2022-01-26 20:53:55,720] {logging_mixin.py:109} INFO - [2022-01-26 20:53:55,720] {dag.py:2396} INFO - Sync 1 DAGs
[2022-01-26 20:53:55,753] {processor.py:171} INFO - Processing /opt/airflow/dags/data_ingestion_gcs_dag.py took 0.696 seconds
[2022-01-26 20:54:26,231] {processor.py:163} INFO - Started process (PID=701) to work on /opt/airflow/dags/data_ingestion_gcs_dag.py
[2022-01-26 20:54:26,232] {processor.py:642} INFO - Processing file /opt/airflow/dags/data_ingestion_gcs_dag.py for tasks to queue
[2022-01-26 20:54:26,233] {logging_mixin.py:109} INFO - [2022-01-26 20:54:26,233] {dagbag.py:500} INFO - Filling up the DagBag from /opt/airflow/dags/data_ingestion_gcs_dag.py
[2022-01-26 20:54:27,020] {processor.py:654} INFO - DAG(s) dict_keys(['data_ingestion_gcs_dag']) retrieved from /opt/airflow/dags/data_ingestion_gcs_dag.py
[2022-01-26 20:54:27,033] {logging_mixin.py:109} INFO - [2022-01-26 20:54:27,033] {dag.py:2396} INFO - Sync 1 DAGs
[2022-01-26 20:54:27,062] {processor.py:171} INFO - Processing /opt/airflow/dags/data_ingestion_gcs_dag.py took 0.835 seconds
[2022-01-26 20:54:57,408] {processor.py:163} INFO - Started process (PID=738) to work on /opt/airflow/dags/data_ingestion_gcs_dag.py
[2022-01-26 20:54:57,416] {processor.py:642} INFO - Processing file /opt/airflow/dags/data_ingestion_gcs_dag.py for tasks to queue
[2022-01-26 20:54:57,417] {logging_mixin.py:109} INFO - [2022-01-26 20:54:57,416] {dagbag.py:500} INFO - Filling up the DagBag from /opt/airflow/dags/data_ingestion_gcs_dag.py
[2022-01-26 20:54:58,083] {processor.py:654} INFO - DAG(s) dict_keys(['data_ingestion_gcs_dag']) retrieved from /opt/airflow/dags/data_ingestion_gcs_dag.py
[2022-01-26 20:54:58,091] {logging_mixin.py:109} INFO - [2022-01-26 20:54:58,091] {dag.py:2396} INFO - Sync 1 DAGs
[2022-01-26 20:54:58,122] {processor.py:171} INFO - Processing /opt/airflow/dags/data_ingestion_gcs_dag.py took 0.718 seconds
[2022-01-26 20:55:28,570] {processor.py:163} INFO - Started process (PID=767) to work on /opt/airflow/dags/data_ingestion_gcs_dag.py
[2022-01-26 20:55:28,574] {processor.py:642} INFO - Processing file /opt/airflow/dags/data_ingestion_gcs_dag.py for tasks to queue
[2022-01-26 20:55:28,575] {logging_mixin.py:109} INFO - [2022-01-26 20:55:28,575] {dagbag.py:500} INFO - Filling up the DagBag from /opt/airflow/dags/data_ingestion_gcs_dag.py
[2022-01-26 20:55:29,445] {processor.py:654} INFO - DAG(s) dict_keys(['data_ingestion_gcs_dag']) retrieved from /opt/airflow/dags/data_ingestion_gcs_dag.py
[2022-01-26 20:55:29,459] {logging_mixin.py:109} INFO - [2022-01-26 20:55:29,458] {dag.py:2396} INFO - Sync 1 DAGs
[2022-01-26 20:55:29,492] {processor.py:171} INFO - Processing /opt/airflow/dags/data_ingestion_gcs_dag.py took 0.926 seconds
[2022-01-26 20:55:59,734] {processor.py:163} INFO - Started process (PID=806) to work on /opt/airflow/dags/data_ingestion_gcs_dag.py
[2022-01-26 20:55:59,736] {processor.py:642} INFO - Processing file /opt/airflow/dags/data_ingestion_gcs_dag.py for tasks to queue
[2022-01-26 20:55:59,736] {logging_mixin.py:109} INFO - [2022-01-26 20:55:59,736] {dagbag.py:500} INFO - Filling up the DagBag from /opt/airflow/dags/data_ingestion_gcs_dag.py
[2022-01-26 20:56:00,794] {processor.py:654} INFO - DAG(s) dict_keys(['data_ingestion_gcs_dag']) retrieved from /opt/airflow/dags/data_ingestion_gcs_dag.py
[2022-01-26 20:56:00,815] {logging_mixin.py:109} INFO - [2022-01-26 20:56:00,814] {dag.py:2396} INFO - Sync 1 DAGs
[2022-01-26 20:56:00,857] {processor.py:171} INFO - Processing /opt/airflow/dags/data_ingestion_gcs_dag.py took 1.128 seconds
[2022-01-26 20:56:31,023] {processor.py:163} INFO - Started process (PID=835) to work on /opt/airflow/dags/data_ingestion_gcs_dag.py
[2022-01-26 20:56:31,025] {processor.py:642} INFO - Processing file /opt/airflow/dags/data_ingestion_gcs_dag.py for tasks to queue
[2022-01-26 20:56:31,026] {logging_mixin.py:109} INFO - [2022-01-26 20:56:31,026] {dagbag.py:500} INFO - Filling up the DagBag from /opt/airflow/dags/data_ingestion_gcs_dag.py
[2022-01-26 20:56:32,083] {processor.py:654} INFO - DAG(s) dict_keys(['data_ingestion_gcs_dag']) retrieved from /opt/airflow/dags/data_ingestion_gcs_dag.py
[2022-01-26 20:56:32,100] {logging_mixin.py:109} INFO - [2022-01-26 20:56:32,099] {dag.py:2396} INFO - Sync 1 DAGs
[2022-01-26 20:56:32,142] {processor.py:171} INFO - Processing /opt/airflow/dags/data_ingestion_gcs_dag.py took 1.123 seconds
[2022-01-26 20:57:02,291] {processor.py:163} INFO - Started process (PID=872) to work on /opt/airflow/dags/data_ingestion_gcs_dag.py
[2022-01-26 20:57:02,293] {processor.py:642} INFO - Processing file /opt/airflow/dags/data_ingestion_gcs_dag.py for tasks to queue
[2022-01-26 20:57:02,293] {logging_mixin.py:109} INFO - [2022-01-26 20:57:02,293] {dagbag.py:500} INFO - Filling up the DagBag from /opt/airflow/dags/data_ingestion_gcs_dag.py
[2022-01-26 20:57:03,330] {processor.py:654} INFO - DAG(s) dict_keys(['data_ingestion_gcs_dag']) retrieved from /opt/airflow/dags/data_ingestion_gcs_dag.py
[2022-01-26 20:57:03,341] {logging_mixin.py:109} INFO - [2022-01-26 20:57:03,341] {dag.py:2396} INFO - Sync 1 DAGs
[2022-01-26 20:57:03,366] {processor.py:171} INFO - Processing /opt/airflow/dags/data_ingestion_gcs_dag.py took 1.079 seconds
[2022-01-26 20:57:33,449] {processor.py:163} INFO - Started process (PID=901) to work on /opt/airflow/dags/data_ingestion_gcs_dag.py
[2022-01-26 20:57:33,450] {processor.py:642} INFO - Processing file /opt/airflow/dags/data_ingestion_gcs_dag.py for tasks to queue
[2022-01-26 20:57:33,451] {logging_mixin.py:109} INFO - [2022-01-26 20:57:33,451] {dagbag.py:500} INFO - Filling up the DagBag from /opt/airflow/dags/data_ingestion_gcs_dag.py
[2022-01-26 20:57:34,274] {processor.py:654} INFO - DAG(s) dict_keys(['data_ingestion_gcs_dag']) retrieved from /opt/airflow/dags/data_ingestion_gcs_dag.py
[2022-01-26 20:57:34,292] {logging_mixin.py:109} INFO - [2022-01-26 20:57:34,292] {dag.py:2396} INFO - Sync 1 DAGs
[2022-01-26 20:57:34,316] {logging_mixin.py:109} INFO - [2022-01-26 20:57:34,316] {dag.py:2935} INFO - Setting next_dagrun for data_ingestion_gcs_dag to 2022-01-26T00:00:00+00:00
[2022-01-26 20:57:34,341] {processor.py:171} INFO - Processing /opt/airflow/dags/data_ingestion_gcs_dag.py took 0.895 seconds
[2022-01-26 20:58:04,641] {processor.py:163} INFO - Started process (PID=929) to work on /opt/airflow/dags/data_ingestion_gcs_dag.py
[2022-01-26 20:58:04,645] {processor.py:642} INFO - Processing file /opt/airflow/dags/data_ingestion_gcs_dag.py for tasks to queue
[2022-01-26 20:58:04,646] {logging_mixin.py:109} INFO - [2022-01-26 20:58:04,645] {dagbag.py:500} INFO - Filling up the DagBag from /opt/airflow/dags/data_ingestion_gcs_dag.py
[2022-01-26 20:58:05,602] {processor.py:654} INFO - DAG(s) dict_keys(['data_ingestion_gcs_dag']) retrieved from /opt/airflow/dags/data_ingestion_gcs_dag.py
[2022-01-26 20:58:05,615] {logging_mixin.py:109} INFO - [2022-01-26 20:58:05,614] {dag.py:2396} INFO - Sync 1 DAGs
[2022-01-26 20:58:05,644] {logging_mixin.py:109} INFO - [2022-01-26 20:58:05,644] {dag.py:2935} INFO - Setting next_dagrun for data_ingestion_gcs_dag to 2022-01-26T00:00:00+00:00
[2022-01-26 20:58:05,662] {processor.py:171} INFO - Processing /opt/airflow/dags/data_ingestion_gcs_dag.py took 1.026 seconds
[2022-01-26 20:58:35,773] {processor.py:163} INFO - Started process (PID=967) to work on /opt/airflow/dags/data_ingestion_gcs_dag.py
[2022-01-26 20:58:35,775] {processor.py:642} INFO - Processing file /opt/airflow/dags/data_ingestion_gcs_dag.py for tasks to queue
[2022-01-26 20:58:35,776] {logging_mixin.py:109} INFO - [2022-01-26 20:58:35,776] {dagbag.py:500} INFO - Filling up the DagBag from /opt/airflow/dags/data_ingestion_gcs_dag.py
[2022-01-26 20:58:36,831] {processor.py:654} INFO - DAG(s) dict_keys(['data_ingestion_gcs_dag']) retrieved from /opt/airflow/dags/data_ingestion_gcs_dag.py
[2022-01-26 20:58:36,845] {logging_mixin.py:109} INFO - [2022-01-26 20:58:36,845] {dag.py:2396} INFO - Sync 1 DAGs
[2022-01-26 20:58:36,868] {logging_mixin.py:109} INFO - [2022-01-26 20:58:36,868] {dag.py:2935} INFO - Setting next_dagrun for data_ingestion_gcs_dag to 2022-01-26T00:00:00+00:00
[2022-01-26 20:58:36,883] {processor.py:171} INFO - Processing /opt/airflow/dags/data_ingestion_gcs_dag.py took 1.114 seconds
[2022-01-26 20:59:07,056] {processor.py:163} INFO - Started process (PID=995) to work on /opt/airflow/dags/data_ingestion_gcs_dag.py
[2022-01-26 20:59:07,058] {processor.py:642} INFO - Processing file /opt/airflow/dags/data_ingestion_gcs_dag.py for tasks to queue
[2022-01-26 20:59:07,058] {logging_mixin.py:109} INFO - [2022-01-26 20:59:07,058] {dagbag.py:500} INFO - Filling up the DagBag from /opt/airflow/dags/data_ingestion_gcs_dag.py
[2022-01-26 20:59:07,842] {processor.py:654} INFO - DAG(s) dict_keys(['data_ingestion_gcs_dag']) retrieved from /opt/airflow/dags/data_ingestion_gcs_dag.py
[2022-01-26 20:59:07,855] {logging_mixin.py:109} INFO - [2022-01-26 20:59:07,854] {dag.py:2396} INFO - Sync 1 DAGs
[2022-01-26 20:59:07,875] {logging_mixin.py:109} INFO - [2022-01-26 20:59:07,875] {dag.py:2935} INFO - Setting next_dagrun for data_ingestion_gcs_dag to 2022-01-26T00:00:00+00:00
[2022-01-26 20:59:07,889] {processor.py:171} INFO - Processing /opt/airflow/dags/data_ingestion_gcs_dag.py took 0.837 seconds
[2022-01-26 20:59:38,271] {processor.py:163} INFO - Started process (PID=1034) to work on /opt/airflow/dags/data_ingestion_gcs_dag.py
[2022-01-26 20:59:38,272] {processor.py:642} INFO - Processing file /opt/airflow/dags/data_ingestion_gcs_dag.py for tasks to queue
[2022-01-26 20:59:38,273] {logging_mixin.py:109} INFO - [2022-01-26 20:59:38,273] {dagbag.py:500} INFO - Filling up the DagBag from /opt/airflow/dags/data_ingestion_gcs_dag.py
[2022-01-26 20:59:39,184] {processor.py:654} INFO - DAG(s) dict_keys(['data_ingestion_gcs_dag']) retrieved from /opt/airflow/dags/data_ingestion_gcs_dag.py
[2022-01-26 20:59:39,200] {logging_mixin.py:109} INFO - [2022-01-26 20:59:39,199] {dag.py:2396} INFO - Sync 1 DAGs
[2022-01-26 20:59:39,218] {logging_mixin.py:109} INFO - [2022-01-26 20:59:39,218] {dag.py:2935} INFO - Setting next_dagrun for data_ingestion_gcs_dag to 2022-01-26T00:00:00+00:00
[2022-01-26 20:59:39,230] {processor.py:171} INFO - Processing /opt/airflow/dags/data_ingestion_gcs_dag.py took 0.964 seconds
[2022-01-26 21:00:09,420] {processor.py:163} INFO - Started process (PID=1063) to work on /opt/airflow/dags/data_ingestion_gcs_dag.py
[2022-01-26 21:00:09,421] {processor.py:642} INFO - Processing file /opt/airflow/dags/data_ingestion_gcs_dag.py for tasks to queue
[2022-01-26 21:00:09,422] {logging_mixin.py:109} INFO - [2022-01-26 21:00:09,422] {dagbag.py:500} INFO - Filling up the DagBag from /opt/airflow/dags/data_ingestion_gcs_dag.py
[2022-01-26 21:00:10,176] {processor.py:654} INFO - DAG(s) dict_keys(['data_ingestion_gcs_dag']) retrieved from /opt/airflow/dags/data_ingestion_gcs_dag.py
[2022-01-26 21:00:10,185] {logging_mixin.py:109} INFO - [2022-01-26 21:00:10,185] {dag.py:2396} INFO - Sync 1 DAGs
[2022-01-26 21:00:10,206] {logging_mixin.py:109} INFO - [2022-01-26 21:00:10,206] {dag.py:2935} INFO - Setting next_dagrun for data_ingestion_gcs_dag to 2022-01-26T00:00:00+00:00
[2022-01-26 21:00:10,218] {processor.py:171} INFO - Processing /opt/airflow/dags/data_ingestion_gcs_dag.py took 0.802 seconds
