[2022-01-26 20:20:53,272] {processor.py:163} INFO - Started process (PID=259) to work on /opt/airflow/dags/data_ingestion_localDB_dag.py
[2022-01-26 20:20:53,274] {processor.py:642} INFO - Processing file /opt/airflow/dags/data_ingestion_localDB_dag.py for tasks to queue
[2022-01-26 20:20:53,275] {logging_mixin.py:109} INFO - [2022-01-26 20:20:53,275] {dagbag.py:500} INFO - Filling up the DagBag from /opt/airflow/dags/data_ingestion_localDB_dag.py
[2022-01-26 20:20:53,359] {processor.py:654} INFO - DAG(s) dict_keys(['data_ingestion_localDB_dag']) retrieved from /opt/airflow/dags/data_ingestion_localDB_dag.py
[2022-01-26 20:20:59,087] {logging_mixin.py:109} INFO - [2022-01-26 20:20:59,086] {manager.py:496} INFO - Created Permission View: can read on DAG:data_ingestion_localDB_dag
[2022-01-26 20:20:59,101] {logging_mixin.py:109} INFO - [2022-01-26 20:20:59,101] {manager.py:496} INFO - Created Permission View: can edit on DAG:data_ingestion_localDB_dag
[2022-01-26 20:20:59,101] {logging_mixin.py:109} INFO - [2022-01-26 20:20:59,101] {dag.py:2396} INFO - Sync 1 DAGs
[2022-01-26 20:20:59,108] {logging_mixin.py:109} INFO - [2022-01-26 20:20:59,107] {dag.py:2415} INFO - Creating ORM DAG for data_ingestion_localDB_dag
[2022-01-26 20:20:59,121] {logging_mixin.py:109} INFO - [2022-01-26 20:20:59,120] {dag.py:2935} INFO - Setting next_dagrun for data_ingestion_localDB_dag to 2022-01-25T00:00:00+00:00
[2022-01-26 20:20:59,136] {processor.py:171} INFO - Processing /opt/airflow/dags/data_ingestion_localDB_dag.py took 5.868 seconds
[2022-01-26 20:21:29,277] {processor.py:163} INFO - Started process (PID=292) to work on /opt/airflow/dags/data_ingestion_localDB_dag.py
[2022-01-26 20:21:29,280] {processor.py:642} INFO - Processing file /opt/airflow/dags/data_ingestion_localDB_dag.py for tasks to queue
[2022-01-26 20:21:29,281] {logging_mixin.py:109} INFO - [2022-01-26 20:21:29,281] {dagbag.py:500} INFO - Filling up the DagBag from /opt/airflow/dags/data_ingestion_localDB_dag.py
[2022-01-26 20:21:29,324] {processor.py:654} INFO - DAG(s) dict_keys(['data_ingestion_localDB_dag']) retrieved from /opt/airflow/dags/data_ingestion_localDB_dag.py
[2022-01-26 20:21:29,337] {logging_mixin.py:109} INFO - [2022-01-26 20:21:29,337] {dag.py:2396} INFO - Sync 1 DAGs
[2022-01-26 20:21:29,361] {logging_mixin.py:109} INFO - [2022-01-26 20:21:29,361] {dag.py:2935} INFO - Setting next_dagrun for data_ingestion_localDB_dag to 2022-01-25T00:00:00+00:00
[2022-01-26 20:21:29,375] {processor.py:171} INFO - Processing /opt/airflow/dags/data_ingestion_localDB_dag.py took 0.102 seconds
[2022-01-26 20:21:59,398] {processor.py:163} INFO - Started process (PID=317) to work on /opt/airflow/dags/data_ingestion_localDB_dag.py
[2022-01-26 20:21:59,402] {processor.py:642} INFO - Processing file /opt/airflow/dags/data_ingestion_localDB_dag.py for tasks to queue
[2022-01-26 20:21:59,403] {logging_mixin.py:109} INFO - [2022-01-26 20:21:59,402] {dagbag.py:500} INFO - Filling up the DagBag from /opt/airflow/dags/data_ingestion_localDB_dag.py
[2022-01-26 20:21:59,432] {processor.py:654} INFO - DAG(s) dict_keys(['data_ingestion_localDB_dag']) retrieved from /opt/airflow/dags/data_ingestion_localDB_dag.py
[2022-01-26 20:21:59,445] {logging_mixin.py:109} INFO - [2022-01-26 20:21:59,445] {dag.py:2396} INFO - Sync 1 DAGs
[2022-01-26 20:21:59,463] {logging_mixin.py:109} INFO - [2022-01-26 20:21:59,463] {dag.py:2935} INFO - Setting next_dagrun for data_ingestion_localDB_dag to 2022-01-25T00:00:00+00:00
[2022-01-26 20:21:59,473] {processor.py:171} INFO - Processing /opt/airflow/dags/data_ingestion_localDB_dag.py took 0.079 seconds
[2022-01-26 20:43:56,666] {processor.py:163} INFO - Started process (PID=41) to work on /opt/airflow/dags/data_ingestion_localDB_dag.py
[2022-01-26 20:43:56,667] {processor.py:642} INFO - Processing file /opt/airflow/dags/data_ingestion_localDB_dag.py for tasks to queue
[2022-01-26 20:43:56,668] {logging_mixin.py:109} INFO - [2022-01-26 20:43:56,668] {dagbag.py:500} INFO - Filling up the DagBag from /opt/airflow/dags/data_ingestion_localDB_dag.py
[2022-01-26 20:43:56,742] {processor.py:654} INFO - DAG(s) dict_keys(['data_ingestion_localDB_dag']) retrieved from /opt/airflow/dags/data_ingestion_localDB_dag.py
[2022-01-26 20:43:56,761] {logging_mixin.py:109} INFO - [2022-01-26 20:43:56,760] {dag.py:2396} INFO - Sync 1 DAGs
[2022-01-26 20:43:56,809] {logging_mixin.py:109} INFO - [2022-01-26 20:43:56,809] {dag.py:2935} INFO - Setting next_dagrun for data_ingestion_localDB_dag to 2022-01-25T00:00:00+00:00
[2022-01-26 20:43:56,833] {processor.py:171} INFO - Processing /opt/airflow/dags/data_ingestion_localDB_dag.py took 0.171 seconds
[2022-01-26 20:44:26,970] {processor.py:163} INFO - Started process (PID=70) to work on /opt/airflow/dags/data_ingestion_localDB_dag.py
[2022-01-26 20:44:26,972] {processor.py:642} INFO - Processing file /opt/airflow/dags/data_ingestion_localDB_dag.py for tasks to queue
[2022-01-26 20:44:26,972] {logging_mixin.py:109} INFO - [2022-01-26 20:44:26,972] {dagbag.py:500} INFO - Filling up the DagBag from /opt/airflow/dags/data_ingestion_localDB_dag.py
[2022-01-26 20:44:27,002] {processor.py:654} INFO - DAG(s) dict_keys(['data_ingestion_localDB_dag']) retrieved from /opt/airflow/dags/data_ingestion_localDB_dag.py
[2022-01-26 20:44:27,016] {logging_mixin.py:109} INFO - [2022-01-26 20:44:27,015] {dag.py:2396} INFO - Sync 1 DAGs
[2022-01-26 20:44:27,035] {logging_mixin.py:109} INFO - [2022-01-26 20:44:27,035] {dag.py:2935} INFO - Setting next_dagrun for data_ingestion_localDB_dag to 2022-01-25T00:00:00+00:00
[2022-01-26 20:44:27,047] {processor.py:171} INFO - Processing /opt/airflow/dags/data_ingestion_localDB_dag.py took 0.080 seconds
[2022-01-26 20:44:57,080] {processor.py:163} INFO - Started process (PID=107) to work on /opt/airflow/dags/data_ingestion_localDB_dag.py
[2022-01-26 20:44:57,081] {processor.py:642} INFO - Processing file /opt/airflow/dags/data_ingestion_localDB_dag.py for tasks to queue
[2022-01-26 20:44:57,082] {logging_mixin.py:109} INFO - [2022-01-26 20:44:57,082] {dagbag.py:500} INFO - Filling up the DagBag from /opt/airflow/dags/data_ingestion_localDB_dag.py
[2022-01-26 20:44:57,125] {processor.py:654} INFO - DAG(s) dict_keys(['data_ingestion_localDB_dag']) retrieved from /opt/airflow/dags/data_ingestion_localDB_dag.py
[2022-01-26 20:44:57,139] {logging_mixin.py:109} INFO - [2022-01-26 20:44:57,139] {dag.py:2396} INFO - Sync 1 DAGs
[2022-01-26 20:44:57,163] {logging_mixin.py:109} INFO - [2022-01-26 20:44:57,162] {dag.py:2935} INFO - Setting next_dagrun for data_ingestion_localDB_dag to 2022-01-25T00:00:00+00:00
[2022-01-26 20:44:57,174] {processor.py:171} INFO - Processing /opt/airflow/dags/data_ingestion_localDB_dag.py took 0.099 seconds
[2022-01-26 20:45:27,288] {processor.py:163} INFO - Started process (PID=136) to work on /opt/airflow/dags/data_ingestion_localDB_dag.py
[2022-01-26 20:45:27,290] {processor.py:642} INFO - Processing file /opt/airflow/dags/data_ingestion_localDB_dag.py for tasks to queue
[2022-01-26 20:45:27,291] {logging_mixin.py:109} INFO - [2022-01-26 20:45:27,291] {dagbag.py:500} INFO - Filling up the DagBag from /opt/airflow/dags/data_ingestion_localDB_dag.py
[2022-01-26 20:45:27,342] {processor.py:654} INFO - DAG(s) dict_keys(['data_ingestion_localDB_dag']) retrieved from /opt/airflow/dags/data_ingestion_localDB_dag.py
[2022-01-26 20:45:27,362] {logging_mixin.py:109} INFO - [2022-01-26 20:45:27,362] {dag.py:2396} INFO - Sync 1 DAGs
[2022-01-26 20:45:27,393] {logging_mixin.py:109} INFO - [2022-01-26 20:45:27,393] {dag.py:2935} INFO - Setting next_dagrun for data_ingestion_localDB_dag to 2022-01-25T00:00:00+00:00
[2022-01-26 20:45:27,407] {processor.py:171} INFO - Processing /opt/airflow/dags/data_ingestion_localDB_dag.py took 0.123 seconds
[2022-01-26 20:45:58,418] {processor.py:163} INFO - Started process (PID=165) to work on /opt/airflow/dags/data_ingestion_localDB_dag.py
[2022-01-26 20:45:58,420] {processor.py:642} INFO - Processing file /opt/airflow/dags/data_ingestion_localDB_dag.py for tasks to queue
[2022-01-26 20:45:58,420] {logging_mixin.py:109} INFO - [2022-01-26 20:45:58,420] {dagbag.py:500} INFO - Filling up the DagBag from /opt/airflow/dags/data_ingestion_localDB_dag.py
[2022-01-26 20:45:58,453] {processor.py:654} INFO - DAG(s) dict_keys(['data_ingestion_localDB_dag']) retrieved from /opt/airflow/dags/data_ingestion_localDB_dag.py
[2022-01-26 20:45:58,468] {logging_mixin.py:109} INFO - [2022-01-26 20:45:58,468] {dag.py:2396} INFO - Sync 1 DAGs
[2022-01-26 20:45:58,491] {logging_mixin.py:109} INFO - [2022-01-26 20:45:58,491] {dag.py:2935} INFO - Setting next_dagrun for data_ingestion_localDB_dag to 2022-01-25T00:00:00+00:00
[2022-01-26 20:45:58,506] {processor.py:171} INFO - Processing /opt/airflow/dags/data_ingestion_localDB_dag.py took 0.091 seconds
[2022-01-26 20:46:28,618] {processor.py:163} INFO - Started process (PID=203) to work on /opt/airflow/dags/data_ingestion_localDB_dag.py
[2022-01-26 20:46:28,622] {processor.py:642} INFO - Processing file /opt/airflow/dags/data_ingestion_localDB_dag.py for tasks to queue
[2022-01-26 20:46:28,623] {logging_mixin.py:109} INFO - [2022-01-26 20:46:28,623] {dagbag.py:500} INFO - Filling up the DagBag from /opt/airflow/dags/data_ingestion_localDB_dag.py
[2022-01-26 20:46:28,650] {processor.py:654} INFO - DAG(s) dict_keys(['data_ingestion_localDB_dag']) retrieved from /opt/airflow/dags/data_ingestion_localDB_dag.py
[2022-01-26 20:46:28,662] {logging_mixin.py:109} INFO - [2022-01-26 20:46:28,662] {dag.py:2396} INFO - Sync 1 DAGs
[2022-01-26 20:46:28,678] {logging_mixin.py:109} INFO - [2022-01-26 20:46:28,678] {dag.py:2935} INFO - Setting next_dagrun for data_ingestion_localDB_dag to 2022-01-25T00:00:00+00:00
[2022-01-26 20:46:28,689] {processor.py:171} INFO - Processing /opt/airflow/dags/data_ingestion_localDB_dag.py took 0.075 seconds
[2022-01-26 20:46:58,799] {processor.py:163} INFO - Started process (PID=231) to work on /opt/airflow/dags/data_ingestion_localDB_dag.py
[2022-01-26 20:46:58,803] {processor.py:642} INFO - Processing file /opt/airflow/dags/data_ingestion_localDB_dag.py for tasks to queue
[2022-01-26 20:46:58,804] {logging_mixin.py:109} INFO - [2022-01-26 20:46:58,804] {dagbag.py:500} INFO - Filling up the DagBag from /opt/airflow/dags/data_ingestion_localDB_dag.py
[2022-01-26 20:46:58,838] {processor.py:654} INFO - DAG(s) dict_keys(['data_ingestion_localDB_dag']) retrieved from /opt/airflow/dags/data_ingestion_localDB_dag.py
[2022-01-26 20:46:58,854] {logging_mixin.py:109} INFO - [2022-01-26 20:46:58,853] {dag.py:2396} INFO - Sync 1 DAGs
[2022-01-26 20:46:58,876] {logging_mixin.py:109} INFO - [2022-01-26 20:46:58,875] {dag.py:2935} INFO - Setting next_dagrun for data_ingestion_localDB_dag to 2022-01-25T00:00:00+00:00
[2022-01-26 20:46:58,891] {processor.py:171} INFO - Processing /opt/airflow/dags/data_ingestion_localDB_dag.py took 0.097 seconds
[2022-01-26 20:47:29,005] {processor.py:163} INFO - Started process (PID=259) to work on /opt/airflow/dags/data_ingestion_localDB_dag.py
[2022-01-26 20:47:29,010] {processor.py:642} INFO - Processing file /opt/airflow/dags/data_ingestion_localDB_dag.py for tasks to queue
[2022-01-26 20:47:29,011] {logging_mixin.py:109} INFO - [2022-01-26 20:47:29,011] {dagbag.py:500} INFO - Filling up the DagBag from /opt/airflow/dags/data_ingestion_localDB_dag.py
[2022-01-26 20:47:29,051] {processor.py:654} INFO - DAG(s) dict_keys(['data_ingestion_localDB_dag']) retrieved from /opt/airflow/dags/data_ingestion_localDB_dag.py
[2022-01-26 20:47:29,062] {logging_mixin.py:109} INFO - [2022-01-26 20:47:29,062] {dag.py:2396} INFO - Sync 1 DAGs
[2022-01-26 20:47:29,088] {logging_mixin.py:109} INFO - [2022-01-26 20:47:29,088] {dag.py:2935} INFO - Setting next_dagrun for data_ingestion_localDB_dag to 2022-01-25T00:00:00+00:00
[2022-01-26 20:47:29,100] {processor.py:171} INFO - Processing /opt/airflow/dags/data_ingestion_localDB_dag.py took 0.097 seconds
[2022-01-26 20:47:59,130] {processor.py:163} INFO - Started process (PID=297) to work on /opt/airflow/dags/data_ingestion_localDB_dag.py
[2022-01-26 20:47:59,131] {processor.py:642} INFO - Processing file /opt/airflow/dags/data_ingestion_localDB_dag.py for tasks to queue
[2022-01-26 20:47:59,132] {logging_mixin.py:109} INFO - [2022-01-26 20:47:59,132] {dagbag.py:500} INFO - Filling up the DagBag from /opt/airflow/dags/data_ingestion_localDB_dag.py
[2022-01-26 20:47:59,157] {processor.py:654} INFO - DAG(s) dict_keys(['data_ingestion_localDB_dag']) retrieved from /opt/airflow/dags/data_ingestion_localDB_dag.py
[2022-01-26 20:47:59,167] {logging_mixin.py:109} INFO - [2022-01-26 20:47:59,167] {dag.py:2396} INFO - Sync 1 DAGs
[2022-01-26 20:47:59,185] {logging_mixin.py:109} INFO - [2022-01-26 20:47:59,185] {dag.py:2935} INFO - Setting next_dagrun for data_ingestion_localDB_dag to 2022-01-25T00:00:00+00:00
[2022-01-26 20:47:59,198] {processor.py:171} INFO - Processing /opt/airflow/dags/data_ingestion_localDB_dag.py took 0.073 seconds
[2022-01-26 20:48:29,303] {processor.py:163} INFO - Started process (PID=326) to work on /opt/airflow/dags/data_ingestion_localDB_dag.py
[2022-01-26 20:48:29,304] {processor.py:642} INFO - Processing file /opt/airflow/dags/data_ingestion_localDB_dag.py for tasks to queue
[2022-01-26 20:48:29,305] {logging_mixin.py:109} INFO - [2022-01-26 20:48:29,305] {dagbag.py:500} INFO - Filling up the DagBag from /opt/airflow/dags/data_ingestion_localDB_dag.py
[2022-01-26 20:48:29,336] {processor.py:654} INFO - DAG(s) dict_keys(['data_ingestion_localDB_dag']) retrieved from /opt/airflow/dags/data_ingestion_localDB_dag.py
[2022-01-26 20:48:29,346] {logging_mixin.py:109} INFO - [2022-01-26 20:48:29,346] {dag.py:2396} INFO - Sync 1 DAGs
[2022-01-26 20:48:29,364] {logging_mixin.py:109} INFO - [2022-01-26 20:48:29,364] {dag.py:2935} INFO - Setting next_dagrun for data_ingestion_localDB_dag to 2022-01-25T00:00:00+00:00
[2022-01-26 20:48:29,373] {processor.py:171} INFO - Processing /opt/airflow/dags/data_ingestion_localDB_dag.py took 0.074 seconds
[2022-01-26 20:48:59,478] {processor.py:163} INFO - Started process (PID=364) to work on /opt/airflow/dags/data_ingestion_localDB_dag.py
[2022-01-26 20:48:59,482] {processor.py:642} INFO - Processing file /opt/airflow/dags/data_ingestion_localDB_dag.py for tasks to queue
[2022-01-26 20:48:59,482] {logging_mixin.py:109} INFO - [2022-01-26 20:48:59,482] {dagbag.py:500} INFO - Filling up the DagBag from /opt/airflow/dags/data_ingestion_localDB_dag.py
[2022-01-26 20:48:59,514] {processor.py:654} INFO - DAG(s) dict_keys(['data_ingestion_localDB_dag']) retrieved from /opt/airflow/dags/data_ingestion_localDB_dag.py
[2022-01-26 20:48:59,527] {logging_mixin.py:109} INFO - [2022-01-26 20:48:59,527] {dag.py:2396} INFO - Sync 1 DAGs
[2022-01-26 20:48:59,549] {logging_mixin.py:109} INFO - [2022-01-26 20:48:59,549] {dag.py:2935} INFO - Setting next_dagrun for data_ingestion_localDB_dag to 2022-01-25T00:00:00+00:00
[2022-01-26 20:48:59,563] {processor.py:171} INFO - Processing /opt/airflow/dags/data_ingestion_localDB_dag.py took 0.089 seconds
[2022-01-26 20:49:29,671] {processor.py:163} INFO - Started process (PID=394) to work on /opt/airflow/dags/data_ingestion_localDB_dag.py
[2022-01-26 20:49:29,673] {processor.py:642} INFO - Processing file /opt/airflow/dags/data_ingestion_localDB_dag.py for tasks to queue
[2022-01-26 20:49:29,673] {logging_mixin.py:109} INFO - [2022-01-26 20:49:29,673] {dagbag.py:500} INFO - Filling up the DagBag from /opt/airflow/dags/data_ingestion_localDB_dag.py
[2022-01-26 20:49:29,701] {processor.py:654} INFO - DAG(s) dict_keys(['data_ingestion_localDB_dag']) retrieved from /opt/airflow/dags/data_ingestion_localDB_dag.py
[2022-01-26 20:49:29,710] {logging_mixin.py:109} INFO - [2022-01-26 20:49:29,710] {dag.py:2396} INFO - Sync 1 DAGs
[2022-01-26 20:49:29,728] {logging_mixin.py:109} INFO - [2022-01-26 20:49:29,728] {dag.py:2935} INFO - Setting next_dagrun for data_ingestion_localDB_dag to 2022-01-25T00:00:00+00:00
[2022-01-26 20:49:29,737] {processor.py:171} INFO - Processing /opt/airflow/dags/data_ingestion_localDB_dag.py took 0.071 seconds
[2022-01-26 20:49:59,841] {processor.py:163} INFO - Started process (PID=423) to work on /opt/airflow/dags/data_ingestion_localDB_dag.py
[2022-01-26 20:49:59,845] {processor.py:642} INFO - Processing file /opt/airflow/dags/data_ingestion_localDB_dag.py for tasks to queue
[2022-01-26 20:49:59,846] {logging_mixin.py:109} INFO - [2022-01-26 20:49:59,846] {dagbag.py:500} INFO - Filling up the DagBag from /opt/airflow/dags/data_ingestion_localDB_dag.py
[2022-01-26 20:49:59,875] {processor.py:654} INFO - DAG(s) dict_keys(['data_ingestion_localDB_dag']) retrieved from /opt/airflow/dags/data_ingestion_localDB_dag.py
[2022-01-26 20:49:59,885] {logging_mixin.py:109} INFO - [2022-01-26 20:49:59,885] {dag.py:2396} INFO - Sync 1 DAGs
[2022-01-26 20:49:59,910] {logging_mixin.py:109} INFO - [2022-01-26 20:49:59,909] {dag.py:2935} INFO - Setting next_dagrun for data_ingestion_localDB_dag to 2022-01-25T00:00:00+00:00
[2022-01-26 20:49:59,921] {processor.py:171} INFO - Processing /opt/airflow/dags/data_ingestion_localDB_dag.py took 0.085 seconds
[2022-01-26 20:50:29,970] {processor.py:163} INFO - Started process (PID=462) to work on /opt/airflow/dags/data_ingestion_localDB_dag.py
[2022-01-26 20:50:29,976] {processor.py:642} INFO - Processing file /opt/airflow/dags/data_ingestion_localDB_dag.py for tasks to queue
[2022-01-26 20:50:29,977] {logging_mixin.py:109} INFO - [2022-01-26 20:50:29,977] {dagbag.py:500} INFO - Filling up the DagBag from /opt/airflow/dags/data_ingestion_localDB_dag.py
[2022-01-26 20:50:30,017] {processor.py:654} INFO - DAG(s) dict_keys(['data_ingestion_localDB_dag']) retrieved from /opt/airflow/dags/data_ingestion_localDB_dag.py
[2022-01-26 20:50:30,027] {logging_mixin.py:109} INFO - [2022-01-26 20:50:30,027] {dag.py:2396} INFO - Sync 1 DAGs
[2022-01-26 20:50:30,049] {logging_mixin.py:109} INFO - [2022-01-26 20:50:30,049] {dag.py:2935} INFO - Setting next_dagrun for data_ingestion_localDB_dag to 2022-01-25T00:00:00+00:00
[2022-01-26 20:50:30,064] {processor.py:171} INFO - Processing /opt/airflow/dags/data_ingestion_localDB_dag.py took 0.098 seconds
[2022-01-26 20:51:00,166] {processor.py:163} INFO - Started process (PID=491) to work on /opt/airflow/dags/data_ingestion_localDB_dag.py
[2022-01-26 20:51:00,168] {processor.py:642} INFO - Processing file /opt/airflow/dags/data_ingestion_localDB_dag.py for tasks to queue
[2022-01-26 20:51:00,168] {logging_mixin.py:109} INFO - [2022-01-26 20:51:00,168] {dagbag.py:500} INFO - Filling up the DagBag from /opt/airflow/dags/data_ingestion_localDB_dag.py
[2022-01-26 20:51:00,198] {processor.py:654} INFO - DAG(s) dict_keys(['data_ingestion_localDB_dag']) retrieved from /opt/airflow/dags/data_ingestion_localDB_dag.py
[2022-01-26 20:51:00,209] {logging_mixin.py:109} INFO - [2022-01-26 20:51:00,209] {dag.py:2396} INFO - Sync 1 DAGs
[2022-01-26 20:51:00,225] {logging_mixin.py:109} INFO - [2022-01-26 20:51:00,225] {dag.py:2935} INFO - Setting next_dagrun for data_ingestion_localDB_dag to 2022-01-25T00:00:00+00:00
[2022-01-26 20:51:00,236] {processor.py:171} INFO - Processing /opt/airflow/dags/data_ingestion_localDB_dag.py took 0.074 seconds
[2022-01-26 20:51:30,330] {processor.py:163} INFO - Started process (PID=520) to work on /opt/airflow/dags/data_ingestion_localDB_dag.py
[2022-01-26 20:51:30,334] {processor.py:642} INFO - Processing file /opt/airflow/dags/data_ingestion_localDB_dag.py for tasks to queue
[2022-01-26 20:51:30,335] {logging_mixin.py:109} INFO - [2022-01-26 20:51:30,335] {dagbag.py:500} INFO - Filling up the DagBag from /opt/airflow/dags/data_ingestion_localDB_dag.py
[2022-01-26 20:51:30,362] {processor.py:654} INFO - DAG(s) dict_keys(['data_ingestion_localDB_dag']) retrieved from /opt/airflow/dags/data_ingestion_localDB_dag.py
[2022-01-26 20:51:30,374] {logging_mixin.py:109} INFO - [2022-01-26 20:51:30,374] {dag.py:2396} INFO - Sync 1 DAGs
[2022-01-26 20:51:30,390] {logging_mixin.py:109} INFO - [2022-01-26 20:51:30,390] {dag.py:2935} INFO - Setting next_dagrun for data_ingestion_localDB_dag to 2022-01-25T00:00:00+00:00
[2022-01-26 20:51:30,401] {processor.py:171} INFO - Processing /opt/airflow/dags/data_ingestion_localDB_dag.py took 0.074 seconds
[2022-01-26 20:52:00,481] {processor.py:163} INFO - Started process (PID=557) to work on /opt/airflow/dags/data_ingestion_localDB_dag.py
[2022-01-26 20:52:00,482] {processor.py:642} INFO - Processing file /opt/airflow/dags/data_ingestion_localDB_dag.py for tasks to queue
[2022-01-26 20:52:00,483] {logging_mixin.py:109} INFO - [2022-01-26 20:52:00,482] {dagbag.py:500} INFO - Filling up the DagBag from /opt/airflow/dags/data_ingestion_localDB_dag.py
[2022-01-26 20:52:00,515] {processor.py:654} INFO - DAG(s) dict_keys(['data_ingestion_localDB_dag']) retrieved from /opt/airflow/dags/data_ingestion_localDB_dag.py
[2022-01-26 20:52:00,528] {logging_mixin.py:109} INFO - [2022-01-26 20:52:00,528] {dag.py:2396} INFO - Sync 1 DAGs
[2022-01-26 20:52:00,555] {logging_mixin.py:109} INFO - [2022-01-26 20:52:00,555] {dag.py:2935} INFO - Setting next_dagrun for data_ingestion_localDB_dag to 2022-01-25T00:00:00+00:00
[2022-01-26 20:52:00,571] {processor.py:171} INFO - Processing /opt/airflow/dags/data_ingestion_localDB_dag.py took 0.094 seconds
[2022-01-26 20:52:30,603] {processor.py:163} INFO - Started process (PID=585) to work on /opt/airflow/dags/data_ingestion_localDB_dag.py
[2022-01-26 20:52:30,607] {processor.py:642} INFO - Processing file /opt/airflow/dags/data_ingestion_localDB_dag.py for tasks to queue
[2022-01-26 20:52:30,607] {logging_mixin.py:109} INFO - [2022-01-26 20:52:30,607] {dagbag.py:500} INFO - Filling up the DagBag from /opt/airflow/dags/data_ingestion_localDB_dag.py
[2022-01-26 20:52:30,655] {processor.py:654} INFO - DAG(s) dict_keys(['data_ingestion_localDB_dag']) retrieved from /opt/airflow/dags/data_ingestion_localDB_dag.py
[2022-01-26 20:52:30,668] {logging_mixin.py:109} INFO - [2022-01-26 20:52:30,668] {dag.py:2396} INFO - Sync 1 DAGs
[2022-01-26 20:52:30,687] {logging_mixin.py:109} INFO - [2022-01-26 20:52:30,687] {dag.py:2935} INFO - Setting next_dagrun for data_ingestion_localDB_dag to 2022-01-25T00:00:00+00:00
[2022-01-26 20:52:30,696] {processor.py:171} INFO - Processing /opt/airflow/dags/data_ingestion_localDB_dag.py took 0.099 seconds
[2022-01-26 20:53:00,784] {processor.py:163} INFO - Started process (PID=623) to work on /opt/airflow/dags/data_ingestion_localDB_dag.py
[2022-01-26 20:53:00,792] {processor.py:642} INFO - Processing file /opt/airflow/dags/data_ingestion_localDB_dag.py for tasks to queue
[2022-01-26 20:53:00,793] {logging_mixin.py:109} INFO - [2022-01-26 20:53:00,793] {dagbag.py:500} INFO - Filling up the DagBag from /opt/airflow/dags/data_ingestion_localDB_dag.py
[2022-01-26 20:53:00,832] {processor.py:654} INFO - DAG(s) dict_keys(['data_ingestion_localDB_dag']) retrieved from /opt/airflow/dags/data_ingestion_localDB_dag.py
[2022-01-26 20:53:00,846] {logging_mixin.py:109} INFO - [2022-01-26 20:53:00,846] {dag.py:2396} INFO - Sync 1 DAGs
[2022-01-26 20:53:00,870] {logging_mixin.py:109} INFO - [2022-01-26 20:53:00,870] {dag.py:2935} INFO - Setting next_dagrun for data_ingestion_localDB_dag to 2022-01-25T00:00:00+00:00
[2022-01-26 20:53:00,886] {processor.py:171} INFO - Processing /opt/airflow/dags/data_ingestion_localDB_dag.py took 0.106 seconds
[2022-01-26 20:53:30,975] {processor.py:163} INFO - Started process (PID=652) to work on /opt/airflow/dags/data_ingestion_localDB_dag.py
[2022-01-26 20:53:30,976] {processor.py:642} INFO - Processing file /opt/airflow/dags/data_ingestion_localDB_dag.py for tasks to queue
[2022-01-26 20:53:30,977] {logging_mixin.py:109} INFO - [2022-01-26 20:53:30,977] {dagbag.py:500} INFO - Filling up the DagBag from /opt/airflow/dags/data_ingestion_localDB_dag.py
[2022-01-26 20:53:31,008] {processor.py:654} INFO - DAG(s) dict_keys(['data_ingestion_localDB_dag']) retrieved from /opt/airflow/dags/data_ingestion_localDB_dag.py
[2022-01-26 20:53:31,018] {logging_mixin.py:109} INFO - [2022-01-26 20:53:31,018] {dag.py:2396} INFO - Sync 1 DAGs
[2022-01-26 20:53:31,041] {logging_mixin.py:109} INFO - [2022-01-26 20:53:31,041] {dag.py:2935} INFO - Setting next_dagrun for data_ingestion_localDB_dag to 2022-01-25T00:00:00+00:00
[2022-01-26 20:53:31,054] {processor.py:171} INFO - Processing /opt/airflow/dags/data_ingestion_localDB_dag.py took 0.083 seconds
[2022-01-26 20:54:01,144] {processor.py:163} INFO - Started process (PID=682) to work on /opt/airflow/dags/data_ingestion_localDB_dag.py
[2022-01-26 20:54:01,148] {processor.py:642} INFO - Processing file /opt/airflow/dags/data_ingestion_localDB_dag.py for tasks to queue
[2022-01-26 20:54:01,149] {logging_mixin.py:109} INFO - [2022-01-26 20:54:01,149] {dagbag.py:500} INFO - Filling up the DagBag from /opt/airflow/dags/data_ingestion_localDB_dag.py
[2022-01-26 20:54:01,182] {processor.py:654} INFO - DAG(s) dict_keys(['data_ingestion_localDB_dag']) retrieved from /opt/airflow/dags/data_ingestion_localDB_dag.py
[2022-01-26 20:54:01,194] {logging_mixin.py:109} INFO - [2022-01-26 20:54:01,194] {dag.py:2396} INFO - Sync 1 DAGs
[2022-01-26 20:54:01,215] {logging_mixin.py:109} INFO - [2022-01-26 20:54:01,215] {dag.py:2935} INFO - Setting next_dagrun for data_ingestion_localDB_dag to 2022-01-25T00:00:00+00:00
[2022-01-26 20:54:01,230] {processor.py:171} INFO - Processing /opt/airflow/dags/data_ingestion_localDB_dag.py took 0.090 seconds
[2022-01-26 20:54:31,316] {processor.py:163} INFO - Started process (PID=719) to work on /opt/airflow/dags/data_ingestion_localDB_dag.py
[2022-01-26 20:54:31,320] {processor.py:642} INFO - Processing file /opt/airflow/dags/data_ingestion_localDB_dag.py for tasks to queue
[2022-01-26 20:54:31,321] {logging_mixin.py:109} INFO - [2022-01-26 20:54:31,320] {dagbag.py:500} INFO - Filling up the DagBag from /opt/airflow/dags/data_ingestion_localDB_dag.py
[2022-01-26 20:54:31,348] {processor.py:654} INFO - DAG(s) dict_keys(['data_ingestion_localDB_dag']) retrieved from /opt/airflow/dags/data_ingestion_localDB_dag.py
[2022-01-26 20:54:31,359] {logging_mixin.py:109} INFO - [2022-01-26 20:54:31,359] {dag.py:2396} INFO - Sync 1 DAGs
[2022-01-26 20:54:31,378] {logging_mixin.py:109} INFO - [2022-01-26 20:54:31,377] {dag.py:2935} INFO - Setting next_dagrun for data_ingestion_localDB_dag to 2022-01-25T00:00:00+00:00
[2022-01-26 20:54:31,388] {processor.py:171} INFO - Processing /opt/airflow/dags/data_ingestion_localDB_dag.py took 0.077 seconds
[2022-01-26 20:55:01,474] {processor.py:163} INFO - Started process (PID=747) to work on /opt/airflow/dags/data_ingestion_localDB_dag.py
[2022-01-26 20:55:01,475] {processor.py:642} INFO - Processing file /opt/airflow/dags/data_ingestion_localDB_dag.py for tasks to queue
[2022-01-26 20:55:01,476] {logging_mixin.py:109} INFO - [2022-01-26 20:55:01,476] {dagbag.py:500} INFO - Filling up the DagBag from /opt/airflow/dags/data_ingestion_localDB_dag.py
[2022-01-26 20:55:01,505] {processor.py:654} INFO - DAG(s) dict_keys(['data_ingestion_localDB_dag']) retrieved from /opt/airflow/dags/data_ingestion_localDB_dag.py
[2022-01-26 20:55:01,518] {logging_mixin.py:109} INFO - [2022-01-26 20:55:01,518] {dag.py:2396} INFO - Sync 1 DAGs
[2022-01-26 20:55:01,537] {logging_mixin.py:109} INFO - [2022-01-26 20:55:01,537] {dag.py:2935} INFO - Setting next_dagrun for data_ingestion_localDB_dag to 2022-01-25T00:00:00+00:00
[2022-01-26 20:55:01,546] {processor.py:171} INFO - Processing /opt/airflow/dags/data_ingestion_localDB_dag.py took 0.076 seconds
[2022-01-26 20:55:31,631] {processor.py:163} INFO - Started process (PID=785) to work on /opt/airflow/dags/data_ingestion_localDB_dag.py
[2022-01-26 20:55:31,636] {processor.py:642} INFO - Processing file /opt/airflow/dags/data_ingestion_localDB_dag.py for tasks to queue
[2022-01-26 20:55:31,637] {logging_mixin.py:109} INFO - [2022-01-26 20:55:31,637] {dagbag.py:500} INFO - Filling up the DagBag from /opt/airflow/dags/data_ingestion_localDB_dag.py
[2022-01-26 20:55:31,679] {processor.py:654} INFO - DAG(s) dict_keys(['data_ingestion_localDB_dag']) retrieved from /opt/airflow/dags/data_ingestion_localDB_dag.py
[2022-01-26 20:55:31,694] {logging_mixin.py:109} INFO - [2022-01-26 20:55:31,694] {dag.py:2396} INFO - Sync 1 DAGs
[2022-01-26 20:55:31,725] {logging_mixin.py:109} INFO - [2022-01-26 20:55:31,724] {dag.py:2935} INFO - Setting next_dagrun for data_ingestion_localDB_dag to 2022-01-25T00:00:00+00:00
[2022-01-26 20:55:31,739] {processor.py:171} INFO - Processing /opt/airflow/dags/data_ingestion_localDB_dag.py took 0.112 seconds
[2022-01-26 20:56:01,821] {processor.py:163} INFO - Started process (PID=815) to work on /opt/airflow/dags/data_ingestion_localDB_dag.py
[2022-01-26 20:56:01,823] {processor.py:642} INFO - Processing file /opt/airflow/dags/data_ingestion_localDB_dag.py for tasks to queue
[2022-01-26 20:56:01,824] {logging_mixin.py:109} INFO - [2022-01-26 20:56:01,823] {dagbag.py:500} INFO - Filling up the DagBag from /opt/airflow/dags/data_ingestion_localDB_dag.py
[2022-01-26 20:56:01,862] {processor.py:654} INFO - DAG(s) dict_keys(['data_ingestion_localDB_dag']) retrieved from /opt/airflow/dags/data_ingestion_localDB_dag.py
[2022-01-26 20:56:01,876] {logging_mixin.py:109} INFO - [2022-01-26 20:56:01,875] {dag.py:2396} INFO - Sync 1 DAGs
[2022-01-26 20:56:01,895] {logging_mixin.py:109} INFO - [2022-01-26 20:56:01,894] {dag.py:2935} INFO - Setting next_dagrun for data_ingestion_localDB_dag to 2022-01-25T00:00:00+00:00
[2022-01-26 20:56:01,909] {processor.py:171} INFO - Processing /opt/airflow/dags/data_ingestion_localDB_dag.py took 0.093 seconds
[2022-01-26 20:56:32,034] {processor.py:163} INFO - Started process (PID=844) to work on /opt/airflow/dags/data_ingestion_localDB_dag.py
[2022-01-26 20:56:32,035] {processor.py:642} INFO - Processing file /opt/airflow/dags/data_ingestion_localDB_dag.py for tasks to queue
[2022-01-26 20:56:32,036] {logging_mixin.py:109} INFO - [2022-01-26 20:56:32,036] {dagbag.py:500} INFO - Filling up the DagBag from /opt/airflow/dags/data_ingestion_localDB_dag.py
[2022-01-26 20:56:32,083] {processor.py:654} INFO - DAG(s) dict_keys(['data_ingestion_localDB_dag']) retrieved from /opt/airflow/dags/data_ingestion_localDB_dag.py
[2022-01-26 20:56:32,097] {logging_mixin.py:109} INFO - [2022-01-26 20:56:32,096] {dag.py:2396} INFO - Sync 1 DAGs
[2022-01-26 20:56:32,129] {logging_mixin.py:109} INFO - [2022-01-26 20:56:32,128] {dag.py:2935} INFO - Setting next_dagrun for data_ingestion_localDB_dag to 2022-01-25T00:00:00+00:00
[2022-01-26 20:56:32,143] {processor.py:171} INFO - Processing /opt/airflow/dags/data_ingestion_localDB_dag.py took 0.114 seconds
[2022-01-26 20:57:02,296] {processor.py:163} INFO - Started process (PID=873) to work on /opt/airflow/dags/data_ingestion_localDB_dag.py
[2022-01-26 20:57:02,297] {processor.py:642} INFO - Processing file /opt/airflow/dags/data_ingestion_localDB_dag.py for tasks to queue
[2022-01-26 20:57:02,298] {logging_mixin.py:109} INFO - [2022-01-26 20:57:02,298] {dagbag.py:500} INFO - Filling up the DagBag from /opt/airflow/dags/data_ingestion_localDB_dag.py
[2022-01-26 20:57:02,337] {processor.py:654} INFO - DAG(s) dict_keys(['data_ingestion_localDB_dag']) retrieved from /opt/airflow/dags/data_ingestion_localDB_dag.py
[2022-01-26 20:57:02,351] {logging_mixin.py:109} INFO - [2022-01-26 20:57:02,351] {dag.py:2396} INFO - Sync 1 DAGs
[2022-01-26 20:57:02,381] {logging_mixin.py:109} INFO - [2022-01-26 20:57:02,381] {dag.py:2935} INFO - Setting next_dagrun for data_ingestion_localDB_dag to 2022-01-25T00:00:00+00:00
[2022-01-26 20:57:02,393] {processor.py:171} INFO - Processing /opt/airflow/dags/data_ingestion_localDB_dag.py took 0.100 seconds
[2022-01-26 20:57:32,420] {processor.py:163} INFO - Started process (PID=900) to work on /opt/airflow/dags/data_ingestion_localDB_dag.py
[2022-01-26 20:57:32,422] {processor.py:642} INFO - Processing file /opt/airflow/dags/data_ingestion_localDB_dag.py for tasks to queue
[2022-01-26 20:57:32,423] {logging_mixin.py:109} INFO - [2022-01-26 20:57:32,423] {dagbag.py:500} INFO - Filling up the DagBag from /opt/airflow/dags/data_ingestion_localDB_dag.py
[2022-01-26 20:57:32,455] {processor.py:654} INFO - DAG(s) dict_keys(['data_ingestion_localDB_dag']) retrieved from /opt/airflow/dags/data_ingestion_localDB_dag.py
[2022-01-26 20:57:32,466] {logging_mixin.py:109} INFO - [2022-01-26 20:57:32,465] {dag.py:2396} INFO - Sync 1 DAGs
[2022-01-26 20:57:32,488] {logging_mixin.py:109} INFO - [2022-01-26 20:57:32,488] {dag.py:2935} INFO - Setting next_dagrun for data_ingestion_localDB_dag to 2022-01-25T00:00:00+00:00
[2022-01-26 20:57:32,504] {processor.py:171} INFO - Processing /opt/airflow/dags/data_ingestion_localDB_dag.py took 0.089 seconds
[2022-01-26 20:58:02,629] {processor.py:163} INFO - Started process (PID=928) to work on /opt/airflow/dags/data_ingestion_localDB_dag.py
[2022-01-26 20:58:02,632] {processor.py:642} INFO - Processing file /opt/airflow/dags/data_ingestion_localDB_dag.py for tasks to queue
[2022-01-26 20:58:02,633] {logging_mixin.py:109} INFO - [2022-01-26 20:58:02,633] {dagbag.py:500} INFO - Filling up the DagBag from /opt/airflow/dags/data_ingestion_localDB_dag.py
[2022-01-26 20:58:02,663] {processor.py:654} INFO - DAG(s) dict_keys(['data_ingestion_localDB_dag']) retrieved from /opt/airflow/dags/data_ingestion_localDB_dag.py
[2022-01-26 20:58:02,681] {logging_mixin.py:109} INFO - [2022-01-26 20:58:02,681] {dag.py:2396} INFO - Sync 1 DAGs
[2022-01-26 20:58:02,705] {logging_mixin.py:109} INFO - [2022-01-26 20:58:02,705] {dag.py:2935} INFO - Setting next_dagrun for data_ingestion_localDB_dag to 2022-01-25T00:00:00+00:00
[2022-01-26 20:58:02,720] {processor.py:171} INFO - Processing /opt/airflow/dags/data_ingestion_localDB_dag.py took 0.094 seconds
[2022-01-26 20:58:32,758] {processor.py:163} INFO - Started process (PID=957) to work on /opt/airflow/dags/data_ingestion_localDB_dag.py
[2022-01-26 20:58:32,759] {processor.py:642} INFO - Processing file /opt/airflow/dags/data_ingestion_localDB_dag.py for tasks to queue
[2022-01-26 20:58:32,759] {logging_mixin.py:109} INFO - [2022-01-26 20:58:32,759] {dagbag.py:500} INFO - Filling up the DagBag from /opt/airflow/dags/data_ingestion_localDB_dag.py
[2022-01-26 20:58:32,795] {processor.py:654} INFO - DAG(s) dict_keys(['data_ingestion_localDB_dag']) retrieved from /opt/airflow/dags/data_ingestion_localDB_dag.py
[2022-01-26 20:58:32,811] {logging_mixin.py:109} INFO - [2022-01-26 20:58:32,811] {dag.py:2396} INFO - Sync 1 DAGs
[2022-01-26 20:58:32,841] {logging_mixin.py:109} INFO - [2022-01-26 20:58:32,841] {dag.py:2935} INFO - Setting next_dagrun for data_ingestion_localDB_dag to 2022-01-25T00:00:00+00:00
[2022-01-26 20:58:32,857] {processor.py:171} INFO - Processing /opt/airflow/dags/data_ingestion_localDB_dag.py took 0.101 seconds
[2022-01-26 20:59:03,038] {processor.py:163} INFO - Started process (PID=994) to work on /opt/airflow/dags/data_ingestion_localDB_dag.py
[2022-01-26 20:59:03,042] {processor.py:642} INFO - Processing file /opt/airflow/dags/data_ingestion_localDB_dag.py for tasks to queue
[2022-01-26 20:59:03,043] {logging_mixin.py:109} INFO - [2022-01-26 20:59:03,043] {dagbag.py:500} INFO - Filling up the DagBag from /opt/airflow/dags/data_ingestion_localDB_dag.py
[2022-01-26 20:59:03,077] {processor.py:654} INFO - DAG(s) dict_keys(['data_ingestion_localDB_dag']) retrieved from /opt/airflow/dags/data_ingestion_localDB_dag.py
[2022-01-26 20:59:03,091] {logging_mixin.py:109} INFO - [2022-01-26 20:59:03,091] {dag.py:2396} INFO - Sync 1 DAGs
[2022-01-26 20:59:03,114] {logging_mixin.py:109} INFO - [2022-01-26 20:59:03,114] {dag.py:2935} INFO - Setting next_dagrun for data_ingestion_localDB_dag to 2022-01-25T00:00:00+00:00
[2022-01-26 20:59:03,130] {processor.py:171} INFO - Processing /opt/airflow/dags/data_ingestion_localDB_dag.py took 0.096 seconds
[2022-01-26 20:59:33,254] {processor.py:163} INFO - Started process (PID=1024) to work on /opt/airflow/dags/data_ingestion_localDB_dag.py
[2022-01-26 20:59:33,258] {processor.py:642} INFO - Processing file /opt/airflow/dags/data_ingestion_localDB_dag.py for tasks to queue
[2022-01-26 20:59:33,259] {logging_mixin.py:109} INFO - [2022-01-26 20:59:33,259] {dagbag.py:500} INFO - Filling up the DagBag from /opt/airflow/dags/data_ingestion_localDB_dag.py
[2022-01-26 20:59:33,295] {processor.py:654} INFO - DAG(s) dict_keys(['data_ingestion_localDB_dag']) retrieved from /opt/airflow/dags/data_ingestion_localDB_dag.py
[2022-01-26 20:59:33,306] {logging_mixin.py:109} INFO - [2022-01-26 20:59:33,305] {dag.py:2396} INFO - Sync 1 DAGs
[2022-01-26 20:59:33,326] {logging_mixin.py:109} INFO - [2022-01-26 20:59:33,326] {dag.py:2935} INFO - Setting next_dagrun for data_ingestion_localDB_dag to 2022-01-25T00:00:00+00:00
[2022-01-26 20:59:33,335] {processor.py:171} INFO - Processing /opt/airflow/dags/data_ingestion_localDB_dag.py took 0.085 seconds
[2022-01-26 21:00:03,359] {processor.py:163} INFO - Started process (PID=1062) to work on /opt/airflow/dags/data_ingestion_localDB_dag.py
[2022-01-26 21:00:03,363] {processor.py:642} INFO - Processing file /opt/airflow/dags/data_ingestion_localDB_dag.py for tasks to queue
[2022-01-26 21:00:03,364] {logging_mixin.py:109} INFO - [2022-01-26 21:00:03,364] {dagbag.py:500} INFO - Filling up the DagBag from /opt/airflow/dags/data_ingestion_localDB_dag.py
[2022-01-26 21:00:03,392] {processor.py:654} INFO - DAG(s) dict_keys(['data_ingestion_localDB_dag']) retrieved from /opt/airflow/dags/data_ingestion_localDB_dag.py
[2022-01-26 21:00:03,406] {logging_mixin.py:109} INFO - [2022-01-26 21:00:03,406] {dag.py:2396} INFO - Sync 1 DAGs
[2022-01-26 21:00:03,425] {logging_mixin.py:109} INFO - [2022-01-26 21:00:03,424] {dag.py:2935} INFO - Setting next_dagrun for data_ingestion_localDB_dag to 2022-01-25T00:00:00+00:00
[2022-01-26 21:00:03,432] {processor.py:171} INFO - Processing /opt/airflow/dags/data_ingestion_localDB_dag.py took 0.077 seconds
[2022-01-26 21:00:33,553] {processor.py:163} INFO - Started process (PID=1090) to work on /opt/airflow/dags/data_ingestion_localDB_dag.py
[2022-01-26 21:00:33,554] {processor.py:642} INFO - Processing file /opt/airflow/dags/data_ingestion_localDB_dag.py for tasks to queue
[2022-01-26 21:00:33,555] {logging_mixin.py:109} INFO - [2022-01-26 21:00:33,555] {dagbag.py:500} INFO - Filling up the DagBag from /opt/airflow/dags/data_ingestion_localDB_dag.py
[2022-01-26 21:00:33,583] {processor.py:654} INFO - DAG(s) dict_keys(['data_ingestion_localDB_dag']) retrieved from /opt/airflow/dags/data_ingestion_localDB_dag.py
[2022-01-26 21:00:33,595] {logging_mixin.py:109} INFO - [2022-01-26 21:00:33,594] {dag.py:2396} INFO - Sync 1 DAGs
[2022-01-26 21:00:33,618] {logging_mixin.py:109} INFO - [2022-01-26 21:00:33,618] {dag.py:2935} INFO - Setting next_dagrun for data_ingestion_localDB_dag to 2022-01-25T00:00:00+00:00
[2022-01-26 21:00:33,631] {processor.py:171} INFO - Processing /opt/airflow/dags/data_ingestion_localDB_dag.py took 0.082 seconds
