[2022-01-27 16:47:23,904] {taskinstance.py:1032} INFO - Dependencies all met for <TaskInstance: LocalIngestionDag.wget scheduled__2021-06-02T06:00:00+00:00 [queued]>
[2022-01-27 16:47:23,930] {taskinstance.py:1032} INFO - Dependencies all met for <TaskInstance: LocalIngestionDag.wget scheduled__2021-06-02T06:00:00+00:00 [queued]>
[2022-01-27 16:47:23,931] {taskinstance.py:1238} INFO - 
--------------------------------------------------------------------------------
[2022-01-27 16:47:23,931] {taskinstance.py:1239} INFO - Starting attempt 1 of 1
[2022-01-27 16:47:23,931] {taskinstance.py:1240} INFO - 
--------------------------------------------------------------------------------
[2022-01-27 16:47:23,959] {taskinstance.py:1259} INFO - Executing <Task(BashOperator): wget> on 2021-06-02 06:00:00+00:00
[2022-01-27 16:47:23,968] {standard_task_runner.py:52} INFO - Started process 859 to run task
[2022-01-27 16:47:23,980] {standard_task_runner.py:76} INFO - Running: ['***', 'tasks', 'run', 'LocalIngestionDag', 'wget', 'scheduled__2021-06-02T06:00:00+00:00', '--job-id', '32', '--raw', '--subdir', 'DAGS_FOLDER/data_ingestion_local.py', '--cfg-path', '/tmp/tmphahtpyhp', '--error-file', '/tmp/tmpy4pp0o97']
[2022-01-27 16:47:23,980] {standard_task_runner.py:77} INFO - Job 32: Subtask wget
[2022-01-27 16:47:24,132] {logging_mixin.py:109} INFO - Running <TaskInstance: LocalIngestionDag.wget scheduled__2021-06-02T06:00:00+00:00 [running]> on host f18aba08ba75
[2022-01-27 16:47:24,344] {taskinstance.py:1426} INFO - Exporting the following env vars:
AIRFLOW_CTX_DAG_OWNER=***
AIRFLOW_CTX_DAG_ID=LocalIngestionDag
AIRFLOW_CTX_TASK_ID=wget
AIRFLOW_CTX_EXECUTION_DATE=2021-06-02T06:00:00+00:00
AIRFLOW_CTX_DAG_RUN_ID=scheduled__2021-06-02T06:00:00+00:00
[2022-01-27 16:47:24,345] {subprocess.py:62} INFO - Tmp dir root location: 
 /tmp
[2022-01-27 16:47:24,348] {subprocess.py:74} INFO - Running command: ['bash', '-c', 'echo "Hello World"']
[2022-01-27 16:47:24,371] {subprocess.py:85} INFO - Output:
[2022-01-27 16:47:24,375] {subprocess.py:89} INFO - Hello World
[2022-01-27 16:47:24,377] {subprocess.py:93} INFO - Command exited with return code 0
[2022-01-27 16:47:24,439] {taskinstance.py:1277} INFO - Marking task as SUCCESS. dag_id=LocalIngestionDag, task_id=wget, execution_date=20210602T060000, start_date=20220127T164723, end_date=20220127T164724
[2022-01-27 16:47:24,486] {local_task_job.py:154} INFO - Task exited with return code 0
[2022-01-27 16:47:24,651] {local_task_job.py:264} INFO - 0 downstream tasks scheduled from follow-on schedule check
[2022-01-27 18:58:58,522] {taskinstance.py:1032} INFO - Dependencies all met for <TaskInstance: LocalIngestionDag.wget scheduled__2021-06-02T06:00:00+00:00 [queued]>
[2022-01-27 18:58:58,554] {taskinstance.py:1032} INFO - Dependencies all met for <TaskInstance: LocalIngestionDag.wget scheduled__2021-06-02T06:00:00+00:00 [queued]>
[2022-01-27 18:58:58,554] {taskinstance.py:1238} INFO - 
--------------------------------------------------------------------------------
[2022-01-27 18:58:58,554] {taskinstance.py:1239} INFO - Starting attempt 1 of 1
[2022-01-27 18:58:58,554] {taskinstance.py:1240} INFO - 
--------------------------------------------------------------------------------
[2022-01-27 18:58:58,615] {taskinstance.py:1259} INFO - Executing <Task(BashOperator): wget> on 2021-06-02 06:00:00+00:00
[2022-01-27 18:58:58,626] {standard_task_runner.py:52} INFO - Started process 172 to run task
[2022-01-27 18:58:58,643] {standard_task_runner.py:76} INFO - Running: ['***', 'tasks', 'run', 'LocalIngestionDag', 'wget', 'scheduled__2021-06-02T06:00:00+00:00', '--job-id', '69', '--raw', '--subdir', 'DAGS_FOLDER/data_ingestion_local.py', '--cfg-path', '/tmp/tmpe0ua7ive', '--error-file', '/tmp/tmpc36zk9z1']
[2022-01-27 18:58:58,646] {standard_task_runner.py:77} INFO - Job 69: Subtask wget
[2022-01-27 18:58:58,786] {logging_mixin.py:109} INFO - Running <TaskInstance: LocalIngestionDag.wget scheduled__2021-06-02T06:00:00+00:00 [running]> on host 10aa7ffeb97f
[2022-01-27 18:58:58,879] {warnings.py:110} WARNING - /home/***/.local/lib/python3.7/site-packages/***/utils/context.py:152: AirflowContextDeprecationWarning: Accessing 'execution_date' from the template is deprecated and will be removed in a future version. Please use 'data_interval_start' or 'logical_date' instead.
  warnings.warn(_create_deprecation_warning(key, self._deprecation_replacements[key]))

[2022-01-27 18:58:58,940] {taskinstance.py:1426} INFO - Exporting the following env vars:
AIRFLOW_CTX_DAG_OWNER=***
AIRFLOW_CTX_DAG_ID=LocalIngestionDag
AIRFLOW_CTX_TASK_ID=wget
AIRFLOW_CTX_EXECUTION_DATE=2021-06-02T06:00:00+00:00
AIRFLOW_CTX_DAG_RUN_ID=scheduled__2021-06-02T06:00:00+00:00
[2022-01-27 18:58:58,941] {subprocess.py:62} INFO - Tmp dir root location: 
 /tmp
[2022-01-27 18:58:58,942] {subprocess.py:74} INFO - Running command: ['bash', '-c', 'curl -sSL https://s3.amazonaws.com/nyc-tlc/trip+data/yellow_tripdata_2021-06.csv > /opt/***/output_2021-06.csv']
[2022-01-27 18:58:58,972] {subprocess.py:85} INFO - Output:
[2022-01-27 19:00:11,451] {subprocess.py:93} INFO - Command exited with return code 0
[2022-01-27 19:00:11,492] {taskinstance.py:1277} INFO - Marking task as SUCCESS. dag_id=LocalIngestionDag, task_id=wget, execution_date=20210602T060000, start_date=20220127T185858, end_date=20220127T190011
[2022-01-27 19:00:11,536] {local_task_job.py:154} INFO - Task exited with return code 0
[2022-01-27 19:00:11,592] {local_task_job.py:264} INFO - 1 downstream tasks scheduled from follow-on schedule check
[2022-01-27 19:14:05,373] {taskinstance.py:1032} INFO - Dependencies all met for <TaskInstance: LocalIngestionDag.wget scheduled__2021-06-02T06:00:00+00:00 [queued]>
[2022-01-27 19:14:05,394] {taskinstance.py:1032} INFO - Dependencies all met for <TaskInstance: LocalIngestionDag.wget scheduled__2021-06-02T06:00:00+00:00 [queued]>
[2022-01-27 19:14:05,395] {taskinstance.py:1238} INFO - 
--------------------------------------------------------------------------------
[2022-01-27 19:14:05,395] {taskinstance.py:1239} INFO - Starting attempt 1 of 1
[2022-01-27 19:14:05,395] {taskinstance.py:1240} INFO - 
--------------------------------------------------------------------------------
[2022-01-27 19:14:05,420] {taskinstance.py:1259} INFO - Executing <Task(BashOperator): wget> on 2021-06-02 06:00:00+00:00
[2022-01-27 19:14:05,430] {standard_task_runner.py:52} INFO - Started process 173 to run task
[2022-01-27 19:14:05,436] {standard_task_runner.py:76} INFO - Running: ['***', 'tasks', 'run', 'LocalIngestionDag', 'wget', 'scheduled__2021-06-02T06:00:00+00:00', '--job-id', '97', '--raw', '--subdir', 'DAGS_FOLDER/data_ingestion_local.py', '--cfg-path', '/tmp/tmpp5_zw24_', '--error-file', '/tmp/tmpwbqll3rm']
[2022-01-27 19:14:05,437] {standard_task_runner.py:77} INFO - Job 97: Subtask wget
[2022-01-27 19:14:05,554] {logging_mixin.py:109} INFO - Running <TaskInstance: LocalIngestionDag.wget scheduled__2021-06-02T06:00:00+00:00 [running]> on host 9ee291f061ff
[2022-01-27 19:14:05,645] {warnings.py:110} WARNING - /home/***/.local/lib/python3.7/site-packages/***/utils/context.py:152: AirflowContextDeprecationWarning: Accessing 'execution_date' from the template is deprecated and will be removed in a future version. Please use 'data_interval_start' or 'logical_date' instead.
  warnings.warn(_create_deprecation_warning(key, self._deprecation_replacements[key]))

[2022-01-27 19:14:05,704] {taskinstance.py:1426} INFO - Exporting the following env vars:
AIRFLOW_CTX_DAG_OWNER=***
AIRFLOW_CTX_DAG_ID=LocalIngestionDag
AIRFLOW_CTX_TASK_ID=wget
AIRFLOW_CTX_EXECUTION_DATE=2021-06-02T06:00:00+00:00
AIRFLOW_CTX_DAG_RUN_ID=scheduled__2021-06-02T06:00:00+00:00
[2022-01-27 19:14:05,706] {subprocess.py:62} INFO - Tmp dir root location: 
 /tmp
[2022-01-27 19:14:05,707] {subprocess.py:74} INFO - Running command: ['bash', '-c', 'curl -sSL https://s3.amazonaws.com/nyc-tlc/trip+data/yellow_tripdata_2021-06.csv > /opt/***/output_2021-06.csv']
[2022-01-27 19:14:05,729] {subprocess.py:85} INFO - Output:
[2022-01-27 19:25:10,276] {subprocess.py:93} INFO - Command exited with return code 0
[2022-01-27 19:25:10,321] {taskinstance.py:1277} INFO - Marking task as SUCCESS. dag_id=LocalIngestionDag, task_id=wget, execution_date=20210602T060000, start_date=20220127T191405, end_date=20220127T192510
[2022-01-27 19:25:10,360] {local_task_job.py:154} INFO - Task exited with return code 0
[2022-01-27 19:25:10,410] {local_task_job.py:264} INFO - 1 downstream tasks scheduled from follow-on schedule check
