[2022-01-26 20:56:26,582] {taskinstance.py:1032} INFO - Dependencies all met for <TaskInstance: data_ingestion_gcs_dag.bigquery_external_table_task manual__2022-01-26T20:45:12.240015+00:00 [queued]>
[2022-01-26 20:56:26,598] {taskinstance.py:1032} INFO - Dependencies all met for <TaskInstance: data_ingestion_gcs_dag.bigquery_external_table_task manual__2022-01-26T20:45:12.240015+00:00 [queued]>
[2022-01-26 20:56:26,598] {taskinstance.py:1238} INFO - 
--------------------------------------------------------------------------------
[2022-01-26 20:56:26,599] {taskinstance.py:1239} INFO - Starting attempt 1 of 2
[2022-01-26 20:56:26,599] {taskinstance.py:1240} INFO - 
--------------------------------------------------------------------------------
[2022-01-26 20:56:26,613] {taskinstance.py:1259} INFO - Executing <Task(BigQueryCreateExternalTableOperator): bigquery_external_table_task> on 2022-01-26 20:45:12.240015+00:00
[2022-01-26 20:56:26,622] {standard_task_runner.py:52} INFO - Started process 636 to run task
[2022-01-26 20:56:26,628] {standard_task_runner.py:76} INFO - Running: ['***', 'tasks', 'run', 'data_ingestion_gcs_dag', 'bigquery_external_table_task', 'manual__2022-01-26T20:45:12.240015+00:00', '--job-id', '13', '--raw', '--subdir', 'DAGS_FOLDER/data_ingestion_gcs_dag.py', '--cfg-path', '/tmp/tmpcrxau0vk', '--error-file', '/tmp/tmplqtf7zq3']
[2022-01-26 20:56:26,630] {standard_task_runner.py:77} INFO - Job 13: Subtask bigquery_external_table_task
[2022-01-26 20:56:26,727] {logging_mixin.py:109} INFO - Running <TaskInstance: data_ingestion_gcs_dag.bigquery_external_table_task manual__2022-01-26T20:45:12.240015+00:00 [running]> on host f5466823bd98
[2022-01-26 20:56:26,808] {taskinstance.py:1426} INFO - Exporting the following env vars:
AIRFLOW_CTX_DAG_OWNER=***
AIRFLOW_CTX_DAG_ID=data_ingestion_gcs_dag
AIRFLOW_CTX_TASK_ID=bigquery_external_table_task
AIRFLOW_CTX_EXECUTION_DATE=2022-01-26T20:45:12.240015+00:00
AIRFLOW_CTX_DAG_RUN_ID=manual__2022-01-26T20:45:12.240015+00:00
[2022-01-26 20:56:26,811] {crypto.py:82} WARNING - empty cryptography key - values will not be stored encrypted.
[2022-01-26 20:56:28,518] {taskinstance.py:1277} INFO - Marking task as SUCCESS. dag_id=data_ingestion_gcs_dag, task_id=bigquery_external_table_task, execution_date=20220126T204512, start_date=20220126T205626, end_date=20220126T205628
[2022-01-26 20:56:28,564] {local_task_job.py:154} INFO - Task exited with return code 0
[2022-01-26 20:56:28,614] {local_task_job.py:264} INFO - 0 downstream tasks scheduled from follow-on schedule check
