[2022-01-26 20:55:16,550] {taskinstance.py:1032} INFO - Dependencies all met for <TaskInstance: data_ingestion_gcs_dag.local_to_gcs_task scheduled__2022-01-25T00:00:00+00:00 [queued]>
[2022-01-26 20:55:16,564] {taskinstance.py:1032} INFO - Dependencies all met for <TaskInstance: data_ingestion_gcs_dag.local_to_gcs_task scheduled__2022-01-25T00:00:00+00:00 [queued]>
[2022-01-26 20:55:16,564] {taskinstance.py:1238} INFO - 
--------------------------------------------------------------------------------
[2022-01-26 20:55:16,564] {taskinstance.py:1239} INFO - Starting attempt 2 of 2
[2022-01-26 20:55:16,564] {taskinstance.py:1240} INFO - 
--------------------------------------------------------------------------------
[2022-01-26 20:55:16,579] {taskinstance.py:1259} INFO - Executing <Task(PythonOperator): local_to_gcs_task> on 2022-01-25 00:00:00+00:00
[2022-01-26 20:55:16,586] {standard_task_runner.py:52} INFO - Started process 563 to run task
[2022-01-26 20:55:16,591] {standard_task_runner.py:76} INFO - Running: ['***', 'tasks', 'run', 'data_ingestion_gcs_dag', 'local_to_gcs_task', 'scheduled__2022-01-25T00:00:00+00:00', '--job-id', '8', '--raw', '--subdir', 'DAGS_FOLDER/data_ingestion_gcs_dag.py', '--cfg-path', '/tmp/tmpvomjk14h', '--error-file', '/tmp/tmpk889d0c3']
[2022-01-26 20:55:16,593] {standard_task_runner.py:77} INFO - Job 8: Subtask local_to_gcs_task
[2022-01-26 20:55:16,667] {logging_mixin.py:109} INFO - Running <TaskInstance: data_ingestion_gcs_dag.local_to_gcs_task scheduled__2022-01-25T00:00:00+00:00 [running]> on host f5466823bd98
[2022-01-26 20:55:16,741] {taskinstance.py:1426} INFO - Exporting the following env vars:
AIRFLOW_CTX_DAG_OWNER=***
AIRFLOW_CTX_DAG_ID=data_ingestion_gcs_dag
AIRFLOW_CTX_TASK_ID=local_to_gcs_task
AIRFLOW_CTX_EXECUTION_DATE=2022-01-25T00:00:00+00:00
AIRFLOW_CTX_DAG_RUN_ID=scheduled__2022-01-25T00:00:00+00:00
[2022-01-26 20:55:38,445] {python.py:175} INFO - Done. Returned value was: None
[2022-01-26 20:55:38,462] {taskinstance.py:1277} INFO - Marking task as SUCCESS. dag_id=data_ingestion_gcs_dag, task_id=local_to_gcs_task, execution_date=20220125T000000, start_date=20220126T205516, end_date=20220126T205538
[2022-01-26 20:55:38,498] {local_task_job.py:154} INFO - Task exited with return code 0
[2022-01-26 20:55:38,562] {local_task_job.py:264} INFO - 1 downstream tasks scheduled from follow-on schedule check
