[2022-01-26 20:56:43,109] {taskinstance.py:1032} INFO - Dependencies all met for <TaskInstance: data_ingestion_gcs_dag.format_to_parquet_task manual__2022-01-26T20:55:14.911439+00:00 [queued]>
[2022-01-26 20:56:43,122] {taskinstance.py:1032} INFO - Dependencies all met for <TaskInstance: data_ingestion_gcs_dag.format_to_parquet_task manual__2022-01-26T20:55:14.911439+00:00 [queued]>
[2022-01-26 20:56:43,122] {taskinstance.py:1238} INFO - 
--------------------------------------------------------------------------------
[2022-01-26 20:56:43,122] {taskinstance.py:1239} INFO - Starting attempt 1 of 2
[2022-01-26 20:56:43,123] {taskinstance.py:1240} INFO - 
--------------------------------------------------------------------------------
[2022-01-26 20:56:43,136] {taskinstance.py:1259} INFO - Executing <Task(PythonOperator): format_to_parquet_task> on 2022-01-26 20:55:14.911439+00:00
[2022-01-26 20:56:43,144] {standard_task_runner.py:52} INFO - Started process 655 to run task
[2022-01-26 20:56:43,148] {standard_task_runner.py:76} INFO - Running: ['***', 'tasks', 'run', 'data_ingestion_gcs_dag', 'format_to_parquet_task', 'manual__2022-01-26T20:55:14.911439+00:00', '--job-id', '15', '--raw', '--subdir', 'DAGS_FOLDER/data_ingestion_gcs_dag.py', '--cfg-path', '/tmp/tmpkgjys2wr', '--error-file', '/tmp/tmp90c_wu_7']
[2022-01-26 20:56:43,149] {standard_task_runner.py:77} INFO - Job 15: Subtask format_to_parquet_task
[2022-01-26 20:56:43,250] {logging_mixin.py:109} INFO - Running <TaskInstance: data_ingestion_gcs_dag.format_to_parquet_task manual__2022-01-26T20:55:14.911439+00:00 [running]> on host f5466823bd98
[2022-01-26 20:56:43,352] {taskinstance.py:1426} INFO - Exporting the following env vars:
AIRFLOW_CTX_DAG_OWNER=***
AIRFLOW_CTX_DAG_ID=data_ingestion_gcs_dag
AIRFLOW_CTX_TASK_ID=format_to_parquet_task
AIRFLOW_CTX_EXECUTION_DATE=2022-01-26T20:55:14.911439+00:00
AIRFLOW_CTX_DAG_RUN_ID=manual__2022-01-26T20:55:14.911439+00:00
[2022-01-26 20:56:45,054] {python.py:175} INFO - Done. Returned value was: None
[2022-01-26 20:56:45,076] {taskinstance.py:1277} INFO - Marking task as SUCCESS. dag_id=data_ingestion_gcs_dag, task_id=format_to_parquet_task, execution_date=20220126T205514, start_date=20220126T205643, end_date=20220126T205645
[2022-01-26 20:56:45,191] {local_task_job.py:154} INFO - Task exited with return code 0
[2022-01-26 20:56:45,272] {local_task_job.py:264} INFO - 0 downstream tasks scheduled from follow-on schedule check
