[2022-01-26 20:56:02,860] {taskinstance.py:1032} INFO - Dependencies all met for <TaskInstance: data_ingestion_gcs_dag.local_to_gcs_task manual__2022-01-26T20:45:12.240015+00:00 [queued]>
[2022-01-26 20:56:02,872] {taskinstance.py:1032} INFO - Dependencies all met for <TaskInstance: data_ingestion_gcs_dag.local_to_gcs_task manual__2022-01-26T20:45:12.240015+00:00 [queued]>
[2022-01-26 20:56:02,872] {taskinstance.py:1238} INFO - 
--------------------------------------------------------------------------------
[2022-01-26 20:56:02,872] {taskinstance.py:1239} INFO - Starting attempt 1 of 2
[2022-01-26 20:56:02,872] {taskinstance.py:1240} INFO - 
--------------------------------------------------------------------------------
[2022-01-26 20:56:02,886] {taskinstance.py:1259} INFO - Executing <Task(PythonOperator): local_to_gcs_task> on 2022-01-26 20:45:12.240015+00:00
[2022-01-26 20:56:02,893] {standard_task_runner.py:52} INFO - Started process 615 to run task
[2022-01-26 20:56:02,897] {standard_task_runner.py:76} INFO - Running: ['***', 'tasks', 'run', 'data_ingestion_gcs_dag', 'local_to_gcs_task', 'manual__2022-01-26T20:45:12.240015+00:00', '--job-id', '12', '--raw', '--subdir', 'DAGS_FOLDER/data_ingestion_gcs_dag.py', '--cfg-path', '/tmp/tmp4mcx1uhf', '--error-file', '/tmp/tmpeqp2p0b6']
[2022-01-26 20:56:02,899] {standard_task_runner.py:77} INFO - Job 12: Subtask local_to_gcs_task
[2022-01-26 20:56:02,969] {logging_mixin.py:109} INFO - Running <TaskInstance: data_ingestion_gcs_dag.local_to_gcs_task manual__2022-01-26T20:45:12.240015+00:00 [running]> on host f5466823bd98
[2022-01-26 20:56:03,042] {taskinstance.py:1426} INFO - Exporting the following env vars:
AIRFLOW_CTX_DAG_OWNER=***
AIRFLOW_CTX_DAG_ID=data_ingestion_gcs_dag
AIRFLOW_CTX_TASK_ID=local_to_gcs_task
AIRFLOW_CTX_EXECUTION_DATE=2022-01-26T20:45:12.240015+00:00
AIRFLOW_CTX_DAG_RUN_ID=manual__2022-01-26T20:45:12.240015+00:00
[2022-01-26 20:56:25,225] {python.py:175} INFO - Done. Returned value was: None
[2022-01-26 20:56:25,243] {taskinstance.py:1277} INFO - Marking task as SUCCESS. dag_id=data_ingestion_gcs_dag, task_id=local_to_gcs_task, execution_date=20220126T204512, start_date=20220126T205602, end_date=20220126T205625
[2022-01-26 20:56:25,304] {local_task_job.py:154} INFO - Task exited with return code 0
[2022-01-26 20:56:25,363] {local_task_job.py:264} INFO - 1 downstream tasks scheduled from follow-on schedule check
