[2022-01-27 16:47:29,802] {taskinstance.py:1032} INFO - Dependencies all met for <TaskInstance: LocalIngestionDag.wget scheduled__2021-10-02T06:00:00+00:00 [queued]>
[2022-01-27 16:47:29,825] {taskinstance.py:1032} INFO - Dependencies all met for <TaskInstance: LocalIngestionDag.wget scheduled__2021-10-02T06:00:00+00:00 [queued]>
[2022-01-27 16:47:29,826] {taskinstance.py:1238} INFO - 
--------------------------------------------------------------------------------
[2022-01-27 16:47:29,826] {taskinstance.py:1239} INFO - Starting attempt 1 of 1
[2022-01-27 16:47:29,826] {taskinstance.py:1240} INFO - 
--------------------------------------------------------------------------------
[2022-01-27 16:47:29,854] {taskinstance.py:1259} INFO - Executing <Task(BashOperator): wget> on 2021-10-02 06:00:00+00:00
[2022-01-27 16:47:29,862] {standard_task_runner.py:52} INFO - Started process 890 to run task
[2022-01-27 16:47:29,867] {standard_task_runner.py:76} INFO - Running: ['***', 'tasks', 'run', 'LocalIngestionDag', 'wget', 'scheduled__2021-10-02T06:00:00+00:00', '--job-id', '41', '--raw', '--subdir', 'DAGS_FOLDER/data_ingestion_local.py', '--cfg-path', '/tmp/tmp_837d45r', '--error-file', '/tmp/tmpmkyyqhwb']
[2022-01-27 16:47:29,868] {standard_task_runner.py:77} INFO - Job 41: Subtask wget
[2022-01-27 16:47:30,044] {logging_mixin.py:109} INFO - Running <TaskInstance: LocalIngestionDag.wget scheduled__2021-10-02T06:00:00+00:00 [running]> on host f18aba08ba75
[2022-01-27 16:47:30,183] {taskinstance.py:1426} INFO - Exporting the following env vars:
AIRFLOW_CTX_DAG_OWNER=***
AIRFLOW_CTX_DAG_ID=LocalIngestionDag
AIRFLOW_CTX_TASK_ID=wget
AIRFLOW_CTX_EXECUTION_DATE=2021-10-02T06:00:00+00:00
AIRFLOW_CTX_DAG_RUN_ID=scheduled__2021-10-02T06:00:00+00:00
[2022-01-27 16:47:30,184] {subprocess.py:62} INFO - Tmp dir root location: 
 /tmp
[2022-01-27 16:47:30,190] {subprocess.py:74} INFO - Running command: ['bash', '-c', 'echo "Hello World"']
[2022-01-27 16:47:30,223] {subprocess.py:85} INFO - Output:
[2022-01-27 16:47:30,227] {subprocess.py:89} INFO - Hello World
[2022-01-27 16:47:30,228] {subprocess.py:93} INFO - Command exited with return code 0
[2022-01-27 16:47:30,296] {taskinstance.py:1277} INFO - Marking task as SUCCESS. dag_id=LocalIngestionDag, task_id=wget, execution_date=20211002T060000, start_date=20220127T164729, end_date=20220127T164730
[2022-01-27 16:47:30,366] {local_task_job.py:154} INFO - Task exited with return code 0
[2022-01-27 16:47:30,454] {local_task_job.py:264} INFO - 1 downstream tasks scheduled from follow-on schedule check
[2022-01-27 18:59:01,092] {taskinstance.py:1032} INFO - Dependencies all met for <TaskInstance: LocalIngestionDag.wget scheduled__2021-10-02T06:00:00+00:00 [queued]>
[2022-01-27 18:59:01,126] {taskinstance.py:1032} INFO - Dependencies all met for <TaskInstance: LocalIngestionDag.wget scheduled__2021-10-02T06:00:00+00:00 [queued]>
[2022-01-27 18:59:01,126] {taskinstance.py:1238} INFO - 
--------------------------------------------------------------------------------
[2022-01-27 18:59:01,127] {taskinstance.py:1239} INFO - Starting attempt 1 of 1
[2022-01-27 18:59:01,127] {taskinstance.py:1240} INFO - 
--------------------------------------------------------------------------------
[2022-01-27 18:59:01,166] {taskinstance.py:1259} INFO - Executing <Task(BashOperator): wget> on 2021-10-02 06:00:00+00:00
[2022-01-27 18:59:01,177] {standard_task_runner.py:52} INFO - Started process 195 to run task
[2022-01-27 18:59:01,190] {standard_task_runner.py:76} INFO - Running: ['***', 'tasks', 'run', 'LocalIngestionDag', 'wget', 'scheduled__2021-10-02T06:00:00+00:00', '--job-id', '73', '--raw', '--subdir', 'DAGS_FOLDER/data_ingestion_local.py', '--cfg-path', '/tmp/tmpav4qcio3', '--error-file', '/tmp/tmp24dfrz0f']
[2022-01-27 18:59:01,192] {standard_task_runner.py:77} INFO - Job 73: Subtask wget
[2022-01-27 18:59:01,527] {logging_mixin.py:109} INFO - Running <TaskInstance: LocalIngestionDag.wget scheduled__2021-10-02T06:00:00+00:00 [running]> on host 10aa7ffeb97f
[2022-01-27 18:59:01,692] {warnings.py:110} WARNING - /home/***/.local/lib/python3.7/site-packages/***/utils/context.py:152: AirflowContextDeprecationWarning: Accessing 'execution_date' from the template is deprecated and will be removed in a future version. Please use 'data_interval_start' or 'logical_date' instead.
  warnings.warn(_create_deprecation_warning(key, self._deprecation_replacements[key]))

[2022-01-27 18:59:01,755] {taskinstance.py:1426} INFO - Exporting the following env vars:
AIRFLOW_CTX_DAG_OWNER=***
AIRFLOW_CTX_DAG_ID=LocalIngestionDag
AIRFLOW_CTX_TASK_ID=wget
AIRFLOW_CTX_EXECUTION_DATE=2021-10-02T06:00:00+00:00
AIRFLOW_CTX_DAG_RUN_ID=scheduled__2021-10-02T06:00:00+00:00
[2022-01-27 18:59:01,757] {subprocess.py:62} INFO - Tmp dir root location: 
 /tmp
[2022-01-27 18:59:01,758] {subprocess.py:74} INFO - Running command: ['bash', '-c', 'curl -sSL https://s3.amazonaws.com/nyc-tlc/trip+data/yellow_tripdata_2021-10.csv > /opt/***/output_2021-10.csv']
[2022-01-27 18:59:01,787] {subprocess.py:85} INFO - Output:
[2022-01-27 18:59:02,768] {subprocess.py:93} INFO - Command exited with return code 0
[2022-01-27 18:59:03,023] {taskinstance.py:1277} INFO - Marking task as SUCCESS. dag_id=LocalIngestionDag, task_id=wget, execution_date=20211002T060000, start_date=20220127T185901, end_date=20220127T185903
[2022-01-27 18:59:03,122] {local_task_job.py:154} INFO - Task exited with return code 0
[2022-01-27 18:59:03,239] {local_task_job.py:264} INFO - 1 downstream tasks scheduled from follow-on schedule check
[2022-01-27 19:14:08,776] {taskinstance.py:1032} INFO - Dependencies all met for <TaskInstance: LocalIngestionDag.wget scheduled__2021-10-02T06:00:00+00:00 [queued]>
[2022-01-27 19:14:08,827] {taskinstance.py:1032} INFO - Dependencies all met for <TaskInstance: LocalIngestionDag.wget scheduled__2021-10-02T06:00:00+00:00 [queued]>
[2022-01-27 19:14:08,827] {taskinstance.py:1238} INFO - 
--------------------------------------------------------------------------------
[2022-01-27 19:14:08,827] {taskinstance.py:1239} INFO - Starting attempt 1 of 1
[2022-01-27 19:14:08,828] {taskinstance.py:1240} INFO - 
--------------------------------------------------------------------------------
[2022-01-27 19:14:08,883] {taskinstance.py:1259} INFO - Executing <Task(BashOperator): wget> on 2021-10-02 06:00:00+00:00
[2022-01-27 19:14:08,895] {standard_task_runner.py:52} INFO - Started process 200 to run task
[2022-01-27 19:14:08,906] {standard_task_runner.py:76} INFO - Running: ['***', 'tasks', 'run', 'LocalIngestionDag', 'wget', 'scheduled__2021-10-02T06:00:00+00:00', '--job-id', '102', '--raw', '--subdir', 'DAGS_FOLDER/data_ingestion_local.py', '--cfg-path', '/tmp/tmpb5o4p73h', '--error-file', '/tmp/tmpratasa0o']
[2022-01-27 19:14:08,907] {standard_task_runner.py:77} INFO - Job 102: Subtask wget
[2022-01-27 19:14:09,218] {logging_mixin.py:109} INFO - Running <TaskInstance: LocalIngestionDag.wget scheduled__2021-10-02T06:00:00+00:00 [running]> on host 9ee291f061ff
[2022-01-27 19:14:09,399] {warnings.py:110} WARNING - /home/***/.local/lib/python3.7/site-packages/***/utils/context.py:152: AirflowContextDeprecationWarning: Accessing 'execution_date' from the template is deprecated and will be removed in a future version. Please use 'data_interval_start' or 'logical_date' instead.
  warnings.warn(_create_deprecation_warning(key, self._deprecation_replacements[key]))

[2022-01-27 19:14:09,479] {taskinstance.py:1426} INFO - Exporting the following env vars:
AIRFLOW_CTX_DAG_OWNER=***
AIRFLOW_CTX_DAG_ID=LocalIngestionDag
AIRFLOW_CTX_TASK_ID=wget
AIRFLOW_CTX_EXECUTION_DATE=2021-10-02T06:00:00+00:00
AIRFLOW_CTX_DAG_RUN_ID=scheduled__2021-10-02T06:00:00+00:00
[2022-01-27 19:14:09,481] {subprocess.py:62} INFO - Tmp dir root location: 
 /tmp
[2022-01-27 19:14:09,482] {subprocess.py:74} INFO - Running command: ['bash', '-c', 'curl -sSL https://s3.amazonaws.com/nyc-tlc/trip+data/yellow_tripdata_2021-10.csv > /opt/***/output_2021-10.csv']
[2022-01-27 19:14:09,568] {subprocess.py:85} INFO - Output:
[2022-01-27 19:14:10,089] {subprocess.py:93} INFO - Command exited with return code 0
[2022-01-27 19:14:10,216] {taskinstance.py:1277} INFO - Marking task as SUCCESS. dag_id=LocalIngestionDag, task_id=wget, execution_date=20211002T060000, start_date=20220127T191408, end_date=20220127T191410
[2022-01-27 19:14:10,368] {local_task_job.py:154} INFO - Task exited with return code 0
[2022-01-27 19:14:11,158] {local_task_job.py:264} INFO - 0 downstream tasks scheduled from follow-on schedule check
