[2022-01-26 20:56:46,447] {taskinstance.py:1032} INFO - Dependencies all met for <TaskInstance: data_ingestion_gcs_dag.local_to_gcs_task manual__2022-01-26T20:55:14.911439+00:00 [queued]>
[2022-01-26 20:56:46,469] {taskinstance.py:1032} INFO - Dependencies all met for <TaskInstance: data_ingestion_gcs_dag.local_to_gcs_task manual__2022-01-26T20:55:14.911439+00:00 [queued]>
[2022-01-26 20:56:46,469] {taskinstance.py:1238} INFO - 
--------------------------------------------------------------------------------
[2022-01-26 20:56:46,469] {taskinstance.py:1239} INFO - Starting attempt 1 of 2
[2022-01-26 20:56:46,469] {taskinstance.py:1240} INFO - 
--------------------------------------------------------------------------------
[2022-01-26 20:56:46,492] {taskinstance.py:1259} INFO - Executing <Task(PythonOperator): local_to_gcs_task> on 2022-01-26 20:55:14.911439+00:00
[2022-01-26 20:56:46,500] {standard_task_runner.py:52} INFO - Started process 679 to run task
[2022-01-26 20:56:46,504] {standard_task_runner.py:76} INFO - Running: ['***', 'tasks', 'run', 'data_ingestion_gcs_dag', 'local_to_gcs_task', 'manual__2022-01-26T20:55:14.911439+00:00', '--job-id', '16', '--raw', '--subdir', 'DAGS_FOLDER/data_ingestion_gcs_dag.py', '--cfg-path', '/tmp/tmprn9zkvyc', '--error-file', '/tmp/tmpemc9_pv_']
[2022-01-26 20:56:46,506] {standard_task_runner.py:77} INFO - Job 16: Subtask local_to_gcs_task
[2022-01-26 20:56:46,602] {logging_mixin.py:109} INFO - Running <TaskInstance: data_ingestion_gcs_dag.local_to_gcs_task manual__2022-01-26T20:55:14.911439+00:00 [running]> on host f5466823bd98
[2022-01-26 20:56:46,713] {taskinstance.py:1426} INFO - Exporting the following env vars:
AIRFLOW_CTX_DAG_OWNER=***
AIRFLOW_CTX_DAG_ID=data_ingestion_gcs_dag
AIRFLOW_CTX_TASK_ID=local_to_gcs_task
AIRFLOW_CTX_EXECUTION_DATE=2022-01-26T20:55:14.911439+00:00
AIRFLOW_CTX_DAG_RUN_ID=manual__2022-01-26T20:55:14.911439+00:00
[2022-01-26 20:57:07,965] {python.py:175} INFO - Done. Returned value was: None
[2022-01-26 20:57:07,987] {taskinstance.py:1277} INFO - Marking task as SUCCESS. dag_id=data_ingestion_gcs_dag, task_id=local_to_gcs_task, execution_date=20220126T205514, start_date=20220126T205646, end_date=20220126T205707
[2022-01-26 20:57:08,051] {local_task_job.py:154} INFO - Task exited with return code 0
[2022-01-26 20:57:08,100] {local_task_job.py:264} INFO - 0 downstream tasks scheduled from follow-on schedule check
