[2022-01-27 16:47:22,716] {taskinstance.py:1032} INFO - Dependencies all met for <TaskInstance: LocalIngestionDag.wget scheduled__2021-03-02T06:00:00+00:00 [queued]>
[2022-01-27 16:47:22,761] {taskinstance.py:1032} INFO - Dependencies all met for <TaskInstance: LocalIngestionDag.wget scheduled__2021-03-02T06:00:00+00:00 [queued]>
[2022-01-27 16:47:22,761] {taskinstance.py:1238} INFO - 
--------------------------------------------------------------------------------
[2022-01-27 16:47:22,761] {taskinstance.py:1239} INFO - Starting attempt 1 of 1
[2022-01-27 16:47:22,771] {taskinstance.py:1240} INFO - 
--------------------------------------------------------------------------------
[2022-01-27 16:47:22,804] {taskinstance.py:1259} INFO - Executing <Task(BashOperator): wget> on 2021-03-02 06:00:00+00:00
[2022-01-27 16:47:22,815] {standard_task_runner.py:52} INFO - Started process 847 to run task
[2022-01-27 16:47:22,821] {standard_task_runner.py:76} INFO - Running: ['***', 'tasks', 'run', 'LocalIngestionDag', 'wget', 'scheduled__2021-03-02T06:00:00+00:00', '--job-id', '27', '--raw', '--subdir', 'DAGS_FOLDER/data_ingestion_local.py', '--cfg-path', '/tmp/tmph_e0gkmw', '--error-file', '/tmp/tmpqdqv5n1a']
[2022-01-27 16:47:22,821] {standard_task_runner.py:77} INFO - Job 27: Subtask wget
[2022-01-27 16:47:22,975] {logging_mixin.py:109} INFO - Running <TaskInstance: LocalIngestionDag.wget scheduled__2021-03-02T06:00:00+00:00 [running]> on host f18aba08ba75
[2022-01-27 16:47:23,149] {taskinstance.py:1426} INFO - Exporting the following env vars:
AIRFLOW_CTX_DAG_OWNER=***
AIRFLOW_CTX_DAG_ID=LocalIngestionDag
AIRFLOW_CTX_TASK_ID=wget
AIRFLOW_CTX_EXECUTION_DATE=2021-03-02T06:00:00+00:00
AIRFLOW_CTX_DAG_RUN_ID=scheduled__2021-03-02T06:00:00+00:00
[2022-01-27 16:47:23,152] {subprocess.py:62} INFO - Tmp dir root location: 
 /tmp
[2022-01-27 16:47:23,154] {subprocess.py:74} INFO - Running command: ['bash', '-c', 'echo "Hello World"']
[2022-01-27 16:47:23,175] {subprocess.py:85} INFO - Output:
[2022-01-27 16:47:23,178] {subprocess.py:89} INFO - Hello World
[2022-01-27 16:47:23,178] {subprocess.py:93} INFO - Command exited with return code 0
[2022-01-27 16:47:23,241] {taskinstance.py:1277} INFO - Marking task as SUCCESS. dag_id=LocalIngestionDag, task_id=wget, execution_date=20210302T060000, start_date=20220127T164722, end_date=20220127T164723
[2022-01-27 16:47:23,338] {local_task_job.py:154} INFO - Task exited with return code 0
[2022-01-27 16:47:23,438] {local_task_job.py:264} INFO - 1 downstream tasks scheduled from follow-on schedule check
[2022-01-27 18:58:57,448] {taskinstance.py:1032} INFO - Dependencies all met for <TaskInstance: LocalIngestionDag.wget scheduled__2021-03-02T06:00:00+00:00 [queued]>
[2022-01-27 18:58:57,491] {taskinstance.py:1032} INFO - Dependencies all met for <TaskInstance: LocalIngestionDag.wget scheduled__2021-03-02T06:00:00+00:00 [queued]>
[2022-01-27 18:58:57,492] {taskinstance.py:1238} INFO - 
--------------------------------------------------------------------------------
[2022-01-27 18:58:57,492] {taskinstance.py:1239} INFO - Starting attempt 1 of 1
[2022-01-27 18:58:57,492] {taskinstance.py:1240} INFO - 
--------------------------------------------------------------------------------
[2022-01-27 18:58:57,543] {taskinstance.py:1259} INFO - Executing <Task(BashOperator): wget> on 2021-03-02 06:00:00+00:00
[2022-01-27 18:58:57,552] {standard_task_runner.py:52} INFO - Started process 149 to run task
[2022-01-27 18:58:57,585] {standard_task_runner.py:76} INFO - Running: ['***', 'tasks', 'run', 'LocalIngestionDag', 'wget', 'scheduled__2021-03-02T06:00:00+00:00', '--job-id', '65', '--raw', '--subdir', 'DAGS_FOLDER/data_ingestion_local.py', '--cfg-path', '/tmp/tmpf2e3n_ud', '--error-file', '/tmp/tmpxr6s5ts6']
[2022-01-27 18:58:57,589] {standard_task_runner.py:77} INFO - Job 65: Subtask wget
[2022-01-27 18:58:57,812] {logging_mixin.py:109} INFO - Running <TaskInstance: LocalIngestionDag.wget scheduled__2021-03-02T06:00:00+00:00 [running]> on host 10aa7ffeb97f
[2022-01-27 18:58:57,987] {warnings.py:110} WARNING - /home/***/.local/lib/python3.7/site-packages/***/utils/context.py:152: AirflowContextDeprecationWarning: Accessing 'execution_date' from the template is deprecated and will be removed in a future version. Please use 'data_interval_start' or 'logical_date' instead.
  warnings.warn(_create_deprecation_warning(key, self._deprecation_replacements[key]))

[2022-01-27 18:58:58,107] {taskinstance.py:1426} INFO - Exporting the following env vars:
AIRFLOW_CTX_DAG_OWNER=***
AIRFLOW_CTX_DAG_ID=LocalIngestionDag
AIRFLOW_CTX_TASK_ID=wget
AIRFLOW_CTX_EXECUTION_DATE=2021-03-02T06:00:00+00:00
AIRFLOW_CTX_DAG_RUN_ID=scheduled__2021-03-02T06:00:00+00:00
[2022-01-27 18:58:58,114] {subprocess.py:62} INFO - Tmp dir root location: 
 /tmp
[2022-01-27 18:58:58,116] {subprocess.py:74} INFO - Running command: ['bash', '-c', 'curl -sSL https://s3.amazonaws.com/nyc-tlc/trip+data/yellow_tripdata_2021-03.csv > /opt/***/output_2021-03.csv']
[2022-01-27 18:58:58,160] {subprocess.py:85} INFO - Output:
[2022-01-27 19:00:49,498] {subprocess.py:93} INFO - Command exited with return code 0
[2022-01-27 19:00:49,544] {taskinstance.py:1277} INFO - Marking task as SUCCESS. dag_id=LocalIngestionDag, task_id=wget, execution_date=20210302T060000, start_date=20220127T185857, end_date=20220127T190049
[2022-01-27 19:00:49,577] {local_task_job.py:212} WARNING - State of this instance has been externally set to success. Terminating instance.
[2022-01-27 19:00:49,581] {process_utils.py:124} INFO - Sending Signals.SIGTERM to group 149. PIDs of all processes in the group: [149]
[2022-01-27 19:00:49,581] {process_utils.py:75} INFO - Sending the signal Signals.SIGTERM to group 149
[2022-01-27 19:00:49,581] {process_utils.py:70} INFO - Process psutil.Process(pid=149, status='terminated', exitcode=0, started='18:58:57') (149) terminated with exit code 0
[2022-01-27 19:14:03,909] {taskinstance.py:1032} INFO - Dependencies all met for <TaskInstance: LocalIngestionDag.wget scheduled__2021-03-02T06:00:00+00:00 [queued]>
[2022-01-27 19:14:03,953] {taskinstance.py:1032} INFO - Dependencies all met for <TaskInstance: LocalIngestionDag.wget scheduled__2021-03-02T06:00:00+00:00 [queued]>
[2022-01-27 19:14:03,953] {taskinstance.py:1238} INFO - 
--------------------------------------------------------------------------------
[2022-01-27 19:14:03,953] {taskinstance.py:1239} INFO - Starting attempt 1 of 1
[2022-01-27 19:14:03,953] {taskinstance.py:1240} INFO - 
--------------------------------------------------------------------------------
[2022-01-27 19:14:04,007] {taskinstance.py:1259} INFO - Executing <Task(BashOperator): wget> on 2021-03-02 06:00:00+00:00
[2022-01-27 19:14:04,055] {standard_task_runner.py:52} INFO - Started process 146 to run task
[2022-01-27 19:14:04,088] {standard_task_runner.py:76} INFO - Running: ['***', 'tasks', 'run', 'LocalIngestionDag', 'wget', 'scheduled__2021-03-02T06:00:00+00:00', '--job-id', '91', '--raw', '--subdir', 'DAGS_FOLDER/data_ingestion_local.py', '--cfg-path', '/tmp/tmpgf19856c', '--error-file', '/tmp/tmp492ek30m']
[2022-01-27 19:14:04,089] {standard_task_runner.py:77} INFO - Job 91: Subtask wget
[2022-01-27 19:14:04,294] {logging_mixin.py:109} INFO - Running <TaskInstance: LocalIngestionDag.wget scheduled__2021-03-02T06:00:00+00:00 [running]> on host 9ee291f061ff
[2022-01-27 19:14:04,439] {warnings.py:110} WARNING - /home/***/.local/lib/python3.7/site-packages/***/utils/context.py:152: AirflowContextDeprecationWarning: Accessing 'execution_date' from the template is deprecated and will be removed in a future version. Please use 'data_interval_start' or 'logical_date' instead.
  warnings.warn(_create_deprecation_warning(key, self._deprecation_replacements[key]))

[2022-01-27 19:14:04,512] {taskinstance.py:1426} INFO - Exporting the following env vars:
AIRFLOW_CTX_DAG_OWNER=***
AIRFLOW_CTX_DAG_ID=LocalIngestionDag
AIRFLOW_CTX_TASK_ID=wget
AIRFLOW_CTX_EXECUTION_DATE=2021-03-02T06:00:00+00:00
AIRFLOW_CTX_DAG_RUN_ID=scheduled__2021-03-02T06:00:00+00:00
[2022-01-27 19:14:04,517] {subprocess.py:62} INFO - Tmp dir root location: 
 /tmp
[2022-01-27 19:14:04,518] {subprocess.py:74} INFO - Running command: ['bash', '-c', 'curl -sSL https://s3.amazonaws.com/nyc-tlc/trip+data/yellow_tripdata_2021-03.csv > /opt/***/output_2021-03.csv']
[2022-01-27 19:14:04,582] {subprocess.py:85} INFO - Output:
[2022-01-27 19:21:27,249] {subprocess.py:93} INFO - Command exited with return code 0
[2022-01-27 19:21:27,319] {taskinstance.py:1277} INFO - Marking task as SUCCESS. dag_id=LocalIngestionDag, task_id=wget, execution_date=20210302T060000, start_date=20220127T191403, end_date=20220127T192127
[2022-01-27 19:21:27,369] {local_task_job.py:154} INFO - Task exited with return code 0
[2022-01-27 19:21:27,420] {local_task_job.py:264} INFO - 1 downstream tasks scheduled from follow-on schedule check
